{"/home/embeddedsaugat/Documents/Projects/QMS/SourceCode/LocalServer/src/Entities/UserCore/Operator.ts": {"path":"/home/embeddedsaugat/Documents/Projects/QMS/SourceCode/LocalServer/src/Entities/UserCore/Operator.ts","statementMap":{"0":{"start":{"line":1,"column":0},"end":{"line":1,"column":26}},"1":{"start":{"line":7,"column":4},"end":{"line":7,"column":16}},"2":{"start":{"line":11,"column":4},"end":{"line":11,"column":null}},"3":{"start":{"line":15,"column":4},"end":{"line":15,"column":38}},"4":{"start":{"line":4,"column":0},"end":{"line":4,"column":21}}},"fnMap":{"0":{"name":"(anonymous_1)","decl":{"start":{"line":6,"column":2},"end":{"line":6,"column":14}},"loc":{"start":{"line":6,"column":28},"end":{"line":8,"column":3}}},"1":{"name":"(anonymous_2)","decl":{"start":{"line":10,"column":9},"end":{"line":10,"column":19}},"loc":{"start":{"line":10,"column":35},"end":{"line":12,"column":3}}},"2":{"name":"(anonymous_3)","decl":{"start":{"line":14,"column":9},"end":{"line":14,"column":19}},"loc":{"start":{"line":14,"column":19},"end":{"line":16,"column":3}}}},"branchMap":{},"s":{"0":9,"1":139,"2":2,"3":1,"4":9},"f":{"0":139,"1":2,"2":1},"b":{}}
,"/home/embeddedsaugat/Documents/Projects/QMS/SourceCode/LocalServer/src/Entities/UserCore/User.ts": {"path":"/home/embeddedsaugat/Documents/Projects/QMS/SourceCode/LocalServer/src/Entities/UserCore/User.ts","statementMap":{"0":{"start":{"line":12,"column":22},"end":{"line":12,"column":41}},"1":{"start":{"line":15,"column":4},"end":{"line":15,"column":26}},"2":{"start":{"line":19,"column":4},"end":{"line":19,"column":30}},"3":{"start":{"line":11,"column":0},"end":{"line":11,"column":21}}},"fnMap":{"0":{"name":"(anonymous_0)","decl":{"start":{"line":12,"column":2},"end":{"line":12,"column":22}},"loc":{"start":{"line":12,"column":41},"end":{"line":12,"column":45}}},"1":{"name":"(anonymous_1)","decl":{"start":{"line":14,"column":9},"end":{"line":14,"column":20}},"loc":{"start":{"line":14,"column":20},"end":{"line":16,"column":3}}},"2":{"name":"(anonymous_2)","decl":{"start":{"line":18,"column":2},"end":{"line":18,"column":13}},"loc":{"start":{"line":18,"column":40},"end":{"line":20,"column":3}}}},"branchMap":{},"s":{"0":264,"1":361,"2":11,"3":9},"f":{"0":264,"1":361,"2":11},"b":{}}
,"/home/embeddedsaugat/Documents/Projects/QMS/SourceCode/LocalServer/src/Entities/UserCore/UserFactory.ts": {"path":"/home/embeddedsaugat/Documents/Projects/QMS/SourceCode/LocalServer/src/Entities/UserCore/UserFactory.ts","statementMap":{"0":{"start":{"line":1,"column":0},"end":{"line":1,"column":36}},"1":{"start":{"line":2,"column":0},"end":{"line":2,"column":34}},"2":{"start":{"line":3,"column":0},"end":{"line":3,"column":40}},"3":{"start":{"line":9,"column":4},"end":{"line":13,"column":null}},"4":{"start":{"line":10,"column":6},"end":{"line":10,"column":41}},"5":{"start":{"line":12,"column":6},"end":{"line":12,"column":37}},"6":{"start":{"line":14,"column":4},"end":{"line":14,"column":21}},"7":{"start":{"line":5,"column":0},"end":{"line":5,"column":21}}},"fnMap":{"0":{"name":"(anonymous_1)","decl":{"start":{"line":8,"column":9},"end":{"line":8,"column":16}},"loc":{"start":{"line":8,"column":35},"end":{"line":15,"column":3}}}},"branchMap":{"0":{"loc":{"start":{"line":9,"column":4},"end":{"line":13,"column":null}},"type":"if","locations":[{"start":{"line":9,"column":4},"end":{"line":13,"column":null}},{"start":{"line":9,"column":4},"end":{"line":13,"column":null}}]}},"s":{"0":5,"1":5,"2":5,"3":211,"4":86,"5":125,"6":211,"7":5},"f":{"0":211},"b":{"0":[86,125]}}
,"/home/embeddedsaugat/Documents/Projects/QMS/SourceCode/LocalServer/src/Entities/UserCore/UserRoles.ts": {"path":"/home/embeddedsaugat/Documents/Projects/QMS/SourceCode/LocalServer/src/Entities/UserCore/UserRoles.ts","statementMap":{"0":{"start":{"line":1,"column":0},"end":{"line":1,"column":null}},"1":{"start":{"line":2,"column":2},"end":{"line":2,"column":null}},"2":{"start":{"line":3,"column":2},"end":{"line":3,"column":null}},"3":{"start":{"line":4,"column":2},"end":{"line":4,"column":null}},"4":{"start":{"line":5,"column":2},"end":{"line":5,"column":null}},"5":{"start":{"line":8,"column":0},"end":{"line":8,"column":25}}},"fnMap":{"0":{"name":"(anonymous_0)","decl":{"start":{"line":1,"column":0},"end":{"line":1,"column":5}},"loc":{"start":{"line":1,"column":14},"end":{"line":6,"column":1}}}},"branchMap":{"0":{"loc":{"start":{"line":1,"column":5},"end":{"line":1,"column":14}},"type":"binary-expr","locations":[{"start":{"line":1,"column":5},"end":{"line":1,"column":14}},{"start":{"line":1,"column":5},"end":{"line":1,"column":null}}]}},"s":{"0":8,"1":8,"2":8,"3":8,"4":8,"5":8},"f":{"0":8},"b":{"0":[8,8]}}
,"/home/embeddedsaugat/Documents/Projects/QMS/SourceCode/LocalServer/src/FrameworksAndDrivers/Drivers/AppKernelSingleton.ts": {"path":"/home/embeddedsaugat/Documents/Projects/QMS/SourceCode/LocalServer/src/FrameworksAndDrivers/Drivers/AppKernelSingleton.ts","statementMap":{"0":{"start":{"line":1,"column":0},"end":{"line":1,"column":25}},"1":{"start":{"line":3,"column":0},"end":{"line":3,"column":null}},"2":{"start":{"line":11,"column":0},"end":{"line":11,"column":101}},"3":{"start":{"line":12,"column":0},"end":{"line":12,"column":107}},"4":{"start":{"line":13,"column":0},"end":{"line":13,"column":98}},"5":{"start":{"line":14,"column":0},"end":{"line":14,"column":96}},"6":{"start":{"line":16,"column":0},"end":{"line":16,"column":270}},"7":{"start":{"line":17,"column":0},"end":{"line":17,"column":76}},"8":{"start":{"line":24,"column":4},"end":{"line":24,"column":25}},"9":{"start":{"line":28,"column":4},"end":{"line":28,"column":61}},"10":{"start":{"line":29,"column":25},"end":{"line":29,"column":53}},"11":{"start":{"line":30,"column":26},"end":{"line":30,"column":71}},"12":{"start":{"line":31,"column":4},"end":{"line":33,"column":7}},"13":{"start":{"line":32,"column":6},"end":{"line":32,"column":56}},"14":{"start":{"line":34,"column":4},"end":{"line":37,"column":7}},"15":{"start":{"line":35,"column":6},"end":{"line":35,"column":59}},"16":{"start":{"line":36,"column":6},"end":{"line":36,"column":63}},"17":{"start":{"line":38,"column":4},"end":{"line":40,"column":7}},"18":{"start":{"line":38,"column":102},"end":{"line":40,"column":6}},"19":{"start":{"line":39,"column":6},"end":{"line":39,"column":40}},"20":{"start":{"line":44,"column":40},"end":{"line":44,"column":81}},"21":{"start":{"line":45,"column":4},"end":{"line":47,"column":null}},"22":{"start":{"line":46,"column":6},"end":{"line":46,"column":73}},"23":{"start":{"line":48,"column":4},"end":{"line":50,"column":null}},"24":{"start":{"line":49,"column":6},"end":{"line":49,"column":79}},"25":{"start":{"line":51,"column":4},"end":{"line":53,"column":null}},"26":{"start":{"line":52,"column":6},"end":{"line":52,"column":79}},"27":{"start":{"line":54,"column":4},"end":{"line":56,"column":null}},"28":{"start":{"line":55,"column":6},"end":{"line":55,"column":81}},"29":{"start":{"line":57,"column":4},"end":{"line":59,"column":null}},"30":{"start":{"line":58,"column":6},"end":{"line":58,"column":85}},"31":{"start":{"line":63,"column":34},"end":{"line":63,"column":69}},"32":{"start":{"line":64,"column":4},"end":{"line":68,"column":null}},"33":{"start":{"line":65,"column":6},"end":{"line":67,"column":9}},"34":{"start":{"line":66,"column":8},"end":{"line":66,"column":83}},"35":{"start":{"line":72,"column":40},"end":{"line":72,"column":81}},"36":{"start":{"line":73,"column":4},"end":{"line":97,"column":null}},"37":{"start":{"line":74,"column":6},"end":{"line":96,"column":9}},"38":{"start":{"line":75,"column":8},"end":{"line":95,"column":null}},"39":{"start":{"line":76,"column":10},"end":{"line":78,"column":13}},"40":{"start":{"line":77,"column":12},"end":{"line":77,"column":72}},"41":{"start":{"line":79,"column":15},"end":{"line":95,"column":null}},"42":{"start":{"line":80,"column":10},"end":{"line":82,"column":13}},"43":{"start":{"line":81,"column":12},"end":{"line":81,"column":75}},"44":{"start":{"line":83,"column":15},"end":{"line":95,"column":null}},"45":{"start":{"line":84,"column":10},"end":{"line":86,"column":13}},"46":{"start":{"line":85,"column":12},"end":{"line":85,"column":70}},"47":{"start":{"line":87,"column":15},"end":{"line":95,"column":null}},"48":{"start":{"line":88,"column":10},"end":{"line":90,"column":13}},"49":{"start":{"line":89,"column":12},"end":{"line":89,"column":72}},"50":{"start":{"line":91,"column":15},"end":{"line":95,"column":null}},"51":{"start":{"line":92,"column":10},"end":{"line":94,"column":13}},"52":{"start":{"line":93,"column":12},"end":{"line":93,"column":73}},"53":{"start":{"line":101,"column":29},"end":{"line":101,"column":104}},"54":{"start":{"line":102,"column":33},"end":{"line":102,"column":102}},"55":{"start":{"line":103,"column":35},"end":{"line":103,"column":118}},"56":{"start":{"line":104,"column":31},"end":{"line":104,"column":96}},"57":{"start":{"line":105,"column":32},"end":{"line":105,"column":104}},"58":{"start":{"line":107,"column":40},"end":{"line":107,"column":81}},"59":{"start":{"line":108,"column":4},"end":{"line":108,"column":68}},"60":{"start":{"line":109,"column":4},"end":{"line":109,"column":69}},"61":{"start":{"line":110,"column":4},"end":{"line":110,"column":73}},"62":{"start":{"line":111,"column":4},"end":{"line":111,"column":76}},"63":{"start":{"line":112,"column":4},"end":{"line":112,"column":null}},"64":{"start":{"line":19,"column":0},"end":{"line":19,"column":21}},"65":{"start":{"line":21,"column":17},"end":{"line":21,"column":53}}},"fnMap":{"0":{"name":"(anonymous_14)","decl":{"start":{"line":23,"column":9},"end":{"line":23,"column":15}},"loc":{"start":{"line":23,"column":27},"end":{"line":25,"column":3}}},"1":{"name":"(anonymous_15)","decl":{"start":{"line":27,"column":15},"end":{"line":27,"column":46}},"loc":{"start":{"line":27,"column":65},"end":{"line":41,"column":null}}},"2":{"name":"(anonymous_17)","decl":{"start":{"line":31,"column":26},"end":{"line":31,"column":32}},"loc":{"start":{"line":31,"column":35},"end":{"line":33,"column":5}}},"3":{"name":"(anonymous_18)","decl":{"start":{"line":34,"column":26},"end":{"line":34,"column":32}},"loc":{"start":{"line":34,"column":35},"end":{"line":37,"column":5}}},"4":{"name":"(anonymous_19)","decl":{"start":{"line":38,"column":76},"end":{"line":38,"column":83}},"loc":{"start":{"line":38,"column":102},"end":{"line":40,"column":6}}},"5":{"name":"(anonymous_20)","decl":{"start":{"line":38,"column":102},"end":{"line":38,"column":null}},"loc":{"start":{"line":38,"column":102},"end":{"line":40,"column":5}}},"6":{"name":"(anonymous_21)","decl":{"start":{"line":43,"column":10},"end":{"line":43,"column":46}},"loc":{"start":{"line":43,"column":61},"end":{"line":60,"column":3}}},"7":{"name":"(anonymous_22)","decl":{"start":{"line":62,"column":10},"end":{"line":62,"column":49}},"loc":{"start":{"line":62,"column":64},"end":{"line":69,"column":3}}},"8":{"name":"(anonymous_23)","decl":{"start":{"line":65,"column":35},"end":{"line":65,"column":47}},"loc":{"start":{"line":65,"column":50},"end":{"line":67,"column":7}}},"9":{"name":"(anonymous_24)","decl":{"start":{"line":71,"column":10},"end":{"line":71,"column":53}},"loc":{"start":{"line":71,"column":68},"end":{"line":98,"column":3}}},"10":{"name":"(anonymous_25)","decl":{"start":{"line":74,"column":39},"end":{"line":74,"column":55}},"loc":{"start":{"line":74,"column":58},"end":{"line":96,"column":7}}},"11":{"name":"(anonymous_26)","decl":{"start":{"line":76,"column":44},"end":{"line":76,"column":51}},"loc":{"start":{"line":76,"column":54},"end":{"line":78,"column":11}}},"12":{"name":"(anonymous_27)","decl":{"start":{"line":80,"column":44},"end":{"line":80,"column":51}},"loc":{"start":{"line":80,"column":54},"end":{"line":82,"column":11}}},"13":{"name":"(anonymous_28)","decl":{"start":{"line":84,"column":44},"end":{"line":84,"column":51}},"loc":{"start":{"line":84,"column":54},"end":{"line":86,"column":11}}},"14":{"name":"(anonymous_29)","decl":{"start":{"line":88,"column":44},"end":{"line":88,"column":51}},"loc":{"start":{"line":88,"column":54},"end":{"line":90,"column":11}}},"15":{"name":"(anonymous_30)","decl":{"start":{"line":92,"column":44},"end":{"line":92,"column":51}},"loc":{"start":{"line":92,"column":54},"end":{"line":94,"column":11}}},"16":{"name":"(anonymous_31)","decl":{"start":{"line":100,"column":10},"end":{"line":100,"column":59}},"loc":{"start":{"line":100,"column":59},"end":{"line":113,"column":3}}}},"branchMap":{"0":{"loc":{"start":{"line":45,"column":4},"end":{"line":47,"column":null}},"type":"if","locations":[{"start":{"line":45,"column":4},"end":{"line":47,"column":null}},{"start":{"line":45,"column":4},"end":{"line":47,"column":null}}]},"1":{"loc":{"start":{"line":48,"column":4},"end":{"line":50,"column":null}},"type":"if","locations":[{"start":{"line":48,"column":4},"end":{"line":50,"column":null}},{"start":{"line":48,"column":4},"end":{"line":50,"column":null}}]},"2":{"loc":{"start":{"line":51,"column":4},"end":{"line":53,"column":null}},"type":"if","locations":[{"start":{"line":51,"column":4},"end":{"line":53,"column":null}},{"start":{"line":51,"column":4},"end":{"line":53,"column":null}}]},"3":{"loc":{"start":{"line":54,"column":4},"end":{"line":56,"column":null}},"type":"if","locations":[{"start":{"line":54,"column":4},"end":{"line":56,"column":null}},{"start":{"line":54,"column":4},"end":{"line":56,"column":null}}]},"4":{"loc":{"start":{"line":57,"column":4},"end":{"line":59,"column":null}},"type":"if","locations":[{"start":{"line":57,"column":4},"end":{"line":59,"column":null}},{"start":{"line":57,"column":4},"end":{"line":59,"column":null}}]},"5":{"loc":{"start":{"line":64,"column":4},"end":{"line":68,"column":null}},"type":"if","locations":[{"start":{"line":64,"column":4},"end":{"line":68,"column":null}},{"start":{"line":64,"column":4},"end":{"line":68,"column":null}}]},"6":{"loc":{"start":{"line":64,"column":8},"end":{"line":64,"column":28}},"type":"binary-expr","locations":[{"start":{"line":64,"column":8},"end":{"line":64,"column":28}},{"start":{"line":64,"column":32},"end":{"line":64,"column":59}}]},"7":{"loc":{"start":{"line":73,"column":4},"end":{"line":97,"column":null}},"type":"if","locations":[{"start":{"line":73,"column":4},"end":{"line":97,"column":null}},{"start":{"line":73,"column":4},"end":{"line":97,"column":null}}]},"8":{"loc":{"start":{"line":73,"column":8},"end":{"line":73,"column":32}},"type":"binary-expr","locations":[{"start":{"line":73,"column":8},"end":{"line":73,"column":32}},{"start":{"line":73,"column":36},"end":{"line":73,"column":67}}]},"9":{"loc":{"start":{"line":75,"column":8},"end":{"line":95,"column":null}},"type":"if","locations":[{"start":{"line":75,"column":8},"end":{"line":95,"column":null}},{"start":{"line":75,"column":8},"end":{"line":95,"column":null}}]},"10":{"loc":{"start":{"line":79,"column":15},"end":{"line":95,"column":null}},"type":"if","locations":[{"start":{"line":79,"column":15},"end":{"line":95,"column":null}},{"start":{"line":79,"column":15},"end":{"line":95,"column":null}}]},"11":{"loc":{"start":{"line":83,"column":15},"end":{"line":95,"column":null}},"type":"if","locations":[{"start":{"line":83,"column":15},"end":{"line":95,"column":null}},{"start":{"line":83,"column":15},"end":{"line":95,"column":null}}]},"12":{"loc":{"start":{"line":87,"column":15},"end":{"line":95,"column":null}},"type":"if","locations":[{"start":{"line":87,"column":15},"end":{"line":95,"column":null}},{"start":{"line":87,"column":15},"end":{"line":95,"column":null}}]},"13":{"loc":{"start":{"line":91,"column":15},"end":{"line":95,"column":null}},"type":"if","locations":[{"start":{"line":91,"column":15},"end":{"line":95,"column":null}},{"start":{"line":91,"column":15},"end":{"line":95,"column":null}}]}},"s":{"0":1,"1":1,"2":1,"3":1,"4":1,"5":1,"6":1,"7":1,"8":1,"9":1,"10":1,"11":1,"12":1,"13":1,"14":1,"15":1,"16":1,"17":1,"18":0,"19":0,"20":1,"21":1,"22":1,"23":1,"24":1,"25":1,"26":1,"27":1,"28":1,"29":1,"30":1,"31":1,"32":1,"33":1,"34":2,"35":1,"36":1,"37":1,"38":2,"39":0,"40":0,"41":2,"42":1,"43":2,"44":1,"45":1,"46":2,"47":0,"48":0,"49":0,"50":0,"51":0,"52":0,"53":1,"54":1,"55":1,"56":1,"57":1,"58":1,"59":1,"60":1,"61":1,"62":1,"63":1,"64":1,"65":1},"f":{"0":1,"1":1,"2":1,"3":1,"4":0,"5":0,"6":1,"7":1,"8":2,"9":1,"10":2,"11":0,"12":2,"13":2,"14":0,"15":0,"16":1},"b":{"0":[1,0],"1":[1,0],"2":[1,0],"3":[1,0],"4":[1,0],"5":[1,0],"6":[1,1],"7":[1,0],"8":[1,1],"9":[0,2],"10":[1,1],"11":[1,0],"12":[0,0],"13":[0,0]}}
,"/home/embeddedsaugat/Documents/Projects/QMS/SourceCode/LocalServer/src/FrameworksAndDrivers/Drivers/CustomerStorageImplementation.ts": {"path":"/home/embeddedsaugat/Documents/Projects/QMS/SourceCode/LocalServer/src/FrameworksAndDrivers/Drivers/CustomerStorageImplementation.ts","statementMap":{"0":{"start":{"line":1,"column":0},"end":{"line":1,"column":29}},"1":{"start":{"line":2,"column":0},"end":{"line":2,"column":25}},"2":{"start":{"line":3,"column":0},"end":{"line":3,"column":29}},"3":{"start":{"line":8,"column":24},"end":{"line":9,"column":48}},"4":{"start":{"line":9,"column":2},"end":{"line":9,"column":48}},"5":{"start":{"line":8,"column":13},"end":{"line":8,"column":24}},"6":{"start":{"line":10,"column":25},"end":{"line":11,"column":55}},"7":{"start":{"line":11,"column":2},"end":{"line":11,"column":55}},"8":{"start":{"line":10,"column":13},"end":{"line":10,"column":25}},"9":{"start":{"line":13,"column":32},"end":{"line":13,"column":84}},"10":{"start":{"line":15,"column":21},"end":{"line":22,"column":null}},"11":{"start":{"line":15,"column":32},"end":{"line":22,"column":null}},"12":{"start":{"line":16,"column":23},"end":{"line":16,"column":62}},"13":{"start":{"line":17,"column":2},"end":{"line":19,"column":null}},"14":{"start":{"line":18,"column":4},"end":{"line":18,"column":41}},"15":{"start":{"line":20,"column":35},"end":{"line":20,"column":59}},"16":{"start":{"line":21,"column":2},"end":{"line":21,"column":22}},"17":{"start":{"line":23,"column":23},"end":{"line":32,"column":null}},"18":{"start":{"line":23,"column":52},"end":{"line":32,"column":null}},"19":{"start":{"line":25,"column":2},"end":{"line":30,"column":null}},"20":{"start":{"line":26,"column":4},"end":{"line":26,"column":37}},"21":{"start":{"line":27,"column":4},"end":{"line":27,"column":29}},"22":{"start":{"line":29,"column":4},"end":{"line":29,"column":27}},"23":{"start":{"line":31,"column":2},"end":{"line":31,"column":70}},"24":{"start":{"line":34,"column":25},"end":{"line":42,"column":null}},"25":{"start":{"line":34,"column":54},"end":{"line":42,"column":null}},"26":{"start":{"line":35,"column":2},"end":{"line":41,"column":null}},"27":{"start":{"line":36,"column":22},"end":{"line":36,"column":42}},"28":{"start":{"line":37,"column":4},"end":{"line":37,"column":74}},"29":{"start":{"line":37,"column":38},"end":{"line":37,"column":72}},"30":{"start":{"line":39,"column":4},"end":{"line":39,"column":23}},"31":{"start":{"line":40,"column":4},"end":{"line":40,"column":16}},"32":{"start":{"line":44,"column":23},"end":{"line":53,"column":null}},"33":{"start":{"line":44,"column":52},"end":{"line":53,"column":null}},"34":{"start":{"line":45,"column":27},"end":{"line":45,"column":47}},"35":{"start":{"line":46,"column":22},"end":{"line":51,"column":4}},"36":{"start":{"line":47,"column":4},"end":{"line":49,"column":null}},"37":{"start":{"line":48,"column":6},"end":{"line":48,"column":22}},"38":{"start":{"line":50,"column":4},"end":{"line":50,"column":24}},"39":{"start":{"line":52,"column":2},"end":{"line":52,"column":72}},"40":{"start":{"line":55,"column":27},"end":{"line":59,"column":null}},"41":{"start":{"line":55,"column":56},"end":{"line":59,"column":null}},"42":{"start":{"line":56,"column":27},"end":{"line":56,"column":47}},"43":{"start":{"line":57,"column":36},"end":{"line":57,"column":107}},"44":{"start":{"line":57,"column":72},"end":{"line":57,"column":106}},"45":{"start":{"line":58,"column":2},"end":{"line":58,"column":86}},"46":{"start":{"line":61,"column":27},"end":{"line":74,"column":null}},"47":{"start":{"line":61,"column":38},"end":{"line":74,"column":null}},"48":{"start":{"line":62,"column":19},"end":{"line":62,"column":20}},"49":{"start":{"line":63,"column":2},"end":{"line":72,"column":null}},"50":{"start":{"line":64,"column":25},"end":{"line":64,"column":45}},"51":{"start":{"line":65,"column":4},"end":{"line":69,"column":7}},"52":{"start":{"line":66,"column":6},"end":{"line":68,"column":null}},"53":{"start":{"line":67,"column":8},"end":{"line":67,"column":41}},"54":{"start":{"line":73,"column":2},"end":{"line":73,"column":24}},"55":{"start":{"line":76,"column":22},"end":{"line":82,"column":null}},"56":{"start":{"line":76,"column":43},"end":{"line":82,"column":null}},"57":{"start":{"line":77,"column":2},"end":{"line":80,"column":21}},"58":{"start":{"line":78,"column":25},"end":{"line":78,"column":45}},"59":{"start":{"line":79,"column":4},"end":{"line":79,"column":70}},"60":{"start":{"line":79,"column":42},"end":{"line":79,"column":68}},"61":{"start":{"line":81,"column":2},"end":{"line":81,"column":14}},"62":{"start":{"line":84,"column":23},"end":{"line":86,"column":null}},"63":{"start":{"line":84,"column":34},"end":{"line":86,"column":null}},"64":{"start":{"line":85,"column":2},"end":{"line":85,"column":47}},"65":{"start":{"line":88,"column":62},"end":{"line":97,"column":null}},"66":{"start":{"line":99,"column":0},"end":{"line":99,"column":45}}},"fnMap":{"0":{"name":"(anonymous_13)","decl":{"start":{"line":8,"column":24},"end":{"line":8,"column":25}},"loc":{"start":{"line":9,"column":2},"end":{"line":9,"column":48}}},"1":{"name":"(anonymous_14)","decl":{"start":{"line":10,"column":25},"end":{"line":10,"column":26}},"loc":{"start":{"line":11,"column":2},"end":{"line":11,"column":55}}},"2":{"name":"(anonymous_15)","decl":{"start":{"line":15,"column":21},"end":{"line":15,"column":30}},"loc":{"start":{"line":15,"column":32},"end":{"line":22,"column":null}}},"3":{"name":"(anonymous_16)","decl":{"start":{"line":15,"column":32},"end":{"line":15,"column":null}},"loc":{"start":{"line":15,"column":32},"end":{"line":22,"column":1}}},"4":{"name":"(anonymous_17)","decl":{"start":{"line":23,"column":23},"end":{"line":23,"column":30}},"loc":{"start":{"line":23,"column":52},"end":{"line":32,"column":null}}},"5":{"name":"(anonymous_18)","decl":{"start":{"line":23,"column":52},"end":{"line":23,"column":null}},"loc":{"start":{"line":23,"column":52},"end":{"line":32,"column":1}}},"6":{"name":"(anonymous_19)","decl":{"start":{"line":34,"column":25},"end":{"line":34,"column":32}},"loc":{"start":{"line":34,"column":54},"end":{"line":42,"column":null}}},"7":{"name":"(anonymous_20)","decl":{"start":{"line":34,"column":54},"end":{"line":34,"column":null}},"loc":{"start":{"line":34,"column":54},"end":{"line":42,"column":1}}},"8":{"name":"(anonymous_21)","decl":{"start":{"line":37,"column":26},"end":{"line":37,"column":34}},"loc":{"start":{"line":37,"column":38},"end":{"line":37,"column":72}}},"9":{"name":"(anonymous_22)","decl":{"start":{"line":44,"column":23},"end":{"line":44,"column":30}},"loc":{"start":{"line":44,"column":52},"end":{"line":53,"column":null}}},"10":{"name":"(anonymous_23)","decl":{"start":{"line":44,"column":52},"end":{"line":44,"column":null}},"loc":{"start":{"line":44,"column":52},"end":{"line":53,"column":1}}},"11":{"name":"(anonymous_24)","decl":{"start":{"line":46,"column":43},"end":{"line":46,"column":55}},"loc":{"start":{"line":46,"column":58},"end":{"line":51,"column":3}}},"12":{"name":"(anonymous_25)","decl":{"start":{"line":55,"column":27},"end":{"line":55,"column":34}},"loc":{"start":{"line":55,"column":56},"end":{"line":59,"column":null}}},"13":{"name":"(anonymous_26)","decl":{"start":{"line":55,"column":56},"end":{"line":55,"column":null}},"loc":{"start":{"line":55,"column":56},"end":{"line":59,"column":1}}},"14":{"name":"(anonymous_27)","decl":{"start":{"line":57,"column":60},"end":{"line":57,"column":68}},"loc":{"start":{"line":57,"column":72},"end":{"line":57,"column":106}}},"15":{"name":"(anonymous_28)","decl":{"start":{"line":61,"column":27},"end":{"line":61,"column":36}},"loc":{"start":{"line":61,"column":38},"end":{"line":74,"column":null}}},"16":{"name":"(anonymous_29)","decl":{"start":{"line":61,"column":38},"end":{"line":61,"column":null}},"loc":{"start":{"line":61,"column":38},"end":{"line":74,"column":1}}},"17":{"name":"(anonymous_30)","decl":{"start":{"line":65,"column":25},"end":{"line":65,"column":33}},"loc":{"start":{"line":65,"column":36},"end":{"line":69,"column":5}}},"18":{"name":"(anonymous_31)","decl":{"start":{"line":76,"column":22},"end":{"line":76,"column":29}},"loc":{"start":{"line":76,"column":43},"end":{"line":82,"column":null}}},"19":{"name":"(anonymous_32)","decl":{"start":{"line":76,"column":43},"end":{"line":76,"column":null}},"loc":{"start":{"line":76,"column":43},"end":{"line":82,"column":1}}},"20":{"name":"(anonymous_33)","decl":{"start":{"line":79,"column":30},"end":{"line":79,"column":38}},"loc":{"start":{"line":79,"column":42},"end":{"line":79,"column":68}}},"21":{"name":"(anonymous_34)","decl":{"start":{"line":84,"column":23},"end":{"line":84,"column":32}},"loc":{"start":{"line":84,"column":34},"end":{"line":86,"column":null}}},"22":{"name":"(anonymous_35)","decl":{"start":{"line":84,"column":34},"end":{"line":84,"column":null}},"loc":{"start":{"line":84,"column":34},"end":{"line":86,"column":1}}}},"branchMap":{"0":{"loc":{"start":{"line":17,"column":2},"end":{"line":19,"column":null}},"type":"if","locations":[{"start":{"line":17,"column":2},"end":{"line":19,"column":null}},{"start":{"line":17,"column":2},"end":{"line":19,"column":null}}]},"1":{"loc":{"start":{"line":47,"column":4},"end":{"line":49,"column":null}},"type":"if","locations":[{"start":{"line":47,"column":4},"end":{"line":49,"column":null}},{"start":{"line":47,"column":4},"end":{"line":49,"column":null}}]},"2":{"loc":{"start":{"line":66,"column":6},"end":{"line":68,"column":null}},"type":"if","locations":[{"start":{"line":66,"column":6},"end":{"line":68,"column":null}},{"start":{"line":66,"column":6},"end":{"line":68,"column":null}}]}},"s":{"0":1,"1":1,"2":1,"3":1,"4":12,"5":1,"6":1,"7":3,"8":1,"9":1,"10":1,"11":12,"12":12,"13":12,"14":0,"15":12,"16":12,"17":1,"18":1,"19":1,"20":1,"21":1,"22":0,"23":1,"24":1,"25":4,"26":4,"27":4,"28":4,"29":20,"30":0,"31":0,"32":1,"33":1,"34":1,"35":1,"36":6,"37":1,"38":5,"39":1,"40":1,"41":1,"42":1,"43":1,"44":6,"45":1,"46":1,"47":1,"48":1,"49":1,"50":1,"51":1,"52":5,"53":5,"54":1,"55":1,"56":2,"57":2,"58":2,"59":2,"60":9,"61":0,"62":1,"63":0,"64":0,"65":1,"66":1},"f":{"0":12,"1":3,"2":12,"3":12,"4":1,"5":1,"6":4,"7":4,"8":20,"9":1,"10":1,"11":6,"12":1,"13":1,"14":6,"15":1,"16":1,"17":5,"18":2,"19":2,"20":9,"21":0,"22":0},"b":{"0":[0,12],"1":[1,5],"2":[5,0]}}
,"/home/embeddedsaugat/Documents/Projects/QMS/SourceCode/LocalServer/src/FrameworksAndDrivers/Drivers/PluginManagerStorageImplementation.ts": {"path":"/home/embeddedsaugat/Documents/Projects/QMS/SourceCode/LocalServer/src/FrameworksAndDrivers/Drivers/PluginManagerStorageImplementation.ts","statementMap":{"0":{"start":{"line":1,"column":0},"end":{"line":1,"column":34}},"1":{"start":{"line":2,"column":0},"end":{"line":2,"column":25}},"2":{"start":{"line":3,"column":0},"end":{"line":3,"column":29}},"3":{"start":{"line":4,"column":0},"end":{"line":4,"column":29}},"4":{"start":{"line":7,"column":0},"end":{"line":7,"column":98}},"5":{"start":{"line":8,"column":0},"end":{"line":8,"column":76}},"6":{"start":{"line":10,"column":0},"end":{"line":10,"column":101}},"7":{"start":{"line":11,"column":0},"end":{"line":11,"column":69}},"8":{"start":{"line":13,"column":18},"end":{"line":14,"column":55}},"9":{"start":{"line":14,"column":2},"end":{"line":14,"column":55}},"10":{"start":{"line":16,"column":30},"end":{"line":30,"column":1}},"11":{"start":{"line":17,"column":2},"end":{"line":29,"column":null}},"12":{"start":{"line":18,"column":4},"end":{"line":27,"column":7}},"13":{"start":{"line":19,"column":22},"end":{"line":19,"column":52}},"14":{"start":{"line":20,"column":6},"end":{"line":26,"column":null}},"15":{"start":{"line":22,"column":8},"end":{"line":22,"column":39}},"16":{"start":{"line":25,"column":8},"end":{"line":25,"column":31}},"17":{"start":{"line":28,"column":4},"end":{"line":28,"column":32}},"18":{"start":{"line":32,"column":37},"end":{"line":35,"column":null}},"19":{"start":{"line":32,"column":87},"end":{"line":35,"column":null}},"20":{"start":{"line":33,"column":2},"end":{"line":33,"column":50}},"21":{"start":{"line":34,"column":2},"end":{"line":34,"column":89}},"22":{"start":{"line":37,"column":40},"end":{"line":47,"column":null}},"23":{"start":{"line":37,"column":87},"end":{"line":47,"column":null}},"24":{"start":{"line":38,"column":23},"end":{"line":38,"column":51}},"25":{"start":{"line":39,"column":21},"end":{"line":39,"column":66}},"26":{"start":{"line":40,"column":23},"end":{"line":40,"column":89}},"27":{"start":{"line":40,"column":49},"end":{"line":40,"column":88}},"28":{"start":{"line":41,"column":2},"end":{"line":46,"column":null}},"29":{"start":{"line":42,"column":28},"end":{"line":42,"column":56}},"30":{"start":{"line":43,"column":4},"end":{"line":43,"column":43}},"31":{"start":{"line":45,"column":4},"end":{"line":45,"column":66}},"32":{"start":{"line":49,"column":41},"end":{"line":59,"column":null}},"33":{"start":{"line":49,"column":115},"end":{"line":59,"column":null}},"34":{"start":{"line":50,"column":23},"end":{"line":50,"column":51}},"35":{"start":{"line":51,"column":21},"end":{"line":51,"column":66}},"36":{"start":{"line":53,"column":23},"end":{"line":53,"column":89}},"37":{"start":{"line":53,"column":49},"end":{"line":53,"column":88}},"38":{"start":{"line":54,"column":21},"end":{"line":54,"column":44}},"39":{"start":{"line":55,"column":2},"end":{"line":55,"column":51}},"40":{"start":{"line":56,"column":29},"end":{"line":56,"column":87}},"41":{"start":{"line":58,"column":2},"end":{"line":58,"column":66}},"42":{"start":{"line":61,"column":34},"end":{"line":74,"column":2}},"43":{"start":{"line":61,"column":81},"end":{"line":74,"column":2}},"44":{"start":{"line":62,"column":23},"end":{"line":62,"column":51}},"45":{"start":{"line":63,"column":21},"end":{"line":63,"column":66}},"46":{"start":{"line":64,"column":23},"end":{"line":64,"column":89}},"47":{"start":{"line":64,"column":49},"end":{"line":64,"column":88}},"48":{"start":{"line":65,"column":26},"end":{"line":65,"column":54}},"49":{"start":{"line":66,"column":15},"end":{"line":66,"column":62}},"50":{"start":{"line":67,"column":2},"end":{"line":73,"column":null}},"51":{"start":{"line":68,"column":29},"end":{"line":68,"column":49}},"52":{"start":{"line":69,"column":48},"end":{"line":69,"column":101}},"53":{"start":{"line":70,"column":4},"end":{"line":70,"column":24}},"54":{"start":{"line":72,"column":4},"end":{"line":72,"column":72}},"55":{"start":{"line":76,"column":34},"end":{"line":89,"column":null}},"56":{"start":{"line":76,"column":118},"end":{"line":89,"column":null}},"57":{"start":{"line":77,"column":27},"end":{"line":77,"column":55}},"58":{"start":{"line":79,"column":23},"end":{"line":79,"column":51}},"59":{"start":{"line":80,"column":21},"end":{"line":80,"column":66}},"60":{"start":{"line":81,"column":23},"end":{"line":81,"column":89}},"61":{"start":{"line":81,"column":49},"end":{"line":81,"column":88}},"62":{"start":{"line":82,"column":26},"end":{"line":82,"column":54}},"63":{"start":{"line":83,"column":15},"end":{"line":83,"column":62}},"64":{"start":{"line":84,"column":2},"end":{"line":88,"column":null}},"65":{"start":{"line":85,"column":4},"end":{"line":85,"column":44}},"66":{"start":{"line":87,"column":4},"end":{"line":87,"column":null}},"67":{"start":{"line":91,"column":72},"end":{"line":97,"column":null}},"68":{"start":{"line":99,"column":0},"end":{"line":99,"column":50}}},"fnMap":{"0":{"name":"(anonymous_14)","decl":{"start":{"line":13,"column":18},"end":{"line":13,"column":19}},"loc":{"start":{"line":14,"column":2},"end":{"line":14,"column":55}}},"1":{"name":"(anonymous_15)","decl":{"start":{"line":16,"column":30},"end":{"line":16,"column":31}},"loc":{"start":{"line":16,"column":56},"end":{"line":30,"column":1}}},"2":{"name":"(anonymous_16)","decl":{"start":{"line":18,"column":42},"end":{"line":18,"column":43}},"loc":{"start":{"line":18,"column":58},"end":{"line":27,"column":5}}},"3":{"name":"(anonymous_17)","decl":{"start":{"line":32,"column":37},"end":{"line":32,"column":44}},"loc":{"start":{"line":32,"column":87},"end":{"line":35,"column":null}}},"4":{"name":"(anonymous_18)","decl":{"start":{"line":32,"column":87},"end":{"line":32,"column":null}},"loc":{"start":{"line":32,"column":87},"end":{"line":35,"column":1}}},"5":{"name":"(anonymous_19)","decl":{"start":{"line":37,"column":40},"end":{"line":37,"column":47}},"loc":{"start":{"line":37,"column":87},"end":{"line":47,"column":null}}},"6":{"name":"(anonymous_20)","decl":{"start":{"line":37,"column":87},"end":{"line":37,"column":null}},"loc":{"start":{"line":37,"column":87},"end":{"line":47,"column":1}}},"7":{"name":"(anonymous_21)","decl":{"start":{"line":40,"column":39},"end":{"line":40,"column":45}},"loc":{"start":{"line":40,"column":49},"end":{"line":40,"column":88}}},"8":{"name":"(anonymous_22)","decl":{"start":{"line":49,"column":41},"end":{"line":49,"column":48}},"loc":{"start":{"line":49,"column":115},"end":{"line":59,"column":null}}},"9":{"name":"(anonymous_23)","decl":{"start":{"line":49,"column":115},"end":{"line":49,"column":null}},"loc":{"start":{"line":49,"column":115},"end":{"line":59,"column":1}}},"10":{"name":"(anonymous_24)","decl":{"start":{"line":53,"column":39},"end":{"line":53,"column":45}},"loc":{"start":{"line":53,"column":49},"end":{"line":53,"column":88}}},"11":{"name":"(anonymous_25)","decl":{"start":{"line":61,"column":34},"end":{"line":61,"column":41}},"loc":{"start":{"line":61,"column":81},"end":{"line":74,"column":2}}},"12":{"name":"(anonymous_26)","decl":{"start":{"line":61,"column":81},"end":{"line":61,"column":null}},"loc":{"start":{"line":61,"column":81},"end":{"line":74,"column":1}}},"13":{"name":"(anonymous_27)","decl":{"start":{"line":64,"column":39},"end":{"line":64,"column":45}},"loc":{"start":{"line":64,"column":49},"end":{"line":64,"column":88}}},"14":{"name":"(anonymous_28)","decl":{"start":{"line":76,"column":34},"end":{"line":76,"column":41}},"loc":{"start":{"line":76,"column":118},"end":{"line":89,"column":null}}},"15":{"name":"(anonymous_29)","decl":{"start":{"line":76,"column":118},"end":{"line":76,"column":null}},"loc":{"start":{"line":76,"column":118},"end":{"line":89,"column":1}}},"16":{"name":"(anonymous_30)","decl":{"start":{"line":81,"column":39},"end":{"line":81,"column":45}},"loc":{"start":{"line":81,"column":49},"end":{"line":81,"column":88}}}},"branchMap":{"0":{"loc":{"start":{"line":17,"column":2},"end":{"line":29,"column":null}},"type":"if","locations":[{"start":{"line":17,"column":2},"end":{"line":29,"column":null}},{"start":{"line":17,"column":2},"end":{"line":29,"column":null}}]},"1":{"loc":{"start":{"line":20,"column":6},"end":{"line":26,"column":null}},"type":"if","locations":[{"start":{"line":20,"column":6},"end":{"line":26,"column":null}},{"start":{"line":20,"column":6},"end":{"line":26,"column":null}}]},"2":{"loc":{"start":{"line":41,"column":2},"end":{"line":46,"column":null}},"type":"if","locations":[{"start":{"line":41,"column":2},"end":{"line":46,"column":null}},{"start":{"line":41,"column":2},"end":{"line":46,"column":null}}]},"3":{"loc":{"start":{"line":67,"column":2},"end":{"line":73,"column":null}},"type":"if","locations":[{"start":{"line":67,"column":2},"end":{"line":73,"column":null}},{"start":{"line":67,"column":2},"end":{"line":73,"column":null}}]},"4":{"loc":{"start":{"line":84,"column":2},"end":{"line":88,"column":null}},"type":"if","locations":[{"start":{"line":84,"column":2},"end":{"line":88,"column":null}},{"start":{"line":84,"column":2},"end":{"line":88,"column":null}}]}},"s":{"0":1,"1":1,"2":1,"3":1,"4":1,"5":1,"6":1,"7":1,"8":1,"9":2,"10":1,"11":1,"12":1,"13":6,"14":6,"15":0,"16":6,"17":1,"18":1,"19":1,"20":1,"21":1,"22":1,"23":1,"24":1,"25":1,"26":1,"27":1,"28":1,"29":1,"30":1,"31":0,"32":1,"33":1,"34":1,"35":1,"36":1,"37":3,"38":1,"39":1,"40":1,"41":1,"42":1,"43":4,"44":4,"45":4,"46":4,"47":7,"48":4,"49":4,"50":4,"51":3,"52":3,"53":3,"54":1,"55":1,"56":1,"57":1,"58":1,"59":1,"60":1,"61":2,"62":1,"63":1,"64":1,"65":1,"66":0,"67":1,"68":1},"f":{"0":2,"1":1,"2":6,"3":1,"4":1,"5":1,"6":1,"7":1,"8":1,"9":1,"10":3,"11":4,"12":4,"13":7,"14":1,"15":1,"16":2},"b":{"0":[1,0],"1":[0,6],"2":[1,0],"3":[3,1],"4":[1,0]}}
,"/home/embeddedsaugat/Documents/Projects/QMS/SourceCode/LocalServer/src/FrameworksAndDrivers/Drivers/TokenBaseStorageImplementation.ts": {"path":"/home/embeddedsaugat/Documents/Projects/QMS/SourceCode/LocalServer/src/FrameworksAndDrivers/Drivers/TokenBaseStorageImplementation.ts","statementMap":{"0":{"start":{"line":1,"column":0},"end":{"line":1,"column":29}},"1":{"start":{"line":2,"column":0},"end":{"line":2,"column":25}},"2":{"start":{"line":3,"column":0},"end":{"line":3,"column":29}},"3":{"start":{"line":6,"column":0},"end":{"line":6,"column":124}},"4":{"start":{"line":10,"column":0},"end":{"line":10,"column":56}},"5":{"start":{"line":12,"column":17},"end":{"line":13,"column":48}},"6":{"start":{"line":13,"column":2},"end":{"line":13,"column":48}},"7":{"start":{"line":14,"column":18},"end":{"line":15,"column":55}},"8":{"start":{"line":15,"column":2},"end":{"line":15,"column":55}},"9":{"start":{"line":17,"column":33},"end":{"line":17,"column":85}},"10":{"start":{"line":46,"column":59},"end":{"line":54,"column":null}},"11":{"start":{"line":46,"column":70},"end":{"line":54,"column":null}},"12":{"start":{"line":47,"column":28},"end":{"line":47,"column":68}},"13":{"start":{"line":48,"column":2},"end":{"line":50,"column":null}},"14":{"start":{"line":49,"column":4},"end":{"line":49,"column":40}},"15":{"start":{"line":51,"column":62},"end":{"line":51,"column":91}},"16":{"start":{"line":52,"column":21},"end":{"line":52,"column":77}},"17":{"start":{"line":53,"column":2},"end":{"line":53,"column":20}},"18":{"start":{"line":56,"column":44},"end":{"line":73,"column":1}},"19":{"start":{"line":57,"column":40},"end":{"line":57,"column":42}},"20":{"start":{"line":59,"column":2},"end":{"line":71,"column":5}},"21":{"start":{"line":60,"column":18},"end":{"line":60,"column":87}},"22":{"start":{"line":62,"column":28},"end":{"line":62,"column":54}},"23":{"start":{"line":64,"column":4},"end":{"line":67,"column":7}},"24":{"start":{"line":65,"column":30},"end":{"line":65,"column":98}},"25":{"start":{"line":66,"column":6},"end":{"line":66,"column":62}},"26":{"start":{"line":69,"column":4},"end":{"line":69,"column":70}},"27":{"start":{"line":70,"column":4},"end":{"line":70,"column":37}},"28":{"start":{"line":72,"column":2},"end":{"line":72,"column":20}},"29":{"start":{"line":75,"column":51},"end":{"line":77,"column":1}},"30":{"start":{"line":76,"column":2},"end":{"line":76,"column":49}},"31":{"start":{"line":79,"column":56},"end":{"line":92,"column":1}},"32":{"start":{"line":80,"column":26},"end":{"line":80,"column":47}},"33":{"start":{"line":82,"column":19},"end":{"line":82,"column":72}},"34":{"start":{"line":83,"column":2},"end":{"line":85,"column":null}},"35":{"start":{"line":84,"column":4},"end":{"line":84,"column":63}},"36":{"start":{"line":86,"column":2},"end":{"line":86,"column":38}},"37":{"start":{"line":88,"column":2},"end":{"line":88,"column":71}},"38":{"start":{"line":89,"column":2},"end":{"line":89,"column":55}},"39":{"start":{"line":91,"column":2},"end":{"line":91,"column":25}},"40":{"start":{"line":94,"column":22},"end":{"line":104,"column":null}},"41":{"start":{"line":94,"column":59},"end":{"line":104,"column":null}},"42":{"start":{"line":95,"column":2},"end":{"line":95,"column":60}},"43":{"start":{"line":97,"column":2},"end":{"line":102,"column":null}},"44":{"start":{"line":98,"column":4},"end":{"line":98,"column":45}},"45":{"start":{"line":99,"column":4},"end":{"line":99,"column":34}},"46":{"start":{"line":101,"column":4},"end":{"line":101,"column":32}},"47":{"start":{"line":103,"column":2},"end":{"line":103,"column":75}},"48":{"start":{"line":106,"column":30},"end":{"line":120,"column":null}},"49":{"start":{"line":106,"column":73},"end":{"line":120,"column":null}},"50":{"start":{"line":107,"column":24},"end":{"line":107,"column":48}},"51":{"start":{"line":108,"column":2},"end":{"line":119,"column":null}},"52":{"start":{"line":109,"column":4},"end":{"line":114,"column":6}},"53":{"start":{"line":110,"column":6},"end":{"line":113,"column":63}},"54":{"start":{"line":116,"column":4},"end":{"line":118,"column":7}},"55":{"start":{"line":117,"column":6},"end":{"line":117,"column":48}},"56":{"start":{"line":122,"column":32},"end":{"line":131,"column":null}},"57":{"start":{"line":122,"column":55},"end":{"line":131,"column":null}},"58":{"start":{"line":123,"column":24},"end":{"line":123,"column":48}},"59":{"start":{"line":124,"column":21},"end":{"line":124,"column":35}},"60":{"start":{"line":125,"column":2},"end":{"line":130,"column":5}},"61":{"start":{"line":126,"column":26},"end":{"line":126,"column":79}},"62":{"start":{"line":127,"column":4},"end":{"line":129,"column":58}},"63":{"start":{"line":133,"column":23},"end":{"line":135,"column":null}},"64":{"start":{"line":133,"column":34},"end":{"line":135,"column":null}},"65":{"start":{"line":134,"column":2},"end":{"line":134,"column":48}},"66":{"start":{"line":137,"column":23},"end":{"line":147,"column":null}},"67":{"start":{"line":137,"column":60},"end":{"line":147,"column":null}},"68":{"start":{"line":138,"column":22},"end":{"line":138,"column":46}},"69":{"start":{"line":139,"column":2},"end":{"line":145,"column":5}},"70":{"start":{"line":140,"column":4},"end":{"line":143,"column":null}},"71":{"start":{"line":142,"column":6},"end":{"line":142,"column":23}},"72":{"start":{"line":144,"column":4},"end":{"line":144,"column":25}},"73":{"start":{"line":146,"column":2},"end":{"line":146,"column":75}},"74":{"start":{"line":149,"column":41},"end":{"line":166,"column":null}},"75":{"start":{"line":149,"column":90},"end":{"line":166,"column":null}},"76":{"start":{"line":150,"column":24},"end":{"line":150,"column":48}},"77":{"start":{"line":152,"column":2},"end":{"line":164,"column":null}},"78":{"start":{"line":153,"column":4},"end":{"line":158,"column":7}},"79":{"start":{"line":154,"column":6},"end":{"line":157,"column":98}},"80":{"start":{"line":160,"column":4},"end":{"line":163,"column":7}},"81":{"start":{"line":161,"column":6},"end":{"line":162,"column":52}},"82":{"start":{"line":165,"column":2},"end":{"line":165,"column":25}},"83":{"start":{"line":168,"column":56},"end":{"line":190,"column":null}},"84":{"start":{"line":168,"column":88},"end":{"line":190,"column":null}},"85":{"start":{"line":169,"column":24},"end":{"line":169,"column":48}},"86":{"start":{"line":170,"column":22},"end":{"line":170,"column":23}},"87":{"start":{"line":171,"column":2},"end":{"line":188,"column":null}},"88":{"start":{"line":172,"column":4},"end":{"line":179,"column":7}},"89":{"start":{"line":173,"column":6},"end":{"line":178,"column":null}},"90":{"start":{"line":177,"column":8},"end":{"line":177,"column":114}},"91":{"start":{"line":181,"column":4},"end":{"line":187,"column":7}},"92":{"start":{"line":182,"column":6},"end":{"line":186,"column":null}},"93":{"start":{"line":185,"column":8},"end":{"line":185,"column":null}},"94":{"start":{"line":189,"column":2},"end":{"line":189,"column":27}},"95":{"start":{"line":192,"column":38},"end":{"line":194,"column":1}},"96":{"start":{"line":193,"column":2},"end":{"line":193,"column":89}},"97":{"start":{"line":193,"column":40},"end":{"line":193,"column":87}},"98":{"start":{"line":196,"column":31},"end":{"line":199,"column":null}},"99":{"start":{"line":196,"column":57},"end":{"line":199,"column":null}},"100":{"start":{"line":197,"column":24},"end":{"line":197,"column":48}},"101":{"start":{"line":198,"column":2},"end":{"line":198,"column":78}},"102":{"start":{"line":198,"column":41},"end":{"line":198,"column":76}},"103":{"start":{"line":201,"column":32},"end":{"line":212,"column":null}},"104":{"start":{"line":201,"column":43},"end":{"line":212,"column":null}},"105":{"start":{"line":202,"column":23},"end":{"line":202,"column":24}},"106":{"start":{"line":203,"column":2},"end":{"line":211,"column":null}},"107":{"start":{"line":204,"column":26},"end":{"line":204,"column":50}},"108":{"start":{"line":205,"column":4},"end":{"line":207,"column":7}},"109":{"start":{"line":206,"column":6},"end":{"line":206,"column":107}},"110":{"start":{"line":208,"column":4},"end":{"line":208,"column":30}},"111":{"start":{"line":210,"column":4},"end":{"line":210,"column":13}},"112":{"start":{"line":214,"column":64},"end":{"line":226,"column":2}},"113":{"start":{"line":228,"column":0},"end":{"line":228,"column":46}}},"fnMap":{"0":{"name":"(anonymous_14)","decl":{"start":{"line":12,"column":17},"end":{"line":12,"column":18}},"loc":{"start":{"line":13,"column":2},"end":{"line":13,"column":48}}},"1":{"name":"(anonymous_15)","decl":{"start":{"line":14,"column":18},"end":{"line":14,"column":19}},"loc":{"start":{"line":15,"column":2},"end":{"line":15,"column":55}}},"2":{"name":"(anonymous_16)","decl":{"start":{"line":46,"column":59},"end":{"line":46,"column":68}},"loc":{"start":{"line":46,"column":70},"end":{"line":54,"column":null}}},"3":{"name":"(anonymous_17)","decl":{"start":{"line":46,"column":70},"end":{"line":46,"column":null}},"loc":{"start":{"line":46,"column":70},"end":{"line":54,"column":1}}},"4":{"name":"(anonymous_18)","decl":{"start":{"line":56,"column":44},"end":{"line":56,"column":45}},"loc":{"start":{"line":56,"column":100},"end":{"line":73,"column":1}}},"5":{"name":"(anonymous_19)","decl":{"start":{"line":59,"column":30},"end":{"line":59,"column":48}},"loc":{"start":{"line":59,"column":51},"end":{"line":71,"column":3}}},"6":{"name":"(anonymous_20)","decl":{"start":{"line":64,"column":51},"end":{"line":64,"column":70}},"loc":{"start":{"line":64,"column":73},"end":{"line":67,"column":5}}},"7":{"name":"(anonymous_21)","decl":{"start":{"line":75,"column":51},"end":{"line":75,"column":52}},"loc":{"start":{"line":75,"column":68},"end":{"line":77,"column":1}}},"8":{"name":"(anonymous_22)","decl":{"start":{"line":79,"column":56},"end":{"line":79,"column":57}},"loc":{"start":{"line":79,"column":101},"end":{"line":92,"column":1}}},"9":{"name":"(anonymous_23)","decl":{"start":{"line":94,"column":22},"end":{"line":94,"column":29}},"loc":{"start":{"line":94,"column":59},"end":{"line":104,"column":null}}},"10":{"name":"(anonymous_24)","decl":{"start":{"line":94,"column":59},"end":{"line":94,"column":null}},"loc":{"start":{"line":94,"column":59},"end":{"line":104,"column":1}}},"11":{"name":"(anonymous_25)","decl":{"start":{"line":106,"column":30},"end":{"line":106,"column":37}},"loc":{"start":{"line":106,"column":73},"end":{"line":120,"column":null}}},"12":{"name":"(anonymous_26)","decl":{"start":{"line":106,"column":73},"end":{"line":106,"column":null}},"loc":{"start":{"line":106,"column":73},"end":{"line":120,"column":1}}},"13":{"name":"(anonymous_27)","decl":{"start":{"line":109,"column":32},"end":{"line":109,"column":41}},"loc":{"start":{"line":110,"column":6},"end":{"line":113,"column":63}}},"14":{"name":"(anonymous_28)","decl":{"start":{"line":116,"column":32},"end":{"line":116,"column":41}},"loc":{"start":{"line":116,"column":44},"end":{"line":118,"column":5}}},"15":{"name":"(anonymous_29)","decl":{"start":{"line":122,"column":32},"end":{"line":122,"column":39}},"loc":{"start":{"line":122,"column":55},"end":{"line":131,"column":null}}},"16":{"name":"(anonymous_30)","decl":{"start":{"line":122,"column":55},"end":{"line":122,"column":null}},"loc":{"start":{"line":122,"column":55},"end":{"line":131,"column":1}}},"17":{"name":"(anonymous_31)","decl":{"start":{"line":125,"column":30},"end":{"line":125,"column":39}},"loc":{"start":{"line":125,"column":42},"end":{"line":130,"column":3}}},"18":{"name":"(anonymous_32)","decl":{"start":{"line":133,"column":23},"end":{"line":133,"column":32}},"loc":{"start":{"line":133,"column":34},"end":{"line":135,"column":null}}},"19":{"name":"(anonymous_33)","decl":{"start":{"line":133,"column":34},"end":{"line":133,"column":null}},"loc":{"start":{"line":133,"column":34},"end":{"line":135,"column":1}}},"20":{"name":"(anonymous_34)","decl":{"start":{"line":137,"column":23},"end":{"line":137,"column":30}},"loc":{"start":{"line":137,"column":60},"end":{"line":147,"column":null}}},"21":{"name":"(anonymous_35)","decl":{"start":{"line":137,"column":60},"end":{"line":137,"column":null}},"loc":{"start":{"line":137,"column":60},"end":{"line":147,"column":1}}},"22":{"name":"(anonymous_36)","decl":{"start":{"line":139,"column":36},"end":{"line":139,"column":49}},"loc":{"start":{"line":139,"column":52},"end":{"line":145,"column":3}}},"23":{"name":"(anonymous_37)","decl":{"start":{"line":149,"column":41},"end":{"line":149,"column":48}},"loc":{"start":{"line":149,"column":90},"end":{"line":166,"column":null}}},"24":{"name":"(anonymous_38)","decl":{"start":{"line":149,"column":90},"end":{"line":149,"column":null}},"loc":{"start":{"line":149,"column":90},"end":{"line":166,"column":1}}},"25":{"name":"(anonymous_39)","decl":{"start":{"line":153,"column":41},"end":{"line":153,"column":50}},"loc":{"start":{"line":153,"column":53},"end":{"line":158,"column":5}}},"26":{"name":"(anonymous_40)","decl":{"start":{"line":160,"column":41},"end":{"line":160,"column":50}},"loc":{"start":{"line":160,"column":53},"end":{"line":163,"column":5}}},"27":{"name":"(anonymous_41)","decl":{"start":{"line":168,"column":56},"end":{"line":168,"column":63}},"loc":{"start":{"line":168,"column":88},"end":{"line":190,"column":null}}},"28":{"name":"(anonymous_42)","decl":{"start":{"line":168,"column":88},"end":{"line":168,"column":null}},"loc":{"start":{"line":168,"column":88},"end":{"line":190,"column":1}}},"29":{"name":"(anonymous_43)","decl":{"start":{"line":172,"column":26},"end":{"line":172,"column":35}},"loc":{"start":{"line":172,"column":38},"end":{"line":179,"column":5}}},"30":{"name":"(anonymous_44)","decl":{"start":{"line":181,"column":26},"end":{"line":181,"column":35}},"loc":{"start":{"line":181,"column":38},"end":{"line":187,"column":5}}},"31":{"name":"(anonymous_45)","decl":{"start":{"line":192,"column":38},"end":{"line":192,"column":39}},"loc":{"start":{"line":192,"column":95},"end":{"line":194,"column":1}}},"32":{"name":"(anonymous_46)","decl":{"start":{"line":193,"column":27},"end":{"line":193,"column":36}},"loc":{"start":{"line":193,"column":40},"end":{"line":193,"column":87}}},"33":{"name":"(anonymous_47)","decl":{"start":{"line":196,"column":31},"end":{"line":196,"column":38}},"loc":{"start":{"line":196,"column":57},"end":{"line":199,"column":null}}},"34":{"name":"(anonymous_48)","decl":{"start":{"line":196,"column":57},"end":{"line":196,"column":null}},"loc":{"start":{"line":196,"column":57},"end":{"line":199,"column":1}}},"35":{"name":"(anonymous_49)","decl":{"start":{"line":198,"column":28},"end":{"line":198,"column":37}},"loc":{"start":{"line":198,"column":41},"end":{"line":198,"column":76}}},"36":{"name":"(anonymous_50)","decl":{"start":{"line":201,"column":32},"end":{"line":201,"column":41}},"loc":{"start":{"line":201,"column":43},"end":{"line":212,"column":null}}},"37":{"name":"(anonymous_51)","decl":{"start":{"line":201,"column":43},"end":{"line":201,"column":null}},"loc":{"start":{"line":201,"column":43},"end":{"line":212,"column":1}}},"38":{"name":"(anonymous_52)","decl":{"start":{"line":205,"column":26},"end":{"line":205,"column":35}},"loc":{"start":{"line":205,"column":38},"end":{"line":207,"column":5}}}},"branchMap":{"0":{"loc":{"start":{"line":48,"column":2},"end":{"line":50,"column":null}},"type":"if","locations":[{"start":{"line":48,"column":2},"end":{"line":50,"column":null}},{"start":{"line":48,"column":2},"end":{"line":50,"column":null}}]},"1":{"loc":{"start":{"line":83,"column":2},"end":{"line":85,"column":null}},"type":"if","locations":[{"start":{"line":83,"column":2},"end":{"line":85,"column":null}},{"start":{"line":83,"column":2},"end":{"line":85,"column":null}}]},"2":{"loc":{"start":{"line":108,"column":2},"end":{"line":119,"column":null}},"type":"if","locations":[{"start":{"line":108,"column":2},"end":{"line":119,"column":null}},{"start":{"line":108,"column":2},"end":{"line":119,"column":null}}]},"3":{"loc":{"start":{"line":110,"column":6},"end":{"line":110,"column":40}},"type":"binary-expr","locations":[{"start":{"line":110,"column":6},"end":{"line":110,"column":40}},{"start":{"line":111,"column":6},"end":{"line":111,"column":55}},{"start":{"line":112,"column":6},"end":{"line":112,"column":57}},{"start":{"line":113,"column":6},"end":{"line":113,"column":63}}]},"4":{"loc":{"start":{"line":127,"column":12},"end":{"line":127,"column":60}},"type":"binary-expr","locations":[{"start":{"line":127,"column":12},"end":{"line":127,"column":60}},{"start":{"line":128,"column":6},"end":{"line":128,"column":62}},{"start":{"line":129,"column":6},"end":{"line":129,"column":56}}]},"5":{"loc":{"start":{"line":140,"column":4},"end":{"line":143,"column":null}},"type":"if","locations":[{"start":{"line":140,"column":4},"end":{"line":143,"column":null}},{"start":{"line":140,"column":4},"end":{"line":143,"column":null}}]},"6":{"loc":{"start":{"line":140,"column":8},"end":{"line":140,"column":77}},"type":"binary-expr","locations":[{"start":{"line":140,"column":8},"end":{"line":140,"column":77}},{"start":{"line":141,"column":9},"end":{"line":141,"column":72}}]},"7":{"loc":{"start":{"line":152,"column":2},"end":{"line":164,"column":null}},"type":"if","locations":[{"start":{"line":152,"column":2},"end":{"line":164,"column":null}},{"start":{"line":152,"column":2},"end":{"line":164,"column":null}}]},"8":{"loc":{"start":{"line":154,"column":13},"end":{"line":154,"column":68}},"type":"binary-expr","locations":[{"start":{"line":154,"column":13},"end":{"line":154,"column":68}},{"start":{"line":155,"column":8},"end":{"line":155,"column":65}},{"start":{"line":156,"column":8},"end":{"line":156,"column":71}},{"start":{"line":157,"column":8},"end":{"line":157,"column":51}},{"start":{"line":157,"column":55},"end":{"line":157,"column":97}}]},"9":{"loc":{"start":{"line":161,"column":13},"end":{"line":161,"column":68}},"type":"binary-expr","locations":[{"start":{"line":161,"column":13},"end":{"line":161,"column":68}},{"start":{"line":162,"column":8},"end":{"line":162,"column":51}}]},"10":{"loc":{"start":{"line":171,"column":2},"end":{"line":188,"column":null}},"type":"if","locations":[{"start":{"line":171,"column":2},"end":{"line":188,"column":null}},{"start":{"line":171,"column":2},"end":{"line":188,"column":null}}]},"11":{"loc":{"start":{"line":173,"column":6},"end":{"line":178,"column":null}},"type":"if","locations":[{"start":{"line":173,"column":6},"end":{"line":178,"column":null}},{"start":{"line":173,"column":6},"end":{"line":178,"column":null}}]},"12":{"loc":{"start":{"line":173,"column":10},"end":{"line":173,"column":57}},"type":"binary-expr","locations":[{"start":{"line":173,"column":10},"end":{"line":173,"column":57}},{"start":{"line":174,"column":8},"end":{"line":174,"column":63}},{"start":{"line":175,"column":8},"end":{"line":175,"column":65}},{"start":{"line":176,"column":8},"end":{"line":176,"column":71}}]},"13":{"loc":{"start":{"line":177,"column":70},"end":{"line":177,"column":97}},"type":"cond-expr","locations":[{"start":{"line":177,"column":70},"end":{"line":177,"column":97}},{"start":{"line":177,"column":100},"end":{"line":177,"column":113}}]},"14":{"loc":{"start":{"line":182,"column":6},"end":{"line":186,"column":null}},"type":"if","locations":[{"start":{"line":182,"column":6},"end":{"line":186,"column":null}},{"start":{"line":182,"column":6},"end":{"line":186,"column":null}}]},"15":{"loc":{"start":{"line":182,"column":10},"end":{"line":182,"column":65}},"type":"binary-expr","locations":[{"start":{"line":182,"column":10},"end":{"line":182,"column":65}},{"start":{"line":183,"column":8},"end":{"line":183,"column":65}},{"start":{"line":184,"column":8},"end":{"line":184,"column":71}}]},"16":{"loc":{"start":{"line":185,"column":70},"end":{"line":185,"column":97}},"type":"cond-expr","locations":[{"start":{"line":185,"column":70},"end":{"line":185,"column":97}},{"start":{"line":185,"column":100},"end":{"line":185,"column":113}}]},"17":{"loc":{"start":{"line":206,"column":66},"end":{"line":206,"column":89}},"type":"cond-expr","locations":[{"start":{"line":206,"column":66},"end":{"line":206,"column":89}},{"start":{"line":206,"column":92},"end":{"line":206,"column":106}}]}},"s":{"0":2,"1":2,"2":2,"3":2,"4":2,"5":2,"6":10,"7":2,"8":3,"9":2,"10":2,"11":10,"12":10,"13":10,"14":4,"15":6,"16":6,"17":6,"18":2,"19":6,"20":6,"21":11,"22":11,"23":11,"24":21,"25":21,"26":11,"27":11,"28":6,"29":2,"30":11,"31":2,"32":21,"33":21,"34":21,"35":0,"36":21,"37":21,"38":21,"39":21,"40":2,"41":2,"42":2,"43":2,"44":2,"45":1,"46":1,"47":2,"48":2,"49":0,"50":0,"51":0,"52":0,"53":0,"54":0,"55":0,"56":2,"57":0,"58":0,"59":0,"60":0,"61":0,"62":0,"63":2,"64":1,"65":1,"66":2,"67":0,"68":0,"69":0,"70":0,"71":0,"72":0,"73":0,"74":2,"75":0,"76":0,"77":0,"78":0,"79":0,"80":0,"81":0,"82":0,"83":2,"84":0,"85":0,"86":0,"87":0,"88":0,"89":0,"90":0,"91":0,"92":0,"93":0,"94":0,"95":2,"96":0,"97":0,"98":2,"99":0,"100":0,"101":0,"102":0,"103":2,"104":4,"105":4,"106":4,"107":4,"108":2,"109":4,"110":2,"111":2,"112":2,"113":2},"f":{"0":10,"1":3,"2":10,"3":10,"4":6,"5":11,"6":21,"7":11,"8":21,"9":2,"10":2,"11":0,"12":0,"13":0,"14":0,"15":0,"16":0,"17":0,"18":1,"19":1,"20":0,"21":0,"22":0,"23":0,"24":0,"25":0,"26":0,"27":0,"28":0,"29":0,"30":0,"31":0,"32":0,"33":0,"34":0,"35":0,"36":4,"37":4,"38":4},"b":{"0":[4,6],"1":[0,21],"2":[0,0],"3":[0,0,0,0],"4":[0,0,0],"5":[0,0],"6":[0,0],"7":[0,0],"8":[0,0,0,0,0],"9":[0,0],"10":[0,0],"11":[0,0],"12":[0,0,0,0],"13":[0,0],"14":[0,0],"15":[0,0,0],"16":[0,0],"17":[4,0]}}
,"/home/embeddedsaugat/Documents/Projects/QMS/SourceCode/LocalServer/src/FrameworksAndDrivers/Drivers/TokenCategoryCountStorageImplementation.ts": {"path":"/home/embeddedsaugat/Documents/Projects/QMS/SourceCode/LocalServer/src/FrameworksAndDrivers/Drivers/TokenCategoryCountStorageImplementation.ts","statementMap":{"0":{"start":{"line":1,"column":0},"end":{"line":1,"column":29}},"1":{"start":{"line":2,"column":0},"end":{"line":2,"column":25}},"2":{"start":{"line":3,"column":0},"end":{"line":3,"column":29}},"3":{"start":{"line":7,"column":24},"end":{"line":8,"column":48}},"4":{"start":{"line":8,"column":2},"end":{"line":8,"column":48}},"5":{"start":{"line":7,"column":13},"end":{"line":7,"column":24}},"6":{"start":{"line":9,"column":25},"end":{"line":10,"column":55}},"7":{"start":{"line":10,"column":2},"end":{"line":10,"column":55}},"8":{"start":{"line":9,"column":13},"end":{"line":9,"column":25}},"9":{"start":{"line":18,"column":36},"end":{"line":18,"column":97}},"10":{"start":{"line":22,"column":40},"end":{"line":30,"column":null}},"11":{"start":{"line":22,"column":51},"end":{"line":30,"column":null}},"12":{"start":{"line":23,"column":26},"end":{"line":23,"column":69}},"13":{"start":{"line":24,"column":2},"end":{"line":29,"column":null}},"14":{"start":{"line":25,"column":4},"end":{"line":25,"column":14}},"15":{"start":{"line":27,"column":41},"end":{"line":27,"column":91}},"16":{"start":{"line":28,"column":4},"end":{"line":28,"column":40}},"17":{"start":{"line":32,"column":29},"end":{"line":49,"column":null}},"18":{"start":{"line":32,"column":78},"end":{"line":49,"column":null}},"19":{"start":{"line":33,"column":39},"end":{"line":33,"column":78}},"20":{"start":{"line":34,"column":28},"end":{"line":34,"column":123}},"21":{"start":{"line":34,"column":83},"end":{"line":34,"column":122}},"22":{"start":{"line":35,"column":2},"end":{"line":46,"column":null}},"23":{"start":{"line":36,"column":52},"end":{"line":41,"column":null}},"24":{"start":{"line":42,"column":4},"end":{"line":42,"column":60}},"25":{"start":{"line":43,"column":4},"end":{"line":43,"column":95}},"26":{"start":{"line":45,"column":4},"end":{"line":45,"column":47}},"27":{"start":{"line":51,"column":46},"end":{"line":60,"column":null}},"28":{"start":{"line":51,"column":93},"end":{"line":60,"column":null}},"29":{"start":{"line":52,"column":38},"end":{"line":52,"column":77}},"30":{"start":{"line":53,"column":45},"end":{"line":58,"column":4}},"31":{"start":{"line":54,"column":4},"end":{"line":56,"column":null}},"32":{"start":{"line":55,"column":6},"end":{"line":55,"column":31}},"33":{"start":{"line":57,"column":4},"end":{"line":57,"column":33}},"34":{"start":{"line":59,"column":2},"end":{"line":59,"column":44}},"35":{"start":{"line":64,"column":24},"end":{"line":71,"column":null}},"36":{"start":{"line":64,"column":51},"end":{"line":71,"column":null}},"37":{"start":{"line":65,"column":28},"end":{"line":65,"column":64}},"38":{"start":{"line":66,"column":2},"end":{"line":70,"column":null}},"39":{"start":{"line":67,"column":4},"end":{"line":67,"column":47}},"40":{"start":{"line":69,"column":4},"end":{"line":69,"column":47}},"41":{"start":{"line":73,"column":19},"end":{"line":82,"column":null}},"42":{"start":{"line":73,"column":46},"end":{"line":82,"column":null}},"43":{"start":{"line":74,"column":28},"end":{"line":74,"column":64}},"44":{"start":{"line":75,"column":2},"end":{"line":81,"column":null}},"45":{"start":{"line":76,"column":4},"end":{"line":76,"column":47}},"46":{"start":{"line":78,"column":4},"end":{"line":78,"column":44}},"47":{"start":{"line":79,"column":47},"end":{"line":79,"column":109}},"48":{"start":{"line":80,"column":4},"end":{"line":80,"column":101}},"49":{"start":{"line":84,"column":27},"end":{"line":93,"column":null}},"50":{"start":{"line":84,"column":72},"end":{"line":93,"column":null}},"51":{"start":{"line":85,"column":28},"end":{"line":85,"column":64}},"52":{"start":{"line":86,"column":2},"end":{"line":92,"column":null}},"53":{"start":{"line":87,"column":4},"end":{"line":87,"column":47}},"54":{"start":{"line":89,"column":4},"end":{"line":89,"column":51}},"55":{"start":{"line":90,"column":47},"end":{"line":90,"column":109}},"56":{"start":{"line":91,"column":4},"end":{"line":91,"column":101}},"57":{"start":{"line":95,"column":29},"end":{"line":99,"column":null}},"58":{"start":{"line":95,"column":56},"end":{"line":99,"column":null}},"59":{"start":{"line":96,"column":39},"end":{"line":96,"column":78}},"60":{"start":{"line":97,"column":28},"end":{"line":97,"column":123}},"61":{"start":{"line":97,"column":83},"end":{"line":97,"column":122}},"62":{"start":{"line":98,"column":2},"end":{"line":98,"column":27}},"63":{"start":{"line":101,"column":36},"end":{"line":106,"column":null}},"64":{"start":{"line":101,"column":78},"end":{"line":106,"column":null}},"65":{"start":{"line":102,"column":28},"end":{"line":102,"column":64}},"66":{"start":{"line":103,"column":2},"end":{"line":103,"column":53}},"67":{"start":{"line":104,"column":28},"end":{"line":104,"column":90}},"68":{"start":{"line":105,"column":2},"end":{"line":105,"column":82}},"69":{"start":{"line":108,"column":36},"end":{"line":114,"column":null}},"70":{"start":{"line":108,"column":63},"end":{"line":114,"column":null}},"71":{"start":{"line":109,"column":28},"end":{"line":109,"column":64}},"72":{"start":{"line":110,"column":2},"end":{"line":112,"column":null}},"73":{"start":{"line":111,"column":4},"end":{"line":111,"column":60}},"74":{"start":{"line":113,"column":2},"end":{"line":113,"column":52}},"75":{"start":{"line":116,"column":25},"end":{"line":119,"column":null}},"76":{"start":{"line":116,"column":36},"end":{"line":119,"column":null}},"77":{"start":{"line":117,"column":31},"end":{"line":117,"column":70}},"78":{"start":{"line":118,"column":2},"end":{"line":118,"column":30}},"79":{"start":{"line":121,"column":23},"end":{"line":130,"column":null}},"80":{"start":{"line":121,"column":72},"end":{"line":130,"column":null}},"81":{"start":{"line":122,"column":31},"end":{"line":122,"column":70}},"82":{"start":{"line":123,"column":35},"end":{"line":128,"column":4}},"83":{"start":{"line":124,"column":4},"end":{"line":126,"column":null}},"84":{"start":{"line":125,"column":6},"end":{"line":125,"column":52}},"85":{"start":{"line":127,"column":4},"end":{"line":127,"column":29}},"86":{"start":{"line":129,"column":2},"end":{"line":129,"column":89}},"87":{"start":{"line":132,"column":23},"end":{"line":136,"column":null}},"88":{"start":{"line":132,"column":50},"end":{"line":136,"column":null}},"89":{"start":{"line":133,"column":31},"end":{"line":133,"column":70}},"90":{"start":{"line":134,"column":36},"end":{"line":134,"column":125}},"91":{"start":{"line":134,"column":85},"end":{"line":134,"column":124}},"92":{"start":{"line":135,"column":2},"end":{"line":135,"column":90}},"93":{"start":{"line":139,"column":74},"end":{"line":149,"column":null}},"94":{"start":{"line":151,"column":0},"end":{"line":151,"column":55}}},"fnMap":{"0":{"name":"(anonymous_13)","decl":{"start":{"line":7,"column":24},"end":{"line":7,"column":25}},"loc":{"start":{"line":8,"column":2},"end":{"line":8,"column":48}}},"1":{"name":"(anonymous_14)","decl":{"start":{"line":9,"column":25},"end":{"line":9,"column":26}},"loc":{"start":{"line":10,"column":2},"end":{"line":10,"column":55}}},"2":{"name":"(anonymous_15)","decl":{"start":{"line":22,"column":40},"end":{"line":22,"column":49}},"loc":{"start":{"line":22,"column":51},"end":{"line":30,"column":null}}},"3":{"name":"(anonymous_16)","decl":{"start":{"line":22,"column":51},"end":{"line":22,"column":null}},"loc":{"start":{"line":22,"column":51},"end":{"line":30,"column":1}}},"4":{"name":"(anonymous_17)","decl":{"start":{"line":32,"column":29},"end":{"line":32,"column":36}},"loc":{"start":{"line":32,"column":78},"end":{"line":49,"column":null}}},"5":{"name":"(anonymous_18)","decl":{"start":{"line":32,"column":78},"end":{"line":32,"column":null}},"loc":{"start":{"line":32,"column":78},"end":{"line":49,"column":1}}},"6":{"name":"(anonymous_19)","decl":{"start":{"line":34,"column":62},"end":{"line":34,"column":79}},"loc":{"start":{"line":34,"column":83},"end":{"line":34,"column":122}}},"7":{"name":"(anonymous_20)","decl":{"start":{"line":51,"column":46},"end":{"line":51,"column":53}},"loc":{"start":{"line":51,"column":93},"end":{"line":60,"column":null}}},"8":{"name":"(anonymous_21)","decl":{"start":{"line":51,"column":93},"end":{"line":51,"column":null}},"loc":{"start":{"line":51,"column":93},"end":{"line":60,"column":1}}},"9":{"name":"(anonymous_22)","decl":{"start":{"line":53,"column":77},"end":{"line":53,"column":98}},"loc":{"start":{"line":53,"column":101},"end":{"line":58,"column":3}}},"10":{"name":"(anonymous_23)","decl":{"start":{"line":64,"column":24},"end":{"line":64,"column":31}},"loc":{"start":{"line":64,"column":51},"end":{"line":71,"column":null}}},"11":{"name":"(anonymous_24)","decl":{"start":{"line":64,"column":51},"end":{"line":64,"column":null}},"loc":{"start":{"line":64,"column":51},"end":{"line":71,"column":1}}},"12":{"name":"(anonymous_25)","decl":{"start":{"line":73,"column":19},"end":{"line":73,"column":26}},"loc":{"start":{"line":73,"column":46},"end":{"line":82,"column":null}}},"13":{"name":"(anonymous_26)","decl":{"start":{"line":73,"column":46},"end":{"line":73,"column":null}},"loc":{"start":{"line":73,"column":46},"end":{"line":82,"column":1}}},"14":{"name":"(anonymous_27)","decl":{"start":{"line":84,"column":27},"end":{"line":84,"column":34}},"loc":{"start":{"line":84,"column":72},"end":{"line":93,"column":null}}},"15":{"name":"(anonymous_28)","decl":{"start":{"line":84,"column":72},"end":{"line":84,"column":null}},"loc":{"start":{"line":84,"column":72},"end":{"line":93,"column":1}}},"16":{"name":"(anonymous_29)","decl":{"start":{"line":95,"column":29},"end":{"line":95,"column":36}},"loc":{"start":{"line":95,"column":56},"end":{"line":99,"column":null}}},"17":{"name":"(anonymous_30)","decl":{"start":{"line":95,"column":56},"end":{"line":95,"column":null}},"loc":{"start":{"line":95,"column":56},"end":{"line":99,"column":1}}},"18":{"name":"(anonymous_31)","decl":{"start":{"line":97,"column":62},"end":{"line":97,"column":79}},"loc":{"start":{"line":97,"column":83},"end":{"line":97,"column":122}}},"19":{"name":"(anonymous_32)","decl":{"start":{"line":101,"column":36},"end":{"line":101,"column":43}},"loc":{"start":{"line":101,"column":78},"end":{"line":106,"column":null}}},"20":{"name":"(anonymous_33)","decl":{"start":{"line":101,"column":78},"end":{"line":101,"column":null}},"loc":{"start":{"line":101,"column":78},"end":{"line":106,"column":1}}},"21":{"name":"(anonymous_34)","decl":{"start":{"line":108,"column":36},"end":{"line":108,"column":43}},"loc":{"start":{"line":108,"column":63},"end":{"line":114,"column":null}}},"22":{"name":"(anonymous_35)","decl":{"start":{"line":108,"column":63},"end":{"line":108,"column":null}},"loc":{"start":{"line":108,"column":63},"end":{"line":114,"column":1}}},"23":{"name":"(anonymous_36)","decl":{"start":{"line":116,"column":25},"end":{"line":116,"column":34}},"loc":{"start":{"line":116,"column":36},"end":{"line":119,"column":null}}},"24":{"name":"(anonymous_37)","decl":{"start":{"line":116,"column":36},"end":{"line":116,"column":null}},"loc":{"start":{"line":116,"column":36},"end":{"line":119,"column":1}}},"25":{"name":"(anonymous_38)","decl":{"start":{"line":121,"column":23},"end":{"line":121,"column":30}},"loc":{"start":{"line":121,"column":72},"end":{"line":130,"column":null}}},"26":{"name":"(anonymous_39)","decl":{"start":{"line":121,"column":72},"end":{"line":121,"column":null}},"loc":{"start":{"line":121,"column":72},"end":{"line":130,"column":1}}},"27":{"name":"(anonymous_40)","decl":{"start":{"line":123,"column":60},"end":{"line":123,"column":77}},"loc":{"start":{"line":123,"column":80},"end":{"line":128,"column":3}}},"28":{"name":"(anonymous_41)","decl":{"start":{"line":132,"column":23},"end":{"line":132,"column":30}},"loc":{"start":{"line":132,"column":50},"end":{"line":136,"column":null}}},"29":{"name":"(anonymous_42)","decl":{"start":{"line":132,"column":50},"end":{"line":132,"column":null}},"loc":{"start":{"line":132,"column":50},"end":{"line":136,"column":1}}},"30":{"name":"(anonymous_43)","decl":{"start":{"line":134,"column":64},"end":{"line":134,"column":81}},"loc":{"start":{"line":134,"column":85},"end":{"line":134,"column":124}}}},"branchMap":{"0":{"loc":{"start":{"line":24,"column":2},"end":{"line":29,"column":null}},"type":"if","locations":[{"start":{"line":24,"column":2},"end":{"line":29,"column":null}},{"start":{"line":24,"column":2},"end":{"line":29,"column":null}}]},"1":{"loc":{"start":{"line":35,"column":2},"end":{"line":46,"column":null}},"type":"if","locations":[{"start":{"line":35,"column":2},"end":{"line":46,"column":null}},{"start":{"line":35,"column":2},"end":{"line":46,"column":null}}]},"2":{"loc":{"start":{"line":54,"column":4},"end":{"line":56,"column":null}},"type":"if","locations":[{"start":{"line":54,"column":4},"end":{"line":56,"column":null}},{"start":{"line":54,"column":4},"end":{"line":56,"column":null}}]},"3":{"loc":{"start":{"line":66,"column":2},"end":{"line":70,"column":null}},"type":"if","locations":[{"start":{"line":66,"column":2},"end":{"line":70,"column":null}},{"start":{"line":66,"column":2},"end":{"line":70,"column":null}}]},"4":{"loc":{"start":{"line":75,"column":2},"end":{"line":81,"column":null}},"type":"if","locations":[{"start":{"line":75,"column":2},"end":{"line":81,"column":null}},{"start":{"line":75,"column":2},"end":{"line":81,"column":null}}]},"5":{"loc":{"start":{"line":86,"column":2},"end":{"line":92,"column":null}},"type":"if","locations":[{"start":{"line":86,"column":2},"end":{"line":92,"column":null}},{"start":{"line":86,"column":2},"end":{"line":92,"column":null}}]},"6":{"loc":{"start":{"line":110,"column":2},"end":{"line":112,"column":null}},"type":"if","locations":[{"start":{"line":110,"column":2},"end":{"line":112,"column":null}},{"start":{"line":110,"column":2},"end":{"line":112,"column":null}}]},"7":{"loc":{"start":{"line":124,"column":4},"end":{"line":126,"column":null}},"type":"if","locations":[{"start":{"line":124,"column":4},"end":{"line":126,"column":null}},{"start":{"line":124,"column":4},"end":{"line":126,"column":null}}]}},"s":{"0":3,"1":3,"2":3,"3":3,"4":29,"5":3,"6":3,"7":8,"8":3,"9":3,"10":3,"11":26,"12":26,"13":26,"14":2,"15":24,"16":24,"17":3,"18":3,"19":3,"20":3,"21":2,"22":3,"23":2,"24":2,"25":2,"26":1,"27":3,"28":6,"29":6,"30":6,"31":12,"32":6,"33":6,"34":6,"35":3,"36":9,"37":9,"38":9,"39":1,"40":8,"41":3,"42":2,"43":2,"44":2,"45":0,"46":2,"47":2,"48":2,"49":3,"50":2,"51":2,"52":2,"53":0,"54":2,"55":2,"56":2,"57":3,"58":17,"59":17,"60":17,"61":24,"62":17,"63":3,"64":2,"65":2,"66":2,"67":2,"68":2,"69":3,"70":2,"71":2,"72":2,"73":0,"74":2,"75":3,"76":0,"77":0,"78":0,"79":3,"80":0,"81":0,"82":0,"83":0,"84":0,"85":0,"86":0,"87":3,"88":0,"89":0,"90":0,"91":0,"92":0,"93":3,"94":3},"f":{"0":29,"1":8,"2":26,"3":26,"4":3,"5":3,"6":2,"7":6,"8":6,"9":12,"10":9,"11":9,"12":2,"13":2,"14":2,"15":2,"16":17,"17":17,"18":24,"19":2,"20":2,"21":2,"22":2,"23":0,"24":0,"25":0,"26":0,"27":0,"28":0,"29":0,"30":0},"b":{"0":[2,24],"1":[2,1],"2":[6,6],"3":[1,8],"4":[0,2],"5":[0,2],"6":[0,2],"7":[0,0]}}
,"/home/embeddedsaugat/Documents/Projects/QMS/SourceCode/LocalServer/src/FrameworksAndDrivers/Drivers/TokenCountStorageImplementation.ts": {"path":"/home/embeddedsaugat/Documents/Projects/QMS/SourceCode/LocalServer/src/FrameworksAndDrivers/Drivers/TokenCountStorageImplementation.ts","statementMap":{"0":{"start":{"line":1,"column":0},"end":{"line":1,"column":29}},"1":{"start":{"line":2,"column":0},"end":{"line":2,"column":25}},"2":{"start":{"line":3,"column":0},"end":{"line":3,"column":29}},"3":{"start":{"line":7,"column":17},"end":{"line":8,"column":48}},"4":{"start":{"line":8,"column":2},"end":{"line":8,"column":48}},"5":{"start":{"line":9,"column":18},"end":{"line":10,"column":55}},"6":{"start":{"line":10,"column":2},"end":{"line":10,"column":55}},"7":{"start":{"line":16,"column":36},"end":{"line":16,"column":89}},"8":{"start":{"line":18,"column":29},"end":{"line":22,"column":null}},"9":{"start":{"line":18,"column":40},"end":{"line":22,"column":null}},"10":{"start":{"line":19,"column":26},"end":{"line":19,"column":69}},"11":{"start":{"line":20,"column":28},"end":{"line":20,"column":82}},"12":{"start":{"line":21,"column":2},"end":{"line":21,"column":27}},"13":{"start":{"line":24,"column":24},"end":{"line":27,"column":null}},"14":{"start":{"line":24,"column":35},"end":{"line":27,"column":null}},"15":{"start":{"line":25,"column":28},"end":{"line":25,"column":56}},"16":{"start":{"line":26,"column":2},"end":{"line":26,"column":45}},"17":{"start":{"line":29,"column":19},"end":{"line":33,"column":null}},"18":{"start":{"line":29,"column":30},"end":{"line":33,"column":null}},"19":{"start":{"line":30,"column":28},"end":{"line":30,"column":56}},"20":{"start":{"line":31,"column":2},"end":{"line":31,"column":42}},"21":{"start":{"line":32,"column":2},"end":{"line":32,"column":82}},"22":{"start":{"line":35,"column":27},"end":{"line":39,"column":null}},"23":{"start":{"line":35,"column":54},"end":{"line":39,"column":null}},"24":{"start":{"line":36,"column":28},"end":{"line":36,"column":56}},"25":{"start":{"line":37,"column":2},"end":{"line":37,"column":49}},"26":{"start":{"line":38,"column":2},"end":{"line":38,"column":82}},"27":{"start":{"line":41,"column":36},"end":{"line":45,"column":null}},"28":{"start":{"line":41,"column":60},"end":{"line":45,"column":null}},"29":{"start":{"line":42,"column":28},"end":{"line":42,"column":56}},"30":{"start":{"line":43,"column":2},"end":{"line":43,"column":53}},"31":{"start":{"line":44,"column":2},"end":{"line":44,"column":82}},"32":{"start":{"line":47,"column":36},"end":{"line":50,"column":null}},"33":{"start":{"line":47,"column":47},"end":{"line":50,"column":null}},"34":{"start":{"line":48,"column":28},"end":{"line":48,"column":56}},"35":{"start":{"line":49,"column":2},"end":{"line":49,"column":52}},"36":{"start":{"line":52,"column":66},"end":{"line":58,"column":2}},"37":{"start":{"line":60,"column":0},"end":{"line":60,"column":47}}},"fnMap":{"0":{"name":"(anonymous_13)","decl":{"start":{"line":7,"column":17},"end":{"line":7,"column":18}},"loc":{"start":{"line":8,"column":2},"end":{"line":8,"column":48}}},"1":{"name":"(anonymous_14)","decl":{"start":{"line":9,"column":18},"end":{"line":9,"column":19}},"loc":{"start":{"line":10,"column":2},"end":{"line":10,"column":55}}},"2":{"name":"(anonymous_15)","decl":{"start":{"line":18,"column":29},"end":{"line":18,"column":38}},"loc":{"start":{"line":18,"column":40},"end":{"line":22,"column":null}}},"3":{"name":"(anonymous_16)","decl":{"start":{"line":18,"column":40},"end":{"line":18,"column":null}},"loc":{"start":{"line":18,"column":40},"end":{"line":22,"column":1}}},"4":{"name":"(anonymous_17)","decl":{"start":{"line":24,"column":24},"end":{"line":24,"column":33}},"loc":{"start":{"line":24,"column":35},"end":{"line":27,"column":null}}},"5":{"name":"(anonymous_18)","decl":{"start":{"line":24,"column":35},"end":{"line":24,"column":null}},"loc":{"start":{"line":24,"column":35},"end":{"line":27,"column":1}}},"6":{"name":"(anonymous_19)","decl":{"start":{"line":29,"column":19},"end":{"line":29,"column":28}},"loc":{"start":{"line":29,"column":30},"end":{"line":33,"column":null}}},"7":{"name":"(anonymous_20)","decl":{"start":{"line":29,"column":30},"end":{"line":29,"column":null}},"loc":{"start":{"line":29,"column":30},"end":{"line":33,"column":1}}},"8":{"name":"(anonymous_21)","decl":{"start":{"line":35,"column":27},"end":{"line":35,"column":34}},"loc":{"start":{"line":35,"column":54},"end":{"line":39,"column":null}}},"9":{"name":"(anonymous_22)","decl":{"start":{"line":35,"column":54},"end":{"line":35,"column":null}},"loc":{"start":{"line":35,"column":54},"end":{"line":39,"column":1}}},"10":{"name":"(anonymous_23)","decl":{"start":{"line":41,"column":36},"end":{"line":41,"column":43}},"loc":{"start":{"line":41,"column":60},"end":{"line":45,"column":null}}},"11":{"name":"(anonymous_24)","decl":{"start":{"line":41,"column":60},"end":{"line":41,"column":null}},"loc":{"start":{"line":41,"column":60},"end":{"line":45,"column":1}}},"12":{"name":"(anonymous_25)","decl":{"start":{"line":47,"column":36},"end":{"line":47,"column":45}},"loc":{"start":{"line":47,"column":47},"end":{"line":50,"column":null}}},"13":{"name":"(anonymous_26)","decl":{"start":{"line":47,"column":47},"end":{"line":47,"column":null}},"loc":{"start":{"line":47,"column":47},"end":{"line":50,"column":1}}}},"branchMap":{},"s":{"0":2,"1":2,"2":2,"3":2,"4":9,"5":2,"6":5,"7":2,"8":2,"9":9,"10":9,"11":9,"12":9,"13":2,"14":3,"15":3,"16":3,"17":2,"18":1,"19":1,"20":1,"21":1,"22":2,"23":3,"24":3,"25":3,"26":3,"27":2,"28":1,"29":1,"30":1,"31":1,"32":2,"33":1,"34":1,"35":1,"36":2,"37":2},"f":{"0":9,"1":5,"2":9,"3":9,"4":3,"5":3,"6":1,"7":1,"8":3,"9":3,"10":1,"11":1,"12":1,"13":1},"b":{}}
[...]
lumn":1}}},"14":{"name":"(anonymous_28)","decl":{"start":{"line":56,"column":34},"end":{"line":56,"column":35}},"loc":{"start":{"line":56,"column":44},"end":{"line":56,"column":76}}},"15":{"name":"(anonymous_29)","decl":{"start":{"line":60,"column":19},"end":{"line":60,"column":26}},"loc":{"start":{"line":60,"column":55},"end":{"line":73,"column":2}}},"16":{"name":"(anonymous_30)","decl":{"start":{"line":60,"column":55},"end":{"line":60,"column":null}},"loc":{"start":{"line":60,"column":55},"end":{"line":73,"column":1}}},"17":{"name":"(anonymous_31)","decl":{"start":{"line":64,"column":4},"end":{"line":64,"column":5}},"loc":{"start":{"line":64,"column":21},"end":{"line":69,"column":5}}},"18":{"name":"(anonymous_32)","decl":{"start":{"line":75,"column":36},"end":{"line":75,"column":43}},"loc":{"start":{"line":75,"column":86},"end":{"line":83,"column":2}}},"19":{"name":"(anonymous_33)","decl":{"start":{"line":75,"column":86},"end":{"line":75,"column":null}},"loc":{"start":{"line":75,"column":86},"end":{"line":83,"column":1}}},"20":{"name":"(anonymous_34)","decl":{"start":{"line":77,"column":24},"end":{"line":77,"column":32}},"loc":{"start":{"line":77,"column":35},"end":{"line":82,"column":3}}},"21":{"name":"(anonymous_35)","decl":{"start":{"line":85,"column":30},"end":{"line":85,"column":37}},"loc":{"start":{"line":85,"column":73},"end":{"line":88,"column":2}}},"22":{"name":"(anonymous_36)","decl":{"start":{"line":85,"column":73},"end":{"line":85,"column":null}},"loc":{"start":{"line":85,"column":73},"end":{"line":88,"column":1}}},"23":{"name":"(anonymous_37)","decl":{"start":{"line":87,"column":20},"end":{"line":87,"column":21}},"loc":{"start":{"line":87,"column":30},"end":{"line":87,"column":48}}},"24":{"name":"(anonymous_38)","decl":{"start":{"line":90,"column":19},"end":{"line":90,"column":26}},"loc":{"start":{"line":90,"column":55},"end":{"line":99,"column":2}}},"25":{"name":"(anonymous_39)","decl":{"start":{"line":90,"column":55},"end":{"line":90,"column":null}},"loc":{"start":{"line":90,"column":55},"end":{"line":99,"column":1}}},"26":{"name":"(anonymous_40)","decl":{"start":{"line":92,"column":34},"end":{"line":92,"column":35}},"loc":{"start":{"line":92,"column":47},"end":{"line":97,"column":3}}},"27":{"name":"(anonymous_41)","decl":{"start":{"line":101,"column":26},"end":{"line":101,"column":33}},"loc":{"start":{"line":101,"column":70},"end":{"line":106,"column":2}}},"28":{"name":"(anonymous_42)","decl":{"start":{"line":101,"column":70},"end":{"line":101,"column":null}},"loc":{"start":{"line":101,"column":70},"end":{"line":106,"column":1}}},"29":{"name":"(anonymous_43)","decl":{"start":{"line":103,"column":38},"end":{"line":103,"column":39}},"loc":{"start":{"line":103,"column":51},"end":{"line":105,"column":3}}},"30":{"name":"(anonymous_44)","decl":{"start":{"line":108,"column":23},"end":{"line":108,"column":30}},"loc":{"start":{"line":108,"column":49},"end":{"line":111,"column":2}}},"31":{"name":"(anonymous_45)","decl":{"start":{"line":108,"column":49},"end":{"line":108,"column":null}},"loc":{"start":{"line":108,"column":49},"end":{"line":111,"column":1}}},"32":{"name":"(anonymous_46)","decl":{"start":{"line":110,"column":25},"end":{"line":110,"column":26}},"loc":{"start":{"line":110,"column":35},"end":{"line":110,"column":67}}},"33":{"name":"(anonymous_47)","decl":{"start":{"line":113,"column":27},"end":{"line":113,"column":36}},"loc":{"start":{"line":113,"column":38},"end":{"line":123,"column":null}}},"34":{"name":"(anonymous_48)","decl":{"start":{"line":113,"column":38},"end":{"line":113,"column":null}},"loc":{"start":{"line":113,"column":38},"end":{"line":123,"column":1}}},"35":{"name":"(anonymous_49)","decl":{"start":{"line":117,"column":23},"end":{"line":117,"column":31}},"loc":{"start":{"line":117,"column":34},"end":{"line":121,"column":3}}},"36":{"name":"(anonymous_50)","decl":{"start":{"line":125,"column":37},"end":{"line":125,"column":44}},"loc":{"start":{"line":125,"column":72},"end":{"line":132,"column":null}}},"37":{"name":"(anonymous_51)","decl":{"start":{"line":125,"column":72},"end":{"line":125,"column":null}},"loc":{"start":{"line":125,"column":72},"end":{"line":132,"column":1}}},"38":{"name":"(anonymous_52)","decl":{"start":{"line":127,"column":37},"end":{"line":127,"column":45}},"loc":{"start":{"line":127,"column":49},"end":{"line":127,"column":137}}}},"branchMap":{"0":{"loc":{"start":{"line":45,"column":4},"end":{"line":47,"column":null}},"type":"if","locations":[{"start":{"line":45,"column":4},"end":{"line":47,"column":null}},{"start":{"line":45,"column":4},"end":{"line":47,"column":null}}]},"1":{"loc":{"start":{"line":65,"column":6},"end":{"line":67,"column":null}},"type":"if","locations":[{"start":{"line":65,"column":6},"end":{"line":67,"column":null}},{"start":{"line":65,"column":6},"end":{"line":67,"column":null}}]},"2":{"loc":{"start":{"line":79,"column":6},"end":{"line":79,"column":55}},"type":"binary-expr","locations":[{"start":{"line":79,"column":6},"end":{"line":79,"column":55}},{"start":{"line":80,"column":6},"end":{"line":80,"column":43}}]},"3":{"loc":{"start":{"line":93,"column":4},"end":{"line":95,"column":null}},"type":"if","locations":[{"start":{"line":93,"column":4},"end":{"line":95,"column":null}},{"start":{"line":93,"column":4},"end":{"line":95,"column":null}}]},"4":{"loc":{"start":{"line":103,"column":9},"end":{"line":103,"column":16}},"type":"binary-expr","locations":[{"start":{"line":103,"column":9},"end":{"line":103,"column":16}},{"start":{"line":103,"column":20},"end":{"line":105,"column":4}}]},"5":{"loc":{"start":{"line":104,"column":11},"end":{"line":104,"column":27}},"type":"binary-expr","locations":[{"start":{"line":104,"column":11},"end":{"line":104,"column":27}},{"start":{"line":104,"column":31},"end":{"line":104,"column":59}}]},"6":{"loc":{"start":{"line":118,"column":4},"end":{"line":120,"column":null}},"type":"if","locations":[{"start":{"line":118,"column":4},"end":{"line":120,"column":null}},{"start":{"line":118,"column":4},"end":{"line":120,"column":null}}]},"7":{"loc":{"start":{"line":127,"column":49},"end":{"line":127,"column":91}},"type":"binary-expr","locations":[{"start":{"line":127,"column":49},"end":{"line":127,"column":91}},{"start":{"line":127,"column":95},"end":{"line":127,"column":137}}]},"8":{"loc":{"start":{"line":128,"column":2},"end":{"line":130,"column":null}},"type":"if","locations":[{"start":{"line":128,"column":2},"end":{"line":130,"column":null}},{"start":{"line":128,"column":2},"end":{"line":130,"column":null}}]}},"s":{"0":1,"1":1,"2":1,"3":1,"4":1,"5":67,"6":1,"7":1,"8":12,"9":1,"10":1,"11":1,"12":67,"13":67,"14":67,"15":67,"16":1,"17":1,"18":4,"19":4,"20":4,"21":4,"22":1,"23":1,"24":25,"25":25,"26":25,"27":25,"28":148,"29":25,"30":1,"31":1,"32":2,"33":2,"34":2,"35":13,"36":11,"37":2,"38":1,"39":1,"40":16,"41":16,"42":16,"43":54,"44":16,"45":1,"46":1,"47":2,"48":2,"49":2,"50":12,"51":2,"52":12,"53":2,"54":1,"55":1,"56":10,"57":10,"58":10,"59":53,"60":1,"61":1,"62":5,"63":5,"64":5,"65":25,"66":1,"67":1,"68":2,"69":2,"70":2,"71":11,"72":2,"73":11,"74":2,"75":1,"76":1,"77":9,"78":9,"79":9,"80":21,"81":1,"82":1,"83":6,"84":6,"85":6,"86":33,"87":1,"88":1,"89":2,"90":2,"91":2,"92":2,"93":11,"94":11,"95":2,"96":1,"97":1,"98":4,"99":4,"100":4,"101":20,"102":4,"103":2,"104":2,"105":1},"f":{"0":67,"1":12,"2":67,"3":67,"4":4,"5":4,"6":25,"7":25,"8":148,"9":2,"10":2,"11":13,"12":16,"13":16,"14":54,"15":2,"16":2,"17":12,"18":10,"19":10,"20":53,"21":5,"22":5,"23":25,"24":2,"25":2,"26":11,"27":9,"28":9,"29":21,"30":6,"31":6,"32":33,"33":2,"34":2,"35":11,"36":4,"37":4,"38":20},"b":{"0":[11,2],"1":[2,10],"2":[53,4],"3":[2,9],"4":[9,6],"5":[21,11],"6":[11,0],"7":[20,4],"8":[2,2]}}
,"/home/embeddedsaugat/Documents/Projects/QMS/SourceCode/LocalServer/tests/UseCases/PluginManagementComponent/plugins/plugin1/EventHandlers.ts": {"path":"/home/embeddedsaugat/Documents/Projects/QMS/SourceCode/LocalServer/tests/UseCases/PluginManagementComponent/plugins/plugin1/EventHandlers.ts","statementMap":{"0":{"start":{"line":8,"column":4},"end":{"line":8,"column":26}},"1":{"start":{"line":16,"column":4},"end":{"line":16,"column":21}},"2":{"start":{"line":20,"column":4},"end":{"line":20,"column":51}},"3":{"start":{"line":28,"column":4},"end":{"line":28,"column":21}},"4":{"start":{"line":32,"column":4},"end":{"line":32,"column":51}},"5":{"start":{"line":36,"column":13},"end":{"line":36,"column":70}},"6":{"start":{"line":37,"column":13},"end":{"line":37,"column":71}}},"fnMap":{"0":{"name":"(anonymous_0)","decl":{"start":{"line":5,"column":2},"end":{"line":5,"column":14}},"loc":{"start":{"line":5,"column":31},"end":{"line":5,"column":35}}},"1":{"name":"(anonymous_1)","decl":{"start":{"line":7,"column":9},"end":{"line":7,"column":21}},"loc":{"start":{"line":7,"column":21},"end":{"line":9,"column":3}}},"2":{"name":"(anonymous_2)","decl":{"start":{"line":15,"column":2},"end":{"line":15,"column":14}},"loc":{"start":{"line":15,"column":31},"end":{"line":17,"column":3}}},"3":{"name":"(anonymous_3)","decl":{"start":{"line":19,"column":9},"end":{"line":19,"column":20}},"loc":{"start":{"line":19,"column":20},"end":{"line":21,"column":3}}},"4":{"name":"(anonymous_4)","decl":{"start":{"line":27,"column":2},"end":{"line":27,"column":14}},"loc":{"start":{"line":27,"column":31},"end":{"line":29,"column":3}}},"5":{"name":"(anonymous_5)","decl":{"start":{"line":31,"column":9},"end":{"line":31,"column":20}},"loc":{"start":{"line":31,"column":20},"end":{"line":33,"column":3}}}},"branchMap":{},"s":{"0":0,"1":2,"2":0,"3":2,"4":0,"5":2,"6":2},"f":{"0":4,"1":0,"2":2,"3":0,"4":2,"5":0},"b":{}}
,"/home/embeddedsaugat/Documents/Projects/QMS/SourceCode/LocalServer/tests/UseCases/PluginManagementComponent/plugins/plugin1/index.ts": {"path":"/home/embeddedsaugat/Documents/Projects/QMS/SourceCode/LocalServer/tests/UseCases/PluginManagementComponent/plugins/plugin1/index.ts","statementMap":{"0":{"start":{"line":1,"column":0},"end":{"line":1,"column":55}},"1":{"start":{"line":2,"column":0},"end":{"line":2,"column":55}},"2":{"start":{"line":5,"column":24},"end":{"line":8,"column":2}},"3":{"start":{"line":10,"column":0},"end":{"line":10,"column":23}}},"fnMap":{},"branchMap":{},"s":{"0":2,"1":2,"2":2,"3":2},"f":{},"b":{}}
,"/home/embeddedsaugat/Documents/Projects/QMS/SourceCode/LocalServer/tests/UseCases/PluginManagementComponent/plugins/plugin2/EventHandlers.ts": {"path":"/home/embeddedsaugat/Documents/Projects/QMS/SourceCode/LocalServer/tests/UseCases/PluginManagementComponent/plugins/plugin2/EventHandlers.ts","statementMap":{"0":{"start":{"line":8,"column":4},"end":{"line":8,"column":26}},"1":{"start":{"line":16,"column":4},"end":{"line":16,"column":21}},"2":{"start":{"line":20,"column":4},"end":{"line":20,"column":51}},"3":{"start":{"line":28,"column":4},"end":{"line":28,"column":21}},"4":{"start":{"line":32,"column":4},"end":{"line":32,"column":51}},"5":{"start":{"line":36,"column":13},"end":{"line":36,"column":77}},"6":{"start":{"line":37,"column":13},"end":{"line":37,"column":78}}},"fnMap":{"0":{"name":"(anonymous_0)","decl":{"start":{"line":5,"column":2},"end":{"line":5,"column":14}},"loc":{"start":{"line":5,"column":31},"end":{"line":5,"column":35}}},"1":{"name":"(anonymous_1)","decl":{"start":{"line":7,"column":9},"end":{"line":7,"column":21}},"loc":{"start":{"line":7,"column":21},"end":{"line":9,"column":3}}},"2":{"name":"(anonymous_2)","decl":{"start":{"line":15,"column":2},"end":{"line":15,"column":14}},"loc":{"start":{"line":15,"column":31},"end":{"line":17,"column":3}}},"3":{"name":"(anonymous_3)","decl":{"start":{"line":19,"column":9},"end":{"line":19,"column":20}},"loc":{"start":{"line":19,"column":20},"end":{"line":21,"column":3}}},"4":{"name":"(anonymous_4)","decl":{"start":{"line":27,"column":2},"end":{"line":27,"column":14}},"loc":{"start":{"line":27,"column":31},"end":{"line":29,"column":3}}},"5":{"name":"(anonymous_5)","decl":{"start":{"line":31,"column":9},"end":{"line":31,"column":20}},"loc":{"start":{"line":31,"column":20},"end":{"line":33,"column":3}}}},"branchMap":{},"s":{"0":0,"1":2,"2":0,"3":2,"4":0,"5":2,"6":2},"f":{"0":4,"1":0,"2":2,"3":0,"4":2,"5":0},"b":{}}
,"/home/embeddedsaugat/Documents/Projects/QMS/SourceCode/LocalServer/tests/UseCases/PluginManagementComponent/plugins/plugin2/PipelineExecutors.ts": {"path":"/home/embeddedsaugat/Documents/Projects/QMS/SourceCode/LocalServer/tests/UseCases/PluginManagementComponent/plugins/plugin2/PipelineExecutors.ts","statementMap":{"0":{"start":{"line":4,"column":35},"end":{"line":8,"column":2}},"1":{"start":{"line":6,"column":4},"end":{"line":6,"column":45}},"2":{"start":{"line":10,"column":35},"end":{"line":14,"column":2}},"3":{"start":{"line":12,"column":4},"end":{"line":12,"column":45}},"4":{"start":{"line":16,"column":35},"end":{"line":20,"column":2}},"5":{"start":{"line":18,"column":4},"end":{"line":18,"column":45}},"6":{"start":{"line":22,"column":35},"end":{"line":26,"column":2}},"7":{"start":{"line":24,"column":4},"end":{"line":24,"column":45}},"8":{"start":{"line":29,"column":9},"end":{"line":29,"column":35}},"9":{"start":{"line":32,"column":4},"end":{"line":32,"column":37}},"10":{"start":{"line":36,"column":4},"end":{"line":36,"column":32}},"11":{"start":{"line":40,"column":18},"end":{"line":40,"column":61}},"12":{"start":{"line":48,"column":8},"end":{"line":48,"column":17}},"13":{"start":{"line":41,"column":18},"end":{"line":41,"column":60}},"14":{"start":{"line":48,"column":19},"end":{"line":48,"column":28}},"15":{"start":{"line":43,"column":0},"end":{"line":43,"column":40}},"16":{"start":{"line":44,"column":0},"end":{"line":44,"column":40}},"17":{"start":{"line":45,"column":0},"end":{"line":45,"column":40}},"18":{"start":{"line":46,"column":0},"end":{"line":46,"column":40}}},"fnMap":{"0":{"name":"(anonymous_0)","decl":{"start":{"line":5,"column":2},"end":{"line":5,"column":12}},"loc":{"start":{"line":5,"column":12},"end":{"line":7,"column":3}}},"1":{"name":"(anonymous_1)","decl":{"start":{"line":11,"column":2},"end":{"line":11,"column":12}},"loc":{"start":{"line":11,"column":12},"end":{"line":13,"column":3}}},"2":{"name":"(anonymous_2)","decl":{"start":{"line":17,"column":2},"end":{"line":17,"column":12}},"loc":{"start":{"line":17,"column":12},"end":{"line":19,"column":3}}},"3":{"name":"(anonymous_3)","decl":{"start":{"line":23,"column":2},"end":{"line":23,"column":12}},"loc":{"start":{"line":23,"column":12},"end":{"line":25,"column":3}}},"4":{"name":"(anonymous_4)","decl":{"start":{"line":31,"column":2},"end":{"line":31,"column":14}},"loc":{"start":{"line":31,"column":34},"end":{"line":33,"column":3}}},"5":{"name":"(anonymous_5)","decl":{"start":{"line":35,"column":9},"end":{"line":35,"column":19}},"loc":{"start":{"line":35,"column":36},"end":{"line":37,"column":3}}}},"branchMap":{},"s":{"0":2,"1":0,"2":2,"3":0,"4":2,"5":0,"6":2,"7":0,"8":4,"9":4,"10":8,"11":2,"12":2,"13":2,"14":2,"15":2,"16":2,"17":2,"18":2},"f":{"0":0,"1":0,"2":0,"3":0,"4":4,"5":8},"b":{}}
,"/home/embeddedsaugat/Documents/Projects/QMS/SourceCode/LocalServer/tests/UseCases/PluginManagementComponent/plugins/plugin2/index.ts": {"path":"/home/embeddedsaugat/Documents/Projects/QMS/SourceCode/LocalServer/tests/UseCases/PluginManagementComponent/plugins/plugin2/index.ts","statementMap":{"0":{"start":{"line":1,"column":0},"end":{"line":1,"column":77}},"1":{"start":{"line":2,"column":0},"end":{"line":2,"column":59}},"2":{"start":{"line":5,"column":24},"end":{"line":9,"column":2}},"3":{"start":{"line":11,"column":0},"end":{"line":11,"column":23}}},"fnMap":{},"branchMap":{},"s":{"0":2,"1":2,"2":2,"3":2},"f":{},"b":{}}
,"/home/embeddedsaugat/Documents/Projects/QMS/SourceCode/LocalServer/tests/UseCases/TokenBaseManagementComponent/tokenBaseExporter.ts": {"path":"/home/embeddedsaugat/Documents/Projects/QMS/SourceCode/LocalServer/tests/UseCases/TokenBaseManagementComponent/tokenBaseExporter.ts","statementMap":{"0":{"start":{"line":1,"column":0},"end":{"line":1,"column":101}},"1":{"start":{"line":2,"column":0},"end":{"line":2,"column":101}},"2":{"start":{"line":3,"column":0},"end":{"line":3,"column":97}},"3":{"start":{"line":5,"column":0},"end":{"line":5,"column":63}},"4":{"start":{"line":7,"column":0},"end":{"line":7,"column":65}},"5":{"start":{"line":10,"column":32},"end":{"line":15,"column":null}},"6":{"start":{"line":16,"column":18},"end":{"line":16,"column":45}},"7":{"start":{"line":18,"column":32},"end":{"line":23,"column":null}},"8":{"start":{"line":24,"column":18},"end":{"line":24,"column":45}},"9":{"start":{"line":26,"column":32},"end":{"line":31,"column":null}},"10":{"start":{"line":32,"column":18},"end":{"line":32,"column":45}},"11":{"start":{"line":36,"column":26},"end":{"line":36,"column":47}},"12":{"start":{"line":37,"column":0},"end":{"line":37,"column":41}},"13":{"start":{"line":38,"column":0},"end":{"line":38,"column":39}},"14":{"start":{"line":39,"column":0},"end":{"line":39,"column":46}},"15":{"start":{"line":41,"column":26},"end":{"line":41,"column":47}},"16":{"start":{"line":42,"column":0},"end":{"line":42,"column":41}},"17":{"start":{"line":43,"column":0},"end":{"line":43,"column":39}},"18":{"start":{"line":44,"column":0},"end":{"line":44,"column":49}},"19":{"start":{"line":46,"column":26},"end":{"line":46,"column":47}},"20":{"start":{"line":47,"column":0},"end":{"line":47,"column":41}},"21":{"start":{"line":48,"column":0},"end":{"line":48,"column":39}},"22":{"start":{"line":49,"column":0},"end":{"line":49,"column":49}},"23":{"start":{"line":51,"column":26},"end":{"line":51,"column":47}},"24":{"start":{"line":52,"column":0},"end":{"line":52,"column":41}},"25":{"start":{"line":53,"column":0},"end":{"line":53,"column":39}},"26":{"start":{"line":54,"column":0},"end":{"line":54,"column":47}},"27":{"start":{"line":56,"column":26},"end":{"line":56,"column":47}},"28":{"start":{"line":57,"column":0},"end":{"line":57,"column":41}},"29":{"start":{"line":58,"column":0},"end":{"line":58,"column":39}},"30":{"start":{"line":59,"column":0},"end":{"line":59,"column":46}},"31":{"start":{"line":61,"column":26},"end":{"line":61,"column":47}},"32":{"start":{"line":62,"column":0},"end":{"line":62,"column":41}},"33":{"start":{"line":63,"column":0},"end":{"line":63,"column":39}},"34":{"start":{"line":64,"column":0},"end":{"line":64,"column":49}},"35":{"start":{"line":69,"column":25},"end":{"line":69,"column":63}},"36":{"start":{"line":70,"column":25},"end":{"line":70,"column":44}},"37":{"start":{"line":71,"column":25},"end":{"line":71,"column":82}},"38":{"start":{"line":76,"column":22},"end":{"line":81,"column":null}},"39":{"start":{"line":83,"column":22},"end":{"line":88,"column":null}},"40":{"start":{"line":90,"column":22},"end":{"line":95,"column":null}},"41":{"start":{"line":97,"column":0},"end":{"line":97,"column":24}},"42":{"start":{"line":101,"column":25},"end":{"line":101,"column":52}},"43":{"start":{"line":115,"column":9},"end":{"line":115,"column":25}},"44":{"start":{"line":102,"column":0},"end":{"line":102,"column":59}},"45":{"start":{"line":103,"column":0},"end":{"line":103,"column":59}},"46":{"start":{"line":105,"column":25},"end":{"line":105,"column":52}},"47":{"start":{"line":115,"column":27},"end":{"line":115,"column":43}},"48":{"start":{"line":106,"column":0},"end":{"line":106,"column":59}},"49":{"start":{"line":108,"column":25},"end":{"line":108,"column":52}},"50":{"start":{"line":115,"column":45},"end":{"line":115,"column":61}},"51":{"start":{"line":109,"column":0},"end":{"line":109,"column":59}},"52":{"start":{"line":110,"column":0},"end":{"line":110,"column":59}},"53":{"start":{"line":111,"column":0},"end":{"line":111,"column":59}}},"fnMap":{},"branchMap":{},"s":{"0":1,"1":1,"2":1,"3":1,"4":1,"5":1,"6":1,"7":1,"8":1,"9":1,"10":1,"11":1,"12":1,"13":1,"14":1,"15":1,"16":1,"17":1,"18":1,"19":1,"20":1,"21":1,"22":1,"23":1,"24":1,"25":1,"26":1,"27":1,"28":1,"29":1,"30":1,"31":1,"32":1,"33":1,"34":1,"35":1,"36":1,"37":1,"38":1,"39":1,"40":1,"41":1,"42":1,"43":1,"44":1,"45":1,"46":1,"47":1,"48":1,"49":1,"50":1,"51":1,"52":1,"53":1},"f":{},"b":{}}
}
