TN:
SF:src/Entities/UserCore/Operator.ts
FN:6,(anonymous_1)
FN:10,(anonymous_2)
FN:14,(anonymous_3)
FNF:3
FNH:3
FNDA:139,(anonymous_1)
FNDA:2,(anonymous_2)
FNDA:1,(anonymous_3)
DA:1,9
DA:4,9
DA:7,139
DA:11,2
DA:15,1
LF:5
LH:5
BRF:0
BRH:0
end_of_record
TN:
SF:src/Entities/UserCore/User.ts
FN:12,(anonymous_0)
FN:14,(anonymous_1)
FN:18,(anonymous_2)
FNF:3
FNH:3
FNDA:264,(anonymous_0)
FNDA:361,(anonymous_1)
FNDA:11,(anonymous_2)
DA:11,9
DA:12,264
DA:15,361
DA:19,11
LF:4
LH:4
BRF:0
BRH:0
end_of_record
TN:
SF:src/Entities/UserCore/UserFactory.ts
FN:8,(anonymous_1)
FNF:1
FNH:1
FNDA:211,(anonymous_1)
DA:1,5
DA:2,5
DA:3,5
DA:5,5
DA:9,211
DA:10,86
DA:12,125
DA:14,211
LF:8
LH:8
BRDA:9,0,0,86
BRDA:9,0,1,125
BRF:2
BRH:2
end_of_record
TN:
SF:src/Entities/UserCore/UserRoles.ts
FN:1,(anonymous_0)
FNF:1
FNH:1
FNDA:8,(anonymous_0)
DA:1,8
DA:2,8
DA:3,8
DA:4,8
DA:5,8
DA:8,8
LF:6
LH:6
BRDA:1,0,0,8
BRDA:1,0,1,8
BRF:2
BRH:2
end_of_record
TN:
SF:src/FrameworksAndDrivers/Drivers/AppKernelSingleton.ts
FN:23,(anonymous_14)
FN:27,(anonymous_15)
FN:31,(anonymous_17)
FN:34,(anonymous_18)
FN:38,(anonymous_19)
FN:38,(anonymous_20)
FN:43,(anonymous_21)
FN:62,(anonymous_22)
FN:65,(anonymous_23)
FN:71,(anonymous_24)
FN:74,(anonymous_25)
FN:76,(anonymous_26)
FN:80,(anonymous_27)
FN:84,(anonymous_28)
FN:88,(anonymous_29)
FN:92,(anonymous_30)
FN:100,(anonymous_31)
FNF:17
FNH:12
FNDA:1,(anonymous_14)
FNDA:1,(anonymous_15)
FNDA:1,(anonymous_17)
FNDA:1,(anonymous_18)
FNDA:0,(anonymous_19)
FNDA:0,(anonymous_20)
FNDA:1,(anonymous_21)
FNDA:1,(anonymous_22)
FNDA:2,(anonymous_23)
FNDA:1,(anonymous_24)
FNDA:2,(anonymous_25)
FNDA:0,(anonymous_26)
FNDA:2,(anonymous_27)
FNDA:2,(anonymous_28)
FNDA:0,(anonymous_29)
FNDA:0,(anonymous_30)
FNDA:1,(anonymous_31)
DA:1,1
DA:3,1
DA:11,1
DA:12,1
DA:13,1
DA:14,1
DA:16,1
DA:17,1
DA:19,1
DA:21,1
DA:24,1
DA:28,1
DA:29,1
DA:30,1
DA:31,1
DA:32,1
DA:34,1
DA:35,1
DA:36,1
DA:38,1
DA:39,0
DA:44,1
DA:45,1
DA:46,1
DA:48,1
DA:49,1
DA:51,1
DA:52,1
DA:54,1
DA:55,1
DA:57,1
DA:58,1
DA:63,1
DA:64,1
DA:65,1
DA:66,2
DA:72,1
DA:73,1
DA:74,1
DA:75,2
DA:76,0
DA:77,0
DA:79,2
DA:80,1
DA:81,2
DA:83,1
DA:84,1
DA:85,2
DA:87,0
DA:88,0
DA:89,0
DA:91,0
DA:92,0
DA:93,0
DA:101,1
DA:102,1
DA:103,1
DA:104,1
DA:105,1
DA:107,1
DA:108,1
DA:109,1
DA:110,1
DA:111,1
DA:112,1
LF:65
LH:56
BRDA:45,0,0,1
BRDA:45,0,1,0
BRDA:48,1,0,1
BRDA:48,1,1,0
BRDA:51,2,0,1
BRDA:51,2,1,0
BRDA:54,3,0,1
BRDA:54,3,1,0
BRDA:57,4,0,1
BRDA:57,4,1,0
BRDA:64,5,0,1
BRDA:64,5,1,0
BRDA:64,6,0,1
BRDA:64,6,1,1
BRDA:73,7,0,1
BRDA:73,7,1,0
BRDA:73,8,0,1
BRDA:73,8,1,1
BRDA:75,9,0,0
BRDA:75,9,1,2
BRDA:79,10,0,1
BRDA:79,10,1,1
BRDA:83,11,0,1
BRDA:83,11,1,0
BRDA:87,12,0,0
BRDA:87,12,1,0
BRDA:91,13,0,0
BRDA:91,13,1,0
BRF:28
BRH:15
end_of_record
TN:
SF:src/FrameworksAndDrivers/Drivers/CustomerStorageImplementation.ts
FN:8,(anonymous_13)
FN:10,(anonymous_14)
FN:15,(anonymous_15)
FN:15,(anonymous_16)
FN:23,(anonymous_17)
FN:23,(anonymous_18)
FN:34,(anonymous_19)
FN:34,(anonymous_20)
FN:37,(anonymous_21)
FN:44,(anonymous_22)
FN:44,(anonymous_23)
FN:46,(anonymous_24)
FN:55,(anonymous_25)
FN:55,(anonymous_26)
FN:57,(anonymous_27)
FN:61,(anonymous_28)
FN:61,(anonymous_29)
FN:65,(anonymous_30)
FN:76,(anonymous_31)
FN:76,(anonymous_32)
FN:79,(anonymous_33)
FN:84,(anonymous_34)
FN:84,(anonymous_35)
FNF:23
FNH:21
FNDA:12,(anonymous_13)
FNDA:3,(anonymous_14)
FNDA:12,(anonymous_15)
FNDA:12,(anonymous_16)
FNDA:1,(anonymous_17)
FNDA:1,(anonymous_18)
FNDA:4,(anonymous_19)
FNDA:4,(anonymous_20)
FNDA:20,(anonymous_21)
FNDA:1,(anonymous_22)
FNDA:1,(anonymous_23)
FNDA:6,(anonymous_24)
FNDA:1,(anonymous_25)
FNDA:1,(anonymous_26)
FNDA:6,(anonymous_27)
FNDA:1,(anonymous_28)
FNDA:1,(anonymous_29)
FNDA:5,(anonymous_30)
FNDA:2,(anonymous_31)
FNDA:2,(anonymous_32)
FNDA:9,(anonymous_33)
FNDA:0,(anonymous_34)
FNDA:0,(anonymous_35)
DA:1,1
DA:2,1
DA:3,1
DA:8,1
DA:9,12
DA:10,1
DA:11,3
DA:13,1
DA:15,12
DA:16,12
DA:17,12
DA:18,0
DA:20,12
DA:21,12
DA:23,1
DA:25,1
DA:26,1
DA:27,1
DA:29,0
DA:31,1
DA:34,4
DA:35,4
DA:36,4
DA:37,20
DA:39,0
DA:40,0
DA:44,1
DA:45,1
DA:46,1
DA:47,6
DA:48,1
DA:50,5
DA:52,1
DA:55,1
DA:56,1
DA:57,6
DA:58,1
DA:61,1
DA:62,1
DA:63,1
DA:64,1
DA:65,1
DA:66,5
DA:67,5
DA:73,1
DA:76,2
DA:77,2
DA:78,2
DA:79,9
DA:81,0
DA:84,1
DA:85,0
DA:88,1
DA:99,1
LF:54
LH:48
BRDA:17,0,0,0
BRDA:17,0,1,12
BRDA:47,1,0,1
BRDA:47,1,1,5
BRDA:66,2,0,5
BRDA:66,2,1,0
BRF:6
BRH:4
end_of_record
TN:
SF:src/FrameworksAndDrivers/Drivers/PluginManagerStorageImplementation.ts
FN:13,(anonymous_14)
FN:16,(anonymous_15)
FN:18,(anonymous_16)
FN:32,(anonymous_17)
FN:32,(anonymous_18)
FN:37,(anonymous_19)
FN:37,(anonymous_20)
FN:40,(anonymous_21)
FN:49,(anonymous_22)
FN:49,(anonymous_23)
FN:53,(anonymous_24)
FN:61,(anonymous_25)
FN:61,(anonymous_26)
FN:64,(anonymous_27)
FN:76,(anonymous_28)
FN:76,(anonymous_29)
FN:81,(anonymous_30)
FNF:17
FNH:17
FNDA:2,(anonymous_14)
FNDA:1,(anonymous_15)
FNDA:6,(anonymous_16)
FNDA:1,(anonymous_17)
FNDA:1,(anonymous_18)
FNDA:1,(anonymous_19)
FNDA:1,(anonymous_20)
FNDA:1,(anonymous_21)
FNDA:1,(anonymous_22)
FNDA:1,(anonymous_23)
FNDA:3,(anonymous_24)
FNDA:4,(anonymous_25)
FNDA:4,(anonymous_26)
FNDA:7,(anonymous_27)
FNDA:1,(anonymous_28)
FNDA:1,(anonymous_29)
FNDA:2,(anonymous_30)
DA:1,1
DA:2,1
DA:3,1
DA:4,1
DA:7,1
DA:8,1
DA:10,1
DA:11,1
DA:13,1
DA:14,2
DA:16,1
DA:17,1
DA:18,1
DA:19,6
DA:20,6
DA:22,0
DA:25,6
DA:28,1
DA:32,1
DA:33,1
DA:34,1
DA:37,1
DA:38,1
DA:39,1
DA:40,1
DA:41,1
DA:42,1
DA:43,1
DA:45,0
DA:49,1
DA:50,1
DA:51,1
DA:53,3
DA:54,1
DA:55,1
DA:56,1
DA:58,1
DA:61,4
DA:62,4
DA:63,4
DA:64,7
DA:65,4
DA:66,4
DA:67,4
DA:68,3
DA:69,3
DA:70,3
DA:72,1
DA:76,1
DA:77,1
DA:79,1
DA:80,1
DA:81,2
DA:82,1
DA:83,1
DA:84,1
DA:85,1
DA:87,0
DA:91,1
DA:99,1
LF:60
LH:57
BRDA:17,0,0,1
BRDA:17,0,1,0
BRDA:20,1,0,0
BRDA:20,1,1,6
BRDA:41,2,0,1
BRDA:41,2,1,0
BRDA:67,3,0,3
BRDA:67,3,1,1
BRDA:84,4,0,1
BRDA:84,4,1,0
BRF:10
BRH:6
end_of_record
TN:
SF:src/FrameworksAndDrivers/Drivers/TokenBaseStorageImplementation.ts
FN:12,(anonymous_14)
FN:14,(anonymous_15)
FN:46,(anonymous_16)
FN:46,(anonymous_17)
FN:56,(anonymous_18)
FN:59,(anonymous_19)
FN:64,(anonymous_20)
FN:75,(anonymous_21)
FN:79,(anonymous_22)
FN:94,(anonymous_23)
FN:94,(anonymous_24)
FN:106,(anonymous_25)
FN:106,(anonymous_26)
FN:109,(anonymous_27)
FN:116,(anonymous_28)
FN:122,(anonymous_29)
FN:122,(anonymous_30)
FN:125,(anonymous_31)
FN:133,(anonymous_32)
FN:133,(anonymous_33)
FN:137,(anonymous_34)
FN:137,(anonymous_35)
FN:139,(anonymous_36)
FN:149,(anonymous_37)
FN:149,(anonymous_38)
FN:153,(anonymous_39)
FN:160,(anonymous_40)
FN:168,(anonymous_41)
FN:168,(anonymous_42)
FN:172,(anonymous_43)
FN:181,(anonymous_44)
FN:192,(anonymous_45)
FN:193,(anonymous_46)
FN:196,(anonymous_47)
FN:196,(anonymous_48)
FN:198,(anonymous_49)
FN:201,(anonymous_50)
FN:201,(anonymous_51)
FN:205,(anonymous_52)
FNF:39
FNH:16
FNDA:10,(anonymous_14)
FNDA:3,(anonymous_15)
FNDA:10,(anonymous_16)
FNDA:10,(anonymous_17)
FNDA:6,(anonymous_18)
FNDA:11,(anonymous_19)
FNDA:21,(anonymous_20)
FNDA:11,(anonymous_21)
FNDA:21,(anonymous_22)
FNDA:2,(anonymous_23)
FNDA:2,(anonymous_24)
FNDA:0,(anonymous_25)
FNDA:0,(anonymous_26)
FNDA:0,(anonymous_27)
FNDA:0,(anonymous_28)
FNDA:0,(anonymous_29)
FNDA:0,(anonymous_30)
FNDA:0,(anonymous_31)
FNDA:1,(anonymous_32)
FNDA:1,(anonymous_33)
FNDA:0,(anonymous_34)
FNDA:0,(anonymous_35)
FNDA:0,(anonymous_36)
FNDA:0,(anonymous_37)
FNDA:0,(anonymous_38)
FNDA:0,(anonymous_39)
FNDA:0,(anonymous_40)
FNDA:0,(anonymous_41)
FNDA:0,(anonymous_42)
FNDA:0,(anonymous_43)
FNDA:0,(anonymous_44)
FNDA:0,(anonymous_45)
FNDA:0,(anonymous_46)
FNDA:0,(anonymous_47)
FNDA:0,(anonymous_48)
FNDA:0,(anonymous_49)
FNDA:4,(anonymous_50)
FNDA:4,(anonymous_51)
FNDA:4,(anonymous_52)
DA:1,2
DA:2,2
DA:3,2
DA:6,2
DA:10,2
DA:12,2
DA:13,10
DA:14,2
DA:15,3
DA:17,2
DA:46,10
DA:47,10
DA:48,10
DA:49,4
DA:51,6
DA:52,6
DA:53,6
DA:56,2
DA:57,6
DA:59,6
DA:60,11
DA:62,11
DA:64,11
DA:65,21
DA:66,21
DA:69,11
DA:70,11
DA:72,6
DA:75,2
DA:76,11
DA:79,2
DA:80,21
DA:82,21
DA:83,21
DA:84,0
DA:86,21
DA:88,21
DA:89,21
DA:91,21
DA:94,2
DA:95,2
DA:97,2
DA:98,2
DA:99,1
DA:101,1
DA:103,2
DA:106,2
DA:107,0
DA:108,0
DA:109,0
DA:110,0
DA:116,0
DA:117,0
DA:122,2
DA:123,0
DA:124,0
DA:125,0
DA:126,0
DA:127,0
DA:133,2
DA:134,1
DA:137,2
DA:138,0
DA:139,0
DA:140,0
DA:142,0
DA:144,0
DA:146,0
DA:149,2
DA:150,0
DA:152,0
DA:153,0
DA:154,0
DA:160,0
DA:161,0
DA:165,0
DA:168,2
DA:169,0
DA:170,0
DA:171,0
DA:172,0
DA:173,0
DA:177,0
DA:181,0
DA:182,0
DA:185,0
DA:189,0
DA:192,2
DA:193,0
DA:196,2
DA:197,0
DA:198,0
DA:201,4
DA:202,4
DA:203,4
DA:204,4
DA:205,2
DA:206,4
DA:208,2
DA:210,2
DA:214,2
DA:228,2
LF:102
LH:64
BRDA:48,0,0,4
BRDA:48,0,1,6
BRDA:83,1,0,0
BRDA:83,1,1,21
BRDA:108,2,0,0
BRDA:108,2,1,0
BRDA:110,3,0,0
BRDA:110,3,1,0
BRDA:110,3,2,0
BRDA:110,3,3,0
BRDA:127,4,0,0
BRDA:127,4,1,0
BRDA:127,4,2,0
BRDA:140,5,0,0
BRDA:140,5,1,0
BRDA:140,6,0,0
BRDA:140,6,1,0
BRDA:152,7,0,0
BRDA:152,7,1,0
BRDA:154,8,0,0
BRDA:154,8,1,0
BRDA:154,8,2,0
BRDA:154,8,3,0
BRDA:154,8,4,0
BRDA:161,9,0,0
BRDA:161,9,1,0
BRDA:171,10,0,0
BRDA:171,10,1,0
BRDA:173,11,0,0
BRDA:173,11,1,0
BRDA:173,12,0,0
BRDA:173,12,1,0
BRDA:173,12,2,0
BRDA:173,12,3,0
BRDA:177,13,0,0
BRDA:177,13,1,0
BRDA:182,14,0,0
BRDA:182,14,1,0
BRDA:182,15,0,0
BRDA:182,15,1,0
BRDA:182,15,2,0
BRDA:185,16,0,0
BRDA:185,16,1,0
BRDA:206,17,0,4
BRDA:206,17,1,0
BRF:45
BRH:4
end_of_record
TN:
SF:src/FrameworksAndDrivers/Drivers/TokenCategoryCountStorageImplementation.ts
FN:7,(anonymous_13)
FN:9,(anonymous_14)
FN:22,(anonymous_15)
FN:22,(anonymous_16)
FN:32,(anonymous_17)
FN:32,(anonymous_18)
FN:34,(anonymous_19)
FN:51,(anonymous_20)
FN:51,(anonymous_21)
FN:53,(anonymous_22)
FN:64,(anonymous_23)
FN:64,(anonymous_24)
FN:73,(anonymous_25)
FN:73,(anonymous_26)
FN:84,(anonymous_27)
FN:84,(anonymous_28)
FN:95,(anonymous_29)
FN:95,(anonymous_30)
FN:97,(anonymous_31)
FN:101,(anonymous_32)
FN:101,(anonymous_33)
FN:108,(anonymous_34)
FN:108,(anonymous_35)
FN:116,(anonymous_36)
FN:116,(anonymous_37)
FN:121,(anonymous_38)
FN:121,(anonymous_39)
FN:123,(anonymous_40)
FN:132,(anonymous_41)
FN:132,(anonymous_42)
FN:134,(anonymous_43)
FNF:31
FNH:23
FNDA:29,(anonymous_13)
FNDA:8,(anonymous_14)
FNDA:26,(anonymous_15)
FNDA:26,(anonymous_16)
FNDA:3,(anonymous_17)
FNDA:3,(anonymous_18)
FNDA:2,(anonymous_19)
FNDA:6,(anonymous_20)
FNDA:6,(anonymous_21)
FNDA:12,(anonymous_22)
FNDA:9,(anonymous_23)
FNDA:9,(anonymous_24)
FNDA:2,(anonymous_25)
FNDA:2,(anonymous_26)
FNDA:2,(anonymous_27)
FNDA:2,(anonymous_28)
FNDA:17,(anonymous_29)
FNDA:17,(anonymous_30)
FNDA:24,(anonymous_31)
FNDA:2,(anonymous_32)
FNDA:2,(anonymous_33)
FNDA:2,(anonymous_34)
FNDA:2,(anonymous_35)
FNDA:0,(anonymous_36)
FNDA:0,(anonymous_37)
FNDA:0,(anonymous_38)
FNDA:0,(anonymous_39)
FNDA:0,(anonymous_40)
FNDA:0,(anonymous_41)
FNDA:0,(anonymous_42)
FNDA:0,(anonymous_43)
DA:1,3
DA:2,3
DA:3,3
DA:7,3
DA:8,29
DA:9,3
DA:10,8
DA:18,3
DA:22,26
DA:23,26
DA:24,26
DA:25,2
DA:27,24
DA:28,24
DA:32,3
DA:33,3
DA:34,3
DA:35,3
DA:36,2
DA:42,2
DA:43,2
DA:45,1
DA:51,6
DA:52,6
DA:53,6
DA:54,12
DA:55,6
DA:57,6
DA:59,6
DA:64,9
DA:65,9
DA:66,9
DA:67,1
DA:69,8
DA:73,3
DA:74,2
DA:75,2
DA:76,0
DA:78,2
DA:79,2
DA:80,2
DA:84,3
DA:85,2
DA:86,2
DA:87,0
DA:89,2
DA:90,2
DA:91,2
DA:95,17
DA:96,17
DA:97,24
DA:98,17
DA:101,3
DA:102,2
DA:103,2
DA:104,2
DA:105,2
DA:108,3
DA:109,2
DA:110,2
DA:111,0
DA:113,2
DA:116,3
DA:117,0
DA:118,0
DA:121,3
DA:122,0
DA:123,0
DA:124,0
DA:125,0
DA:127,0
DA:129,0
DA:132,3
DA:133,0
DA:134,0
DA:135,0
DA:139,3
DA:151,3
LF:78
LH:64
BRDA:24,0,0,2
BRDA:24,0,1,24
BRDA:35,1,0,2
BRDA:35,1,1,1
BRDA:54,2,0,6
BRDA:54,2,1,6
BRDA:66,3,0,1
BRDA:66,3,1,8
BRDA:75,4,0,0
BRDA:75,4,1,2
BRDA:86,5,0,0
BRDA:86,5,1,2
BRDA:110,6,0,0
BRDA:110,6,1,2
BRDA:124,7,0,0
BRDA:124,7,1,0
BRF:16
BRH:11
end_of_record
TN:
SF:src/FrameworksAndDrivers/Drivers/TokenCountStorageImplementation.ts
FN:7,(anonymous_13)
FN:9,(anonymous_14)
FN:18,(anonymous_15)
FN:18,(anonymous_16)
FN:24,(anonymous_17)
FN:24,(anonymous_18)
FN:29,(anonymous_19)
FN:29,(anonymous_20)
FN:35,(anonymous_21)
FN:35,(anonymous_22)
FN:41,(anonymous_23)
FN:41,(anonymous_24)
FN:47,(anonymous_25)
FN:47,(anonymous_26)
FNF:14
FNH:14
FNDA:9,(anonymous_13)
FNDA:5,(anonymous_14)
FNDA:9,(anonymous_15)
FNDA:9,(anonymous_16)
FNDA:3,(anonymous_17)
FNDA:3,(anonymous_18)
FNDA:1,(anonymous_19)
FNDA:1,(anonymous_20)
FNDA:3,(anonymous_21)
FNDA:3,(anonymous_22)
FNDA:1,(anonymous_23)
FNDA:1,(anonymous_24)
FNDA:1,(anonymous_25)
FNDA:1,(anonymous_26)
DA:1,2
DA:2,2
DA:3,2
DA:7,2
DA:8,9
DA:9,2
DA:10,5
DA:16,2
DA:18,9
DA:19,9
DA:20,9
DA:21,9
DA:24,3
DA:25,3
DA:26,3
DA:29,2
DA:30,1
DA:31,1
DA:32,1
DA:35,3
DA:36,3
DA:37,3
DA:38,3
DA:41,2
DA:42,1
DA:43,1
DA:44,1
DA:47,2
DA:48,1
DA:49,1
DA:52,2
DA:60,2
LF:32
LH:32
BRF:0
BRH:0
end_of_record
TN:
SF:src/FrameworksAndDrivers/Drivers/TokenForwardListStorageImplementation.ts
FN:7,(anonymous_13)
FN:9,(anonymous_14)
FN:15,(anonymous_15)
FN:24,(anonymous_17)
FNF:4
FNH:4
FNDA:2,(anonymous_13)
FNDA:3,(anonymous_14)
FNDA:2,(anonymous_15)
FNDA:3,(anonymous_17)
DA:1,1
DA:2,1
DA:3,1
DA:7,1
DA:8,2
DA:9,1
DA:10,3
DA:12,1
DA:14,1
DA:16,2
DA:17,2
DA:18,1
DA:20,1
DA:21,1
DA:25,3
DA:26,2
DA:28,1
DA:29,1
LF:18
LH:18
BRDA:17,0,0,1
BRDA:17,0,1,1
BRDA:25,1,0,2
BRDA:25,1,1,1
BRF:4
BRH:4
end_of_record
TN:
SF:src/FrameworksAndDrivers/Drivers/UserStorageImplementation.ts
FN:13,(anonymous_14)
FN:15,(anonymous_15)
FN:20,(anonymous_16)
FN:24,(anonymous_17)
FN:24,(anonymous_18)
FN:34,(anonymous_19)
FN:34,(anonymous_20)
FN:40,(anonymous_21)
FN:40,(anonymous_22)
FN:44,(anonymous_23)
FN:51,(anonymous_24)
FN:51,(anonymous_25)
FN:53,(anonymous_26)
FN:62,(anonymous_27)
FN:62,(anonymous_28)
FN:65,(anonymous_29)
FN:69,(anonymous_30)
FN:69,(anonymous_31)
FN:72,(anonymous_32)
FN:82,(anonymous_33)
FN:82,(anonymous_34)
FN:84,(anonymous_35)
FN:92,(anonymous_36)
FN:92,(anonymous_37)
FN:94,(anonymous_38)
FN:97,(anonymous_39)
FN:97,(anonymous_40)
FN:99,(anonymous_41)
FN:108,(anonymous_42)
FN:108,(anonymous_43)
FN:110,(anonymous_44)
FN:115,(anonymous_45)
FN:115,(anonymous_46)
FN:117,(anonymous_47)
FN:120,(anonymous_48)
FN:120,(anonymous_49)
FN:124,(anonymous_50)
FN:132,(anonymous_51)
FN:132,(anonymous_52)
FN:134,(anonymous_53)
FNF:40
FNH:36
FNDA:20,(anonymous_14)
FNDA:4,(anonymous_15)
FNDA:0,(anonymous_16)
FNDA:20,(anonymous_17)
FNDA:20,(anonymous_18)
FNDA:1,(anonymous_19)
FNDA:1,(anonymous_20)
FNDA:9,(anonymous_21)
FNDA:9,(anonymous_22)
FNDA:45,(anonymous_23)
FNDA:1,(anonymous_24)
FNDA:1,(anonymous_25)
FNDA:6,(anonymous_26)
FNDA:5,(anonymous_27)
FNDA:5,(anonymous_28)
FNDA:15,(anonymous_29)
FNDA:1,(anonymous_30)
FNDA:1,(anonymous_31)
FNDA:5,(anonymous_32)
FNDA:1,(anonymous_33)
FNDA:1,(anonymous_34)
FNDA:1,(anonymous_35)
FNDA:0,(anonymous_36)
FNDA:0,(anonymous_37)
FNDA:0,(anonymous_38)
FNDA:1,(anonymous_39)
FNDA:1,(anonymous_40)
FNDA:5,(anonymous_41)
FNDA:1,(anonymous_42)
FNDA:1,(anonymous_43)
FNDA:3,(anonymous_44)
FNDA:3,(anonymous_45)
FNDA:3,(anonymous_46)
FNDA:15,(anonymous_47)
FNDA:1,(anonymous_48)
FNDA:1,(anonymous_49)
FNDA:5,(anonymous_50)
FNDA:2,(anonymous_51)
FNDA:2,(anonymous_52)
FNDA:6,(anonymous_53)
DA:1,1
DA:2,1
DA:3,1
DA:9,1
DA:13,1
DA:14,20
DA:15,1
DA:16,4
DA:18,1
DA:20,1
DA:21,0
DA:24,20
DA:25,20
DA:26,20
DA:27,20
DA:28,20
DA:30,0
DA:34,1
DA:35,1
DA:36,1
DA:37,1
DA:40,9
DA:41,9
DA:42,9
DA:44,9
DA:45,45
DA:48,9
DA:51,1
DA:52,1
DA:53,1
DA:54,6
DA:55,5
DA:59,1
DA:62,5
DA:63,5
DA:65,15
DA:66,5
DA:69,1
DA:70,1
DA:71,1
DA:73,5
DA:74,1
DA:76,5
DA:79,1
DA:82,1
DA:83,1
DA:84,1
DA:85,1
DA:92,1
DA:93,0
DA:94,0
DA:97,1
DA:98,1
DA:99,1
DA:100,5
DA:101,1
DA:103,5
DA:105,1
DA:108,1
DA:109,1
DA:110,1
DA:111,3
DA:115,3
DA:116,3
DA:117,15
DA:120,1
DA:121,1
DA:123,1
DA:124,1
DA:125,5
DA:126,5
DA:129,1
DA:132,2
DA:133,2
DA:134,6
DA:135,2
DA:136,1
DA:138,1
DA:141,1
DA:157,1
LF:80
LH:76
BRDA:26,0,0,20
BRDA:26,0,1,0
BRDA:54,1,0,5
BRDA:54,1,1,1
BRDA:73,2,0,1
BRDA:73,2,1,4
BRDA:86,3,0,1
BRDA:86,3,1,1
BRDA:100,4,0,1
BRDA:100,4,1,4
BRDA:110,5,0,1
BRDA:110,5,1,1
BRDA:111,6,0,3
BRDA:111,6,1,2
BRDA:125,7,0,5
BRDA:125,7,1,0
BRDA:134,8,0,6
BRDA:134,8,1,2
BRDA:135,9,0,1
BRDA:135,9,1,1
BRF:20
BRH:18
end_of_record
TN:
SF:src/FrameworksAndDrivers/Drivers/DefaultStrategies/helpers.ts
FN:16,(anonymous_8)
FN:22,(anonymous_9)
FN:34,(anonymous_10)
FN:34,(anonymous_11)
FN:41,(anonymous_12)
FN:41,(anonymous_13)
FN:49,(anonymous_14)
FN:54,(anonymous_15)
FN:63,(anonymous_16)
FN:63,(anonymous_17)
FN:75,(anonymous_18)
FN:75,(anonymous_19)
FN:77,(anonymous_20)
FN:80,(anonymous_21)
FN:84,(anonymous_22)
FN:84,(anonymous_23)
FN:86,(anonymous_24)
FN:89,(anonymous_25)
FN:93,(anonymous_26)
FN:98,(anonymous_27)
FN:113,(anonymous_28)
FN:115,(anonymous_29)
FN:119,(anonymous_30)
FN:125,(anonymous_31)
FN:132,(anonymous_32)
FN:132,(anonymous_33)
FN:142,(anonymous_34)
FN:142,(anonymous_35)
FNF:28
FNH:0
FNDA:0,(anonymous_8)
FNDA:0,(anonymous_9)
FNDA:0,(anonymous_10)
FNDA:0,(anonymous_11)
FNDA:0,(anonymous_12)
FNDA:0,(anonymous_13)
FNDA:0,(anonymous_14)
FNDA:0,(anonymous_15)
FNDA:0,(anonymous_16)
FNDA:0,(anonymous_17)
FNDA:0,(anonymous_18)
FNDA:0,(anonymous_19)
FNDA:0,(anonymous_20)
FNDA:0,(anonymous_21)
FNDA:0,(anonymous_22)
FNDA:0,(anonymous_23)
FNDA:0,(anonymous_24)
FNDA:0,(anonymous_25)
FNDA:0,(anonymous_26)
FNDA:0,(anonymous_27)
FNDA:0,(anonymous_28)
FNDA:0,(anonymous_29)
FNDA:0,(anonymous_30)
FNDA:0,(anonymous_31)
FNDA:0,(anonymous_32)
FNDA:0,(anonymous_33)
FNDA:0,(anonymous_34)
FNDA:0,(anonymous_35)
DA:3,1
DA:4,1
DA:5,1
DA:6,1
DA:7,1
DA:9,1
DA:10,1
DA:11,1
DA:12,1
DA:13,1
DA:14,1
DA:16,1
DA:17,0
DA:18,0
DA:19,0
DA:22,1
DA:23,0
DA:24,0
DA:25,0
DA:34,1
DA:35,0
DA:36,0
DA:37,0
DA:38,0
DA:41,1
DA:42,0
DA:43,0
DA:44,0
DA:45,0
DA:46,0
DA:49,1
DA:50,0
DA:51,0
DA:54,1
DA:55,0
DA:56,0
DA:57,0
DA:58,0
DA:60,0
DA:63,1
DA:64,0
DA:65,0
DA:67,0
DA:68,0
DA:70,0
DA:72,0
DA:75,1
DA:77,0
DA:78,0
DA:79,0
DA:80,0
DA:81,0
DA:84,1
DA:86,0
DA:87,0
DA:88,0
DA:89,0
DA:90,0
DA:93,1
DA:94,0
DA:95,0
DA:98,1
DA:99,0
DA:101,0
DA:102,0
DA:103,0
DA:104,0
DA:106,0
DA:108,0
DA:110,0
DA:113,1
DA:114,0
DA:115,0
DA:116,0
DA:119,0
DA:120,0
DA:125,1
DA:126,0
DA:127,0
DA:128,0
DA:129,0
DA:132,1
DA:133,0
DA:134,0
DA:135,0
DA:137,0
DA:138,0
DA:142,1
DA:143,0
DA:144,0
DA:145,0
DA:146,0
DA:147,0
DA:148,0
LF:94
LH:26
BRDA:67,0,0,0
BRDA:67,0,1,0
BRDA:103,1,0,0
BRDA:103,1,1,0
BRDA:114,2,0,0
BRDA:114,2,1,0
BRDA:116,3,0,0
BRDA:116,3,1,0
BRDA:116,3,2,0
BRDA:120,4,0,0
BRDA:120,4,1,0
BRDA:133,5,0,0
BRDA:133,5,1,0
BRF:13
BRH:0
end_of_record
TN:
SF:src/FrameworksAndDrivers/Drivers/DefaultStrategies/preAndPostCallRunners.ts
FN:7,(anonymous_8)
FN:7,(anonymous_9)
FN:21,(anonymous_10)
FN:21,(anonymous_11)
FN:35,(anonymous_12)
FN:35,(anonymous_13)
FN:49,(anonymous_14)
FN:49,(anonymous_15)
FN:63,(anonymous_16)
FN:63,(anonymous_17)
FN:77,(anonymous_18)
FN:77,(anonymous_19)
FN:86,(anonymous_20)
FN:86,(anonymous_21)
FN:94,(anonymous_22)
FN:94,(anonymous_23)
FN:101,(anonymous_24)
FN:101,(anonymous_25)
FN:104,(anonymous_26)
FN:112,(anonymous_27)
FNF:20
FNH:0
FNDA:0,(anonymous_8)
FNDA:0,(anonymous_9)
FNDA:0,(anonymous_10)
FNDA:0,(anonymous_11)
FNDA:0,(anonymous_12)
FNDA:0,(anonymous_13)
FNDA:0,(anonymous_14)
FNDA:0,(anonymous_15)
FNDA:0,(anonymous_16)
FNDA:0,(anonymous_17)
FNDA:0,(anonymous_18)
FNDA:0,(anonymous_19)
FNDA:0,(anonymous_20)
FNDA:0,(anonymous_21)
FNDA:0,(anonymous_22)
FNDA:0,(anonymous_23)
FNDA:0,(anonymous_24)
FNDA:0,(anonymous_25)
FNDA:0,(anonymous_26)
FNDA:0,(anonymous_27)
DA:1,1
DA:3,1
DA:4,1
DA:7,1
DA:8,0
DA:10,0
DA:11,0
DA:16,0
DA:18,0
DA:21,1
DA:22,0
DA:24,0
DA:25,0
DA:30,0
DA:32,0
DA:35,1
DA:36,0
DA:38,0
DA:39,0
DA:44,0
DA:46,0
DA:49,1
DA:50,0
DA:52,0
DA:53,0
DA:58,0
DA:60,0
DA:63,1
DA:64,0
DA:66,0
DA:67,0
DA:72,0
DA:74,0
DA:77,1
DA:78,0
DA:79,0
DA:80,0
DA:81,0
DA:86,1
DA:87,0
DA:88,0
DA:89,0
DA:90,0
DA:91,0
DA:94,1
DA:95,0
DA:96,0
DA:97,0
DA:98,0
DA:101,1
DA:102,0
DA:103,0
DA:104,0
DA:105,0
DA:106,0
DA:107,0
DA:109,0
DA:110,0
DA:112,0
DA:113,0
DA:114,0
DA:115,0
DA:117,0
LF:63
LH:12
BRDA:10,0,0,0
BRDA:10,0,1,0
BRDA:24,1,0,0
BRDA:24,1,1,0
BRDA:38,2,0,0
BRDA:38,2,1,0
BRDA:52,3,0,0
BRDA:52,3,1,0
BRDA:66,4,0,0
BRDA:66,4,1,0
BRDA:79,5,0,0
BRDA:79,5,1,0
BRDA:107,6,0,0
BRDA:107,6,1,0
BRDA:107,6,2,0
BRDA:109,7,0,0
BRDA:109,7,1,0
BRDA:114,8,0,0
BRDA:114,8,1,0
BRF:19
BRH:0
end_of_record
TN:
SF:src/InterfaceAdapters/CustomerStorageInteractorImplementation.ts
FN:16,(anonymous_7)
FN:18,(anonymous_8)
FN:26,(anonymous_10)
FN:31,(anonymous_12)
FN:35,(anonymous_14)
FN:39,(anonymous_16)
FN:44,(anonymous_18)
FN:50,(anonymous_20)
FNF:8
FNH:8
FNDA:1,(anonymous_7)
FNDA:4,(anonymous_8)
FNDA:5,(anonymous_10)
FNDA:1,(anonymous_12)
FNDA:1,(anonymous_14)
FNDA:4,(anonymous_16)
FNDA:3,(anonymous_18)
FNDA:1,(anonymous_20)
DA:15,1
DA:16,1
DA:19,4
DA:20,1
DA:22,3
DA:27,5
DA:28,5
DA:32,1
DA:36,1
DA:40,4
DA:41,3
DA:45,3
DA:46,3
DA:47,3
DA:51,1
LF:15
LH:15
BRDA:19,0,0,1
BRDA:19,0,1,3
BRF:2
BRH:2
end_of_record
TN:
SF:src/InterfaceAdapters/PluginManagerStorageInteractorImplementation.ts
FN:13,(anonymous_7)
FN:15,(anonymous_8)
FN:19,(anonymous_10)
FN:23,(anonymous_12)
FN:27,(anonymous_14)
FN:31,(anonymous_16)
FNF:6
FNH:1
FNDA:1,(anonymous_7)
FNDA:0,(anonymous_8)
FNDA:0,(anonymous_10)
FNDA:0,(anonymous_12)
FNDA:0,(anonymous_14)
FNDA:0,(anonymous_16)
DA:12,1
DA:13,1
DA:16,0
DA:20,0
DA:24,0
DA:28,0
DA:32,0
DA:33,0
LF:8
LH:2
BRF:0
BRH:0
end_of_record
TN:
SF:src/InterfaceAdapters/TokenBaseStorageInteractorImplementation.ts
FN:19,(anonymous_7)
FN:21,(anonymous_8)
FN:26,(anonymous_10)
FN:30,(anonymous_12)
FN:35,(anonymous_14)
FN:40,(anonymous_16)
FN:44,(anonymous_18)
FN:48,(anonymous_20)
FN:58,(anonymous_22)
FN:63,(anonymous_24)
FN:68,(anonymous_25)
FNF:11
FNH:4
FNDA:1,(anonymous_7)
FNDA:4,(anonymous_8)
FNDA:2,(anonymous_10)
FNDA:0,(anonymous_12)
FNDA:0,(anonymous_14)
FNDA:1,(anonymous_16)
FNDA:0,(anonymous_18)
FNDA:0,(anonymous_20)
FNDA:0,(anonymous_22)
FNDA:0,(anonymous_24)
FNDA:0,(anonymous_25)
DA:18,2
DA:19,1
DA:22,4
DA:23,3
DA:27,2
DA:31,0
DA:32,0
DA:36,0
DA:37,0
DA:41,1
DA:45,0
DA:50,0
DA:51,0
DA:53,0
DA:55,0
DA:59,0
DA:60,0
DA:64,0
DA:65,0
DA:69,0
DA:70,0
LF:21
LH:6
BRDA:50,0,0,0
BRDA:50,0,1,0
BRF:2
BRH:0
end_of_record
TN:
SF:src/InterfaceAdapters/TokenCallingStrategiesImplementation.ts
FN:16,(anonymous_8)
FN:23,(anonymous_9)
FN:27,(anonymous_10)
FN:32,(anonymous_12)
FN:52,(anonymous_13)
FN:59,(anonymous_15)
FN:66,(anonymous_17)
FN:73,(anonymous_19)
FN:80,(anonymous_21)
FNF:9
FNH:8
FNDA:9,(anonymous_8)
FNDA:16,(anonymous_9)
FNDA:4,(anonymous_10)
FNDA:12,(anonymous_12)
FNDA:1,(anonymous_13)
FNDA:1,(anonymous_15)
FNDA:1,(anonymous_17)
FNDA:1,(anonymous_19)
FNDA:0,(anonymous_21)
DA:6,2
DA:7,2
DA:10,2
DA:15,9
DA:16,9
DA:17,9
DA:21,9
DA:24,16
DA:29,4
DA:30,4
DA:31,4
DA:32,4
DA:33,12
DA:34,12
DA:35,12
DA:37,4
DA:38,0
DA:40,4
DA:41,4
DA:42,0
DA:43,0
DA:45,4
DA:51,2
DA:53,1
DA:54,1
DA:58,2
DA:60,1
DA:61,1
DA:65,2
DA:67,1
DA:68,1
DA:72,2
DA:74,1
DA:75,1
DA:79,2
DA:81,0
DA:82,0
LF:37
LH:32
BRDA:37,0,0,0
BRDA:37,0,1,4
BRDA:37,1,0,4
BRDA:37,1,1,0
BRDA:41,2,0,0
BRDA:41,2,1,4
BRF:6
BRH:3
end_of_record
TN:
SF:src/InterfaceAdapters/TokenCategoryCountStorageInteractorImplementation.ts
FN:16,(anonymous_7)
FN:19,(anonymous_8)
FN:23,(anonymous_10)
FN:27,(anonymous_12)
FN:32,(anonymous_14)
FN:36,(anonymous_16)
FN:40,(anonymous_18)
FN:44,(anonymous_20)
FN:49,(anonymous_22)
FN:53,(anonymous_24)
FNF:10
FNH:10
FNDA:1,(anonymous_7)
FNDA:3,(anonymous_8)
FNDA:2,(anonymous_10)
FNDA:9,(anonymous_12)
FNDA:2,(anonymous_14)
FNDA:5,(anonymous_16)
FNDA:2,(anonymous_18)
FNDA:2,(anonymous_20)
FNDA:1,(anonymous_22)
FNDA:1,(anonymous_24)
DA:15,2
DA:16,1
DA:20,3
DA:24,2
DA:28,9
DA:29,8
DA:33,2
DA:37,5
DA:41,2
DA:45,2
DA:46,2
DA:50,1
DA:54,1
LF:13
LH:13
BRF:0
BRH:0
end_of_record
TN:
SF:src/InterfaceAdapters/TokenCountStorageInteractorImplementation.ts
FN:13,(anonymous_7)
FN:15,(anonymous_8)
FN:19,(anonymous_10)
FN:24,(anonymous_12)
FN:28,(anonymous_14)
FN:32,(anonymous_16)
FNF:6
FNH:5
FNDA:1,(anonymous_7)
FNDA:1,(anonymous_8)
FNDA:1,(anonymous_10)
FNDA:1,(anonymous_12)
FNDA:1,(anonymous_14)
FNDA:0,(anonymous_16)
DA:12,2
DA:13,1
DA:16,1
DA:20,1
DA:21,1
DA:25,1
DA:29,1
DA:33,0
DA:34,0
LF:9
LH:7
BRF:0
BRH:0
end_of_record
TN:
SF:src/InterfaceAdapters/TokenForwardListStorageInteractorImplementation.ts
FN:12,(anonymous_7)
FN:14,(anonymous_8)
FN:16,(anonymous_10)
FN:19,(anonymous_11)
FN:32,(anonymous_12)
FN:34,(anonymous_14)
FN:36,(anonymous_15)
FN:39,(anonymous_16)
FN:44,(anonymous_17)
FN:48,(anonymous_19)
FN:50,(anonymous_21)
FN:51,(anonymous_22)
FN:59,(anonymous_23)
FN:64,(anonymous_24)
FN:66,(anonymous_26)
FN:69,(anonymous_27)
FNF:16
FNH:15
FNDA:1,(anonymous_7)
FNDA:5,(anonymous_8)
FNDA:7,(anonymous_10)
FNDA:2,(anonymous_11)
FNDA:2,(anonymous_12)
FNDA:6,(anonymous_14)
FNDA:5,(anonymous_15)
FNDA:6,(anonymous_16)
FNDA:0,(anonymous_17)
FNDA:1,(anonymous_19)
FNDA:3,(anonymous_21)
FNDA:8,(anonymous_22)
FNDA:3,(anonymous_23)
FNDA:3,(anonymous_24)
FNDA:7,(anonymous_26)
FNDA:2,(anonymous_27)
DA:10,1
DA:12,1
DA:15,5
DA:16,7
DA:18,5
DA:19,1
DA:20,2
DA:21,1
DA:23,2
DA:26,4
DA:29,5
DA:33,2
DA:34,2
DA:35,6
DA:36,5
DA:38,6
DA:39,6
DA:41,2
DA:45,0
DA:49,1
DA:50,1
DA:51,3
DA:52,8
DA:53,8
DA:54,8
DA:58,3
DA:59,3
DA:61,1
DA:65,3
DA:66,7
DA:70,2
DA:71,2
LF:32
LH:31
BRDA:18,0,0,1
BRDA:18,0,1,4
BRDA:20,1,0,1
BRDA:20,1,1,1
BRDA:35,2,0,2
BRDA:35,2,1,4
BRDA:54,3,0,8
BRDA:54,3,1,8
BRDA:54,3,2,8
BRF:9
BRH:9
end_of_record
TN:
SF:src/InterfaceAdapters/UserStorageInteractorImplementation.ts
FN:30,(anonymous_8)
FN:32,(anonymous_9)
FN:46,(anonymous_11)
FN:51,(anonymous_13)
FN:56,(anonymous_15)
FN:69,(anonymous_17)
FN:73,(anonymous_19)
FN:78,(anonymous_21)
FN:87,(anonymous_23)
FN:92,(anonymous_25)
FN:99,(anonymous_27)
FNF:11
FNH:11
FNDA:1,(anonymous_8)
FNDA:6,(anonymous_9)
FNDA:6,(anonymous_11)
FNDA:9,(anonymous_13)
FNDA:3,(anonymous_15)
FNDA:1,(anonymous_17)
FNDA:1,(anonymous_19)
FNDA:2,(anonymous_21)
FNDA:3,(anonymous_23)
FNDA:1,(anonymous_25)
FNDA:2,(anonymous_27)
DA:1,1
DA:5,1
DA:28,1
DA:30,1
DA:33,6
DA:34,2
DA:39,4
DA:40,4
DA:41,1
DA:43,3
DA:47,6
DA:52,9
DA:53,9
DA:57,3
DA:58,1
DA:63,2
DA:64,1
DA:66,1
DA:70,1
DA:74,1
DA:75,1
DA:79,2
DA:80,1
DA:84,1
DA:88,3
DA:89,3
DA:93,1
DA:94,1
DA:95,1
DA:96,1
DA:100,2
DA:101,2
DA:102,1
DA:104,1
LF:34
LH:34
BRDA:33,0,0,2
BRDA:33,0,1,4
BRDA:40,1,0,1
BRDA:40,1,1,3
BRDA:47,2,0,6
BRDA:47,2,1,5
BRDA:57,3,0,1
BRDA:57,3,1,2
BRDA:63,4,0,1
BRDA:63,4,1,1
BRDA:79,5,0,1
BRDA:79,5,1,1
BRDA:101,6,0,1
BRDA:101,6,1,1
BRF:14
BRH:14
end_of_record
TN:
SF:src/UseCases/CustomerManagementComponent/CustomerManager.ts
FN:7,(anonymous_7)
FN:9,(anonymous_8)
FN:13,(anonymous_9)
FN:17,(anonymous_10)
FN:21,(anonymous_12)
FN:25,(anonymous_14)
FN:43,(anonymous_16)
FN:47,(anonymous_18)
FNF:8
FNH:8
FNDA:1,(anonymous_7)
FNDA:1,(anonymous_8)
FNDA:1,(anonymous_9)
FNDA:1,(anonymous_10)
FNDA:1,(anonymous_12)
FNDA:3,(anonymous_14)
FNDA:1,(anonymous_16)
FNDA:2,(anonymous_18)
DA:4,1
DA:7,1
DA:10,1
DA:14,1
DA:18,1
DA:22,1
DA:26,3
DA:30,3
DA:31,1
DA:34,2
DA:38,2
DA:39,1
DA:44,1
DA:48,2
LF:14
LH:14
BRDA:30,0,0,1
BRDA:30,0,1,2
BRDA:34,1,0,2
BRDA:34,1,1,1
BRDA:34,1,2,1
BRDA:38,2,0,1
BRDA:38,2,1,1
BRF:7
BRH:7
end_of_record
TN:
SF:src/UseCases/EventManagementComponent/EventManagerSingleton.ts
FN:7,(anonymous_1)
FN:11,(anonymous_2)
FNF:2
FNH:2
FNDA:4,(anonymous_1)
FNDA:26,(anonymous_2)
DA:1,4
DA:4,4
DA:5,4
DA:8,4
DA:12,26
LF:5
LH:5
BRF:0
BRH:0
end_of_record
TN:
SF:src/UseCases/EventManagementComponent/EventTypes.ts
FN:1,(anonymous_0)
FNF:1
FNH:1
FNDA:4,(anonymous_0)
DA:1,4
DA:2,4
DA:3,4
DA:4,4
DA:5,4
DA:6,4
DA:9,4
LF:7
LH:7
BRDA:1,0,0,4
BRDA:1,0,1,4
BRF:2
BRH:2
end_of_record
TN:
SF:src/UseCases/PluginManagementComponent/PluginManager.ts
FN:14,(anonymous_8)
FN:18,(anonymous_9)
FN:22,(anonymous_10)
FN:28,(anonymous_12)
FN:32,(anonymous_14)
FN:36,(anonymous_16)
FN:40,(anonymous_18)
FN:44,(anonymous_20)
FNF:8
FNH:8
FNDA:2,(anonymous_8)
FNDA:1,(anonymous_9)
FNDA:4,(anonymous_10)
FNDA:1,(anonymous_12)
FNDA:1,(anonymous_14)
FNDA:1,(anonymous_16)
FNDA:1,(anonymous_18)
FNDA:1,(anonymous_20)
DA:3,2
DA:13,2
DA:14,2
DA:19,1
DA:23,4
DA:24,4
DA:25,4
DA:29,1
DA:33,1
DA:37,1
DA:41,1
DA:45,1
DA:46,1
LF:13
LH:13
BRF:0
BRH:0
end_of_record
TN:
SF:src/UseCases/PluginManagementComponent/PluginModule/PipelineTypes.ts
FN:1,(anonymous_0)
FNF:1
FNH:1
FNDA:1,(anonymous_0)
DA:1,1
DA:2,1
DA:3,1
DA:4,1
DA:5,1
DA:6,1
DA:9,1
LF:7
LH:7
BRDA:1,0,0,1
BRDA:1,0,1,1
BRF:2
BRH:2
end_of_record
TN:
SF:src/UseCases/PluginManagementComponent/PluginScannerModule/DirectoryPluginInfoValidator.ts
FN:12,(anonymous_7)
FN:14,(anonymous_8)
FN:27,(anonymous_9)
FN:30,(anonymous_10)
FN:41,(anonymous_11)
FN:52,(anonymous_12)
FNF:6
FNH:4
FNDA:16,(anonymous_7)
FNDA:35,(anonymous_8)
FNDA:16,(anonymous_9)
FNDA:39,(anonymous_10)
FNDA:0,(anonymous_11)
FNDA:0,(anonymous_12)
DA:1,4
DA:2,4
DA:3,4
DA:4,4
DA:8,4
DA:10,4
DA:12,16
DA:15,35
DA:19,35
DA:20,35
DA:21,1
DA:25,34
DA:28,16
DA:29,16
DA:30,16
DA:31,39
DA:35,39
DA:36,39
DA:38,16
DA:43,0
DA:44,0
DA:45,0
DA:46,0
DA:47,0
DA:49,0
DA:53,0
DA:54,0
DA:55,0
DA:57,0
DA:58,0
DA:59,0
DA:60,0
DA:63,0
LF:33
LH:19
BRDA:20,0,0,1
BRDA:20,0,1,34
BRDA:20,1,0,35
BRDA:20,1,1,34
BRDA:36,2,0,39
BRDA:36,2,1,35
BRDA:59,3,0,0
BRDA:59,3,1,0
BRDA:59,4,0,0
BRDA:59,4,1,0
BRDA:59,4,2,0
BRF:11
BRH:6
end_of_record
TN:
SF:src/UseCases/PluginManagementComponent/PluginScannerModule/PluginDirectoryScanner.ts
FN:4,(anonymous_6)
FN:6,(anonymous_7)
FN:8,(anonymous_8)
FN:15,(anonymous_9)
FN:18,(anonymous_10)
FN:24,(anonymous_11)
FN:28,(anonymous_12)
FN:29,(anonymous_13)
FNF:8
FNH:8
FNDA:17,(anonymous_6)
FNDA:17,(anonymous_7)
FNDA:42,(anonymous_8)
FNDA:17,(anonymous_9)
FNDA:42,(anonymous_10)
FNDA:17,(anonymous_11)
FNDA:42,(anonymous_12)
FNDA:42,(anonymous_13)
DA:1,4
DA:2,4
DA:3,4
DA:4,17
DA:7,17
DA:8,17
DA:9,42
DA:10,42
DA:13,17
DA:16,17
DA:17,17
DA:19,42
DA:22,17
DA:25,17
DA:28,42
DA:29,42
DA:31,17
LF:17
LH:17
BRDA:9,0,0,42
BRDA:9,0,1,0
BRF:2
BRH:1
end_of_record
TN:
SF:src/UseCases/PluginManagementComponent/PluginScannerModule/PluginFinder.ts
FN:17,(anonymous_14)
FN:19,(anonymous_15)
FN:26,(anonymous_17)
FN:26,(anonymous_18)
FN:29,(anonymous_19)
FN:51,(anonymous_20)
FN:54,(anonymous_21)
FN:56,(anonymous_23)
FNF:8
FNH:8
FNDA:14,(anonymous_14)
FNDA:15,(anonymous_15)
FNDA:33,(anonymous_17)
FNDA:33,(anonymous_18)
FNDA:33,(anonymous_19)
FNDA:33,(anonymous_20)
FNDA:14,(anonymous_21)
FNDA:17,(anonymous_23)
DA:1,4
DA:2,4
DA:5,4
DA:14,4
DA:15,14
DA:17,14
DA:20,15
DA:23,15
DA:25,15
DA:26,33
DA:27,33
DA:28,33
DA:29,66
DA:32,33
DA:33,33
DA:34,33
DA:37,33
DA:38,33
DA:40,0
DA:42,33
DA:46,0
DA:50,15
DA:51,33
DA:55,14
DA:56,17
LF:25
LH:23
BRDA:28,0,0,33
BRDA:28,0,1,0
BRDA:32,1,0,33
BRDA:32,1,1,0
BRDA:56,2,0,0
BRDA:56,2,1,17
BRF:6
BRH:3
end_of_record
TN:
SF:src/UseCases/TokenBaseManagementComponent/TokenBaseManager.ts
FN:6,(anonymous_7)
FN:8,(anonymous_8)
FN:12,(anonymous_9)
FN:16,(anonymous_10)
FN:20,(anonymous_12)
FNF:5
FNH:5
FNDA:1,(anonymous_7)
FNDA:1,(anonymous_8)
FNDA:1,(anonymous_9)
FNDA:1,(anonymous_10)
FNDA:1,(anonymous_12)
DA:4,2
DA:6,1
DA:9,1
DA:13,1
DA:17,1
DA:21,1
LF:6
LH:6
BRF:0
BRH:0
end_of_record
TN:
SF:src/UseCases/TokenBaseManagementComponent/TokenBaseModule.ts
FN:4,(anonymous_0)
FN:19,(anonymous_1)
FN:23,(anonymous_2)
FN:27,(anonymous_3)
FN:31,(anonymous_4)
FN:35,(anonymous_5)
FN:48,(anonymous_6)
FN:50,(anonymous_7)
FN:54,(anonymous_8)
FN:58,(anonymous_9)
FN:63,(anonymous_10)
FN:67,(anonymous_11)
FN:71,(anonymous_12)
FN:74,(anonymous_13)
FNF:14
FNH:13
FNDA:4,(anonymous_0)
FNDA:60,(anonymous_1)
FNDA:60,(anonymous_2)
FNDA:60,(anonymous_3)
FNDA:60,(anonymous_4)
FNDA:10,(anonymous_5)
FNDA:31,(anonymous_6)
FNDA:0,(anonymous_7)
FNDA:69,(anonymous_8)
FNDA:60,(anonymous_9)
FNDA:84,(anonymous_10)
FNDA:8,(anonymous_11)
FNDA:5,(anonymous_12)
FNDA:10,(anonymous_13)
DA:4,4
DA:5,4
DA:6,4
DA:7,4
DA:8,4
DA:9,4
DA:10,4
DA:11,4
DA:20,60
DA:24,60
DA:28,60
DA:32,60
DA:36,10
DA:45,31
DA:46,31
DA:48,31
DA:51,0
DA:55,69
DA:59,60
DA:60,60
DA:64,84
DA:68,8
DA:72,5
DA:74,10
DA:79,4
LF:25
LH:24
BRDA:4,0,0,4
BRDA:4,0,1,4
BRF:2
BRH:2
end_of_record
TN:
SF:src/UseCases/TokenCallingComponent/TokenCallingFacadeSingleton.ts
FN:25,(anonymous_8)
FN:27,(anonymous_9)
FN:32,(anonymous_10)
FN:35,(anonymous_11)
FN:38,(anonymous_12)
FN:41,(anonymous_13)
FN:44,(anonymous_14)
FN:48,(anonymous_15)
FN:52,(anonymous_17)
FN:56,(anonymous_19)
FN:61,(anonymous_21)
FN:66,(anonymous_23)
FN:71,(anonymous_25)
FN:74,(anonymous_26)
FN:77,(anonymous_27)
FN:80,(anonymous_28)
FN:83,(anonymous_29)
FNF:17
FNH:17
FNDA:2,(anonymous_8)
FNDA:10,(anonymous_9)
FNDA:3,(anonymous_10)
FNDA:3,(anonymous_11)
FNDA:3,(anonymous_12)
FNDA:3,(anonymous_13)
FNDA:3,(anonymous_14)
FNDA:2,(anonymous_15)
FNDA:2,(anonymous_17)
FNDA:2,(anonymous_19)
FNDA:2,(anonymous_21)
FNDA:2,(anonymous_23)
FNDA:3,(anonymous_25)
FNDA:3,(anonymous_26)
FNDA:1,(anonymous_27)
FNDA:1,(anonymous_28)
FNDA:1,(anonymous_29)
DA:1,2
DA:3,2
DA:5,2
DA:7,2
DA:11,2
DA:16,2
DA:17,2
DA:18,2
DA:19,2
DA:20,2
DA:21,2
DA:23,2
DA:28,10
DA:33,3
DA:36,3
DA:39,3
DA:42,3
DA:45,3
DA:49,2
DA:50,2
DA:53,2
DA:54,2
DA:57,2
DA:58,2
DA:62,2
DA:63,2
DA:67,2
DA:68,2
DA:72,3
DA:75,3
DA:78,1
DA:81,1
DA:84,1
LF:33
LH:33
BRF:0
BRH:0
end_of_record
TN:
SF:src/UseCases/TokenCallingComponent/TokenCallingState.ts
FN:12,(anonymous_0)
FN:17,(anonymous_1)
FN:21,(anonymous_2)
FN:25,(anonymous_3)
FN:29,(anonymous_4)
FN:33,(anonymous_5)
FN:39,(anonymous_6)
FN:43,(anonymous_7)
FN:47,(anonymous_8)
FN:51,(anonymous_9)
FN:57,(anonymous_10)
FNF:11
FNH:10
FNDA:2,(anonymous_0)
FNDA:11,(anonymous_1)
FNDA:1,(anonymous_2)
FNDA:55,(anonymous_3)
FNDA:0,(anonymous_4)
FNDA:4,(anonymous_5)
FNDA:4,(anonymous_6)
FNDA:1,(anonymous_7)
FNDA:1,(anonymous_8)
FNDA:3,(anonymous_9)
FNDA:3,(anonymous_10)
DA:4,1
DA:8,2
DA:9,2
DA:10,2
DA:13,2
DA:14,2
DA:18,11
DA:22,1
DA:26,55
DA:30,0
DA:34,4
DA:35,2
DA:40,4
DA:44,1
DA:48,1
DA:52,3
DA:53,2
DA:58,3
LF:18
LH:17
BRDA:34,0,0,2
BRDA:34,0,1,2
BRDA:52,1,0,2
BRDA:52,1,1,1
BRF:4
BRH:4
end_of_record
TN:
SF:src/UseCases/TokenCallingComponent/TokenCallingStateManagerSingleton.ts
FN:8,(anonymous_0)
FN:10,(anonymous_1)
FN:16,(anonymous_2)
FN:19,(anonymous_3)
FN:30,(anonymous_4)
FN:34,(anonymous_5)
FN:35,(anonymous_6)
FN:38,(anonymous_7)
FN:39,(anonymous_8)
FN:44,(anonymous_9)
FN:45,(anonymous_10)
FN:53,(anonymous_11)
FN:54,(anonymous_12)
FN:62,(anonymous_13)
FN:63,(anonymous_14)
FN:71,(anonymous_15)
FN:72,(anonymous_16)
FN:80,(anonymous_17)
FN:81,(anonymous_18)
FN:83,(anonymous_19)
FN:89,(anonymous_20)
FN:92,(anonymous_21)
FN:96,(anonymous_22)
FN:98,(anonymous_23)
FN:102,(anonymous_24)
FNF:25
FNH:24
FNDA:3,(anonymous_0)
FNDA:35,(anonymous_1)
FNDA:4,(anonymous_2)
FNDA:1,(anonymous_3)
FNDA:6,(anonymous_4)
FNDA:17,(anonymous_5)
FNDA:27,(anonymous_6)
FNDA:8,(anonymous_7)
FNDA:0,(anonymous_8)
FNDA:2,(anonymous_9)
FNDA:4,(anonymous_10)
FNDA:1,(anonymous_11)
FNDA:2,(anonymous_12)
FNDA:1,(anonymous_13)
FNDA:2,(anonymous_14)
FNDA:2,(anonymous_15)
FNDA:4,(anonymous_16)
FNDA:1,(anonymous_17)
FNDA:2,(anonymous_18)
FNDA:1,(anonymous_19)
FNDA:2,(anonymous_20)
FNDA:2,(anonymous_21)
FNDA:1,(anonymous_22)
FNDA:2,(anonymous_23)
FNDA:4,(anonymous_24)
DA:4,3
DA:6,3
DA:11,35
DA:14,3
DA:17,4
DA:18,4
DA:19,1
DA:20,1
DA:21,1
DA:23,0
DA:26,3
DA:31,6
DA:35,27
DA:39,8
DA:40,0
DA:45,2
DA:46,4
DA:47,2
DA:49,4
DA:54,1
DA:55,2
DA:56,1
DA:58,2
DA:63,1
DA:64,2
DA:65,1
DA:67,2
DA:72,2
DA:73,4
DA:74,2
DA:76,4
DA:81,1
DA:82,2
DA:83,1
DA:85,2
DA:90,2
DA:91,2
DA:92,2
DA:97,1
DA:98,2
DA:103,4
DA:104,4
DA:105,2
DA:107,2
LF:44
LH:42
BRDA:18,0,0,1
BRDA:18,0,1,3
BRDA:20,1,0,1
BRDA:20,1,1,0
BRDA:40,2,0,0
BRDA:40,2,1,0
BRDA:46,3,0,2
BRDA:46,3,1,2
BRDA:55,4,0,1
BRDA:55,4,1,1
BRDA:64,5,0,1
BRDA:64,5,1,1
BRDA:73,6,0,2
BRDA:73,6,1,2
BRDA:82,7,0,1
BRDA:82,7,1,1
BRDA:91,8,0,1
BRDA:91,8,1,1
BRDA:97,9,0,1
BRDA:97,9,1,0
BRDA:104,10,0,2
BRDA:104,10,1,2
BRDA:104,11,0,4
BRDA:104,11,1,4
BRF:24
BRH:20
end_of_record
TN:
SF:src/UseCases/TokenCallingComponent/BypassTokenModule/Bypass.ts
FN:7,(anonymous_7)
FN:11,(anonymous_8)
FN:15,(anonymous_9)
FN:19,(anonymous_10)
FNF:4
FNH:3
FNDA:4,(anonymous_7)
FNDA:2,(anonymous_8)
FNDA:0,(anonymous_9)
FNDA:3,(anonymous_10)
DA:4,2
DA:8,4
DA:12,2
DA:16,0
DA:20,3
DA:21,3
LF:6
LH:5
BRF:0
BRH:0
end_of_record
TN:
SF:src/UseCases/TokenCallingComponent/CallAgainModule/CallAgain.ts
FN:7,(anonymous_7)
FN:11,(anonymous_8)
FN:16,(anonymous_10)
FN:20,(anonymous_11)
FNF:4
FNH:3
FNDA:4,(anonymous_7)
FNDA:3,(anonymous_8)
FNDA:0,(anonymous_10)
FNDA:4,(anonymous_11)
DA:4,2
DA:8,4
DA:12,3
DA:13,3
DA:17,0
DA:21,4
LF:6
LH:5
BRF:0
BRH:0
end_of_record
TN:
SF:src/UseCases/TokenCallingComponent/NextTokenModule/CallNext.ts
FN:7,(anonymous_7)
FN:11,(anonymous_8)
FN:15,(anonymous_9)
FN:19,(anonymous_10)
FNF:4
FNH:3
FNDA:4,(anonymous_7)
FNDA:4,(anonymous_8)
FNDA:0,(anonymous_9)
FNDA:3,(anonymous_10)
DA:4,2
DA:8,4
DA:12,4
DA:16,0
DA:20,3
DA:21,3
LF:6
LH:5
BRF:0
BRH:0
end_of_record
TN:
SF:src/UseCases/TokenCallingComponent/RandomTokenCallModule/RandomCall.ts
FN:7,(anonymous_7)
FN:11,(anonymous_8)
FN:15,(anonymous_9)
FN:19,(anonymous_10)
FNF:4
FNH:3
FNDA:4,(anonymous_7)
FNDA:2,(anonymous_8)
FNDA:0,(anonymous_9)
FNDA:3,(anonymous_10)
DA:4,2
DA:8,4
DA:12,2
DA:16,0
DA:20,3
DA:21,3
LF:6
LH:5
BRF:0
BRH:0
end_of_record
TN:
SF:src/UseCases/TokenCallingComponent/TokenForwardModule/TokenForward.ts
FN:7,(anonymous_7)
FN:11,(anonymous_8)
FN:15,(anonymous_9)
FN:19,(anonymous_10)
FNF:4
FNH:3
FNDA:4,(anonymous_7)
FNDA:2,(anonymous_8)
FNDA:0,(anonymous_9)
FNDA:3,(anonymous_10)
DA:4,2
DA:8,4
DA:12,2
DA:16,0
DA:20,3
DA:21,3
LF:6
LH:5
BRF:0
BRH:0
end_of_record
TN:
SF:src/UseCases/TokenCategoryCountManagementComponent/TokenCategoryCountManager.ts
FN:4,(anonymous_7)
FN:9,(anonymous_8)
FN:13,(anonymous_10)
FN:17,(anonymous_12)
FN:22,(anonymous_14)
FN:26,(anonymous_16)
FN:30,(anonymous_18)
FN:35,(anonymous_20)
FN:39,(anonymous_22)
FNF:9
FNH:9
FNDA:1,(anonymous_7)
FNDA:1,(anonymous_8)
FNDA:1,(anonymous_10)
FNDA:1,(anonymous_12)
FNDA:1,(anonymous_14)
FNDA:1,(anonymous_16)
FNDA:1,(anonymous_18)
FNDA:1,(anonymous_20)
FNDA:1,(anonymous_22)
DA:3,2
DA:5,1
DA:6,1
DA:10,1
DA:14,1
DA:18,1
DA:19,1
DA:23,1
DA:27,1
DA:31,1
DA:32,1
DA:36,1
DA:40,1
LF:13
LH:13
BRF:0
BRH:0
end_of_record
TN:
SF:src/UseCases/TokenCountManagementComponent/TokenCountManager.ts
FN:4,(anonymous_7)
FN:8,(anonymous_8)
FN:12,(anonymous_10)
FN:16,(anonymous_12)
FN:21,(anonymous_14)
FN:25,(anonymous_16)
FNF:6
FNH:6
FNDA:1,(anonymous_7)
FNDA:1,(anonymous_8)
FNDA:1,(anonymous_10)
FNDA:1,(anonymous_12)
FNDA:1,(anonymous_14)
FNDA:1,(anonymous_16)
DA:3,2
DA:5,1
DA:9,1
DA:13,1
DA:17,1
DA:18,1
DA:22,1
DA:26,1
DA:27,1
LF:9
LH:9
BRF:0
BRH:0
end_of_record
TN:
SF:src/UseCases/TokenForwardListManagement/TokenForwardListManager.ts
FN:18,(anonymous_7)
FN:20,(anonymous_8)
FN:24,(anonymous_10)
FN:29,(anonymous_12)
FN:33,(anonymous_14)
FN:37,(anonymous_16)
FN:41,(anonymous_18)
FNF:7
FNH:7
FNDA:1,(anonymous_7)
FNDA:1,(anonymous_8)
FNDA:1,(anonymous_10)
FNDA:1,(anonymous_12)
FNDA:1,(anonymous_14)
FNDA:1,(anonymous_16)
FNDA:1,(anonymous_18)
DA:17,1
DA:18,1
DA:21,1
DA:25,1
DA:26,1
DA:30,1
DA:34,1
DA:38,1
DA:42,1
LF:9
LH:9
BRF:0
BRH:0
end_of_record
TN:
SF:src/UseCases/UserManagementComponent/UserManager.ts
FN:7,(anonymous_7)
FN:9,(anonymous_8)
FN:13,(anonymous_9)
FN:18,(anonymous_10)
FN:22,(anonymous_12)
FN:26,(anonymous_14)
FN:29,(anonymous_16)
FN:44,(anonymous_17)
FN:50,(anonymous_19)
FNF:9
FNH:9
FNDA:1,(anonymous_7)
FNDA:1,(anonymous_8)
FNDA:1,(anonymous_9)
FNDA:1,(anonymous_10)
FNDA:1,(anonymous_12)
FNDA:2,(anonymous_14)
FNDA:2,(anonymous_16)
FNDA:1,(anonymous_17)
FNDA:1,(anonymous_19)
DA:5,1
DA:7,1
DA:10,1
DA:16,1
DA:19,1
DA:23,1
DA:27,2
DA:30,2
DA:31,0
DA:34,2
DA:38,2
DA:39,1
DA:45,1
DA:51,1
LF:14
LH:13
BRDA:30,0,0,0
BRDA:30,0,1,2
BRDA:34,1,0,2
BRDA:34,1,1,1
BRDA:34,1,2,1
BRDA:38,2,0,1
BRDA:38,2,1,1
BRF:7
BRH:6
end_of_record
TN:
SF:tests/FrameworksAndDrivers/Drivers/TokenBaseStorageImplementation/tokenBaseExporter.ts
FNF:0
FNH:0
DA:1,1
DA:2,1
DA:3,1
DA:5,1
DA:7,1
DA:10,1
DA:16,1
DA:18,1
DA:24,1
DA:26,1
DA:33,1
DA:37,1
DA:38,1
DA:39,1
DA:40,1
DA:42,1
DA:43,1
DA:44,1
DA:45,1
DA:47,1
DA:48,1
DA:49,1
DA:50,1
DA:52,1
DA:53,1
DA:54,1
DA:55,1
DA:57,1
DA:58,1
DA:59,1
DA:60,1
DA:62,1
DA:63,1
DA:64,1
DA:65,1
DA:70,1
DA:71,1
DA:72,1
DA:77,1
DA:84,1
DA:91,1
DA:98,1
DA:102,1
DA:103,1
DA:104,1
DA:106,1
DA:107,1
DA:109,1
DA:110,1
DA:111,1
DA:112,1
DA:116,1
LF:52
LH:52
BRF:0
BRH:0
end_of_record
TN:
SF:tests/FrameworksAndDrivers/Drivers/plugins/TestPlugin1/EventHandlers.ts
FN:9,(anonymous_1)
FN:19,(anonymous_2)
FN:23,(anonymous_3)
FN:31,(anonymous_4)
FN:35,(anonymous_5)
FNF:5
FNH:5
FNDA:2,(anonymous_1)
FNDA:1,(anonymous_2)
FNDA:5,(anonymous_3)
FNDA:1,(anonymous_4)
FNDA:5,(anonymous_5)
DA:1,1
DA:4,1
DA:5,1
DA:10,2
DA:20,1
DA:24,5
DA:32,1
DA:36,5
DA:40,1
DA:41,1
LF:10
LH:10
BRF:0
BRH:0
end_of_record
TN:
SF:tests/FrameworksAndDrivers/Drivers/plugins/TestPlugin1/PipelineExecutors.ts
FN:10,(anonymous_0)
FN:17,(anonymous_1)
FN:24,(anonymous_2)
FN:31,(anonymous_3)
FN:40,(anonymous_4)
FN:44,(anonymous_5)
FNF:6
FNH:6
FNDA:1,(anonymous_0)
FNDA:1,(anonymous_1)
FNDA:1,(anonymous_2)
FNDA:1,(anonymous_3)
FNDA:2,(anonymous_4)
FNDA:4,(anonymous_5)
DA:4,1
DA:5,1
DA:6,1
DA:7,1
DA:9,1
DA:11,1
DA:16,1
DA:18,1
DA:23,1
DA:25,1
DA:30,1
DA:32,1
DA:38,2
DA:41,2
DA:45,4
DA:49,1
DA:50,1
DA:52,1
DA:53,1
DA:54,1
DA:55,1
DA:57,1
LF:22
LH:22
BRF:0
BRH:0
end_of_record
TN:
SF:tests/FrameworksAndDrivers/Drivers/plugins/TestPlugin1/Strategies.ts
FN:19,(anonymous_1)
FN:21,(anonymous_2)
FN:23,(anonymous_3)
FN:30,(anonymous_4)
FN:35,(anonymous_5)
FN:38,(anonymous_6)
FN:42,(anonymous_7)
FN:44,(anonymous_8)
FN:52,(anonymous_9)
FN:55,(anonymous_10)
FN:59,(anonymous_11)
FN:61,(anonymous_12)
FN:69,(anonymous_13)
FN:72,(anonymous_14)
FN:76,(anonymous_15)
FN:78,(anonymous_16)
FN:86,(anonymous_17)
FN:89,(anonymous_18)
FN:93,(anonymous_19)
FN:95,(anonymous_20)
FNF:20
FNH:14
FNDA:1,(anonymous_1)
FNDA:1,(anonymous_2)
FNDA:2,(anonymous_3)
FNDA:2,(anonymous_4)
FNDA:1,(anonymous_5)
FNDA:2,(anonymous_6)
FNDA:1,(anonymous_7)
FNDA:2,(anonymous_8)
FNDA:1,(anonymous_9)
FNDA:0,(anonymous_10)
FNDA:1,(anonymous_11)
FNDA:0,(anonymous_12)
FNDA:1,(anonymous_13)
FNDA:0,(anonymous_14)
FNDA:1,(anonymous_15)
FNDA:0,(anonymous_16)
FNDA:1,(anonymous_17)
FNDA:0,(anonymous_18)
FNDA:1,(anonymous_19)
FNDA:0,(anonymous_20)
DA:10,1
DA:11,1
DA:13,1
DA:14,1
DA:15,1
DA:16,1
DA:17,1
DA:20,1
DA:22,1
DA:23,1
DA:24,2
DA:26,1
DA:27,1
DA:31,2
DA:36,1
DA:39,2
DA:43,1
DA:44,1
DA:45,2
DA:47,1
DA:48,1
DA:53,1
DA:56,0
DA:60,1
DA:61,1
DA:62,0
DA:64,1
DA:65,1
DA:70,1
DA:73,0
DA:77,1
DA:78,1
DA:79,0
DA:81,1
DA:82,1
DA:87,1
DA:90,0
DA:94,1
DA:95,1
DA:96,0
DA:98,1
DA:99,1
DA:104,1
DA:105,1
DA:106,1
DA:107,1
DA:108,1
DA:110,1
LF:48
LH:42
BRF:0
BRH:0
end_of_record
TN:
SF:tests/FrameworksAndDrivers/Drivers/plugins/TestPlugin1/index.ts
FNF:0
FNH:0
DA:1,1
DA:2,1
DA:4,1
DA:6,1
DA:17,1
LF:5
LH:5
BRF:0
BRH:0
end_of_record
TN:
SF:tests/FrameworksAndDrivers/Drivers/pluginsManagerPlugin/TestPlugin1/EventHandlers.ts
FN:9,(anonymous_1)
FN:19,(anonymous_2)
FN:23,(anonymous_3)
FN:31,(anonymous_4)
FN:35,(anonymous_5)
FNF:5
FNH:3
FNDA:2,(anonymous_1)
FNDA:1,(anonymous_2)
FNDA:0,(anonymous_3)
FNDA:1,(anonymous_4)
FNDA:0,(anonymous_5)
DA:1,1
DA:4,1
DA:5,1
DA:10,2
DA:20,1
DA:24,0
DA:32,1
DA:36,0
DA:40,1
DA:41,1
LF:10
LH:8
BRF:0
BRH:0
end_of_record
TN:
SF:tests/FrameworksAndDrivers/Drivers/pluginsManagerPlugin/TestPlugin1/PipelineExecutors.ts
FN:10,(anonymous_0)
FN:17,(anonymous_1)
FN:24,(anonymous_2)
FN:31,(anonymous_3)
FN:40,(anonymous_4)
FN:44,(anonymous_5)
FNF:6
FNH:2
FNDA:0,(anonymous_0)
FNDA:0,(anonymous_1)
FNDA:0,(anonymous_2)
FNDA:0,(anonymous_3)
FNDA:2,(anonymous_4)
FNDA:4,(anonymous_5)
DA:4,1
DA:5,1
DA:6,1
DA:7,1
DA:9,1
DA:11,0
DA:16,1
DA:18,0
DA:23,1
DA:25,0
DA:30,1
DA:32,0
DA:38,2
DA:41,2
DA:45,4
DA:49,1
DA:50,1
DA:52,1
DA:53,1
DA:54,1
DA:55,1
DA:57,1
LF:22
LH:18
BRF:0
BRH:0
end_of_record
TN:
SF:tests/FrameworksAndDrivers/Drivers/pluginsManagerPlugin/TestPlugin1/Strategies.ts
FN:19,(anonymous_1)
FN:21,(anonymous_2)
FN:23,(anonymous_3)
FN:30,(anonymous_4)
FN:35,(anonymous_5)
FN:38,(anonymous_6)
FN:42,(anonymous_7)
FN:44,(anonymous_8)
FN:52,(anonymous_9)
FN:55,(anonymous_10)
FN:59,(anonymous_11)
FN:61,(anonymous_12)
FN:69,(anonymous_13)
FN:72,(anonymous_14)
FN:76,(anonymous_15)
FN:78,(anonymous_16)
FN:86,(anonymous_17)
FN:89,(anonymous_18)
FN:93,(anonymous_19)
FN:95,(anonymous_20)
FNF:20
FNH:5
FNDA:1,(anonymous_1)
FNDA:0,(anonymous_2)
FNDA:0,(anonymous_3)
FNDA:0,(anonymous_4)
FNDA:1,(anonymous_5)
FNDA:0,(anonymous_6)
FNDA:0,(anonymous_7)
FNDA:0,(anonymous_8)
FNDA:1,(anonymous_9)
FNDA:0,(anonymous_10)
FNDA:0,(anonymous_11)
FNDA:0,(anonymous_12)
FNDA:1,(anonymous_13)
FNDA:0,(anonymous_14)
FNDA:0,(anonymous_15)
FNDA:0,(anonymous_16)
FNDA:1,(anonymous_17)
FNDA:0,(anonymous_18)
FNDA:0,(anonymous_19)
FNDA:0,(anonymous_20)
DA:10,1
DA:11,1
DA:13,1
DA:14,1
DA:15,1
DA:16,1
DA:17,1
DA:20,1
DA:22,0
DA:23,0
DA:24,0
DA:26,0
DA:27,0
DA:31,0
DA:36,1
DA:39,0
DA:43,0
DA:44,0
DA:45,0
DA:47,0
DA:48,0
DA:53,1
DA:56,0
DA:60,0
DA:61,0
DA:62,0
DA:64,0
DA:65,0
DA:70,1
DA:73,0
DA:77,0
DA:78,0
DA:79,0
DA:81,0
DA:82,0
DA:87,1
DA:90,0
DA:94,0
DA:95,0
DA:96,0
DA:98,0
DA:99,0
DA:104,1
DA:105,1
DA:106,1
DA:107,1
DA:108,1
DA:110,1
LF:48
LH:18
BRF:0
BRH:0
end_of_record
TN:
SF:tests/FrameworksAndDrivers/Drivers/pluginsManagerPlugin/TestPlugin1/index.ts
FNF:0
FNH:0
DA:1,1
DA:2,1
DA:4,1
DA:6,1
DA:17,1
LF:5
LH:5
BRF:0
BRH:0
end_of_record
TN:
SF:tests/FrameworksAndDrivers/Drivers/pluginsManagerPlugin/TestPlugin2/EventHandlers.ts
FN:9,(anonymous_1)
FN:19,(anonymous_2)
FN:23,(anonymous_3)
FN:31,(anonymous_4)
FN:35,(anonymous_5)
FNF:5
FNH:3
FNDA:2,(anonymous_1)
FNDA:1,(anonymous_2)
FNDA:0,(anonymous_3)
FNDA:1,(anonymous_4)
FNDA:0,(anonymous_5)
DA:1,1
DA:4,1
DA:5,1
DA:10,2
DA:20,1
DA:24,0
DA:32,1
DA:36,0
DA:40,1
DA:41,1
LF:10
LH:8
BRF:0
BRH:0
end_of_record
TN:
SF:tests/FrameworksAndDrivers/Drivers/pluginsManagerPlugin/TestPlugin2/PipelineExecutors.ts
FN:10,(anonymous_0)
FN:17,(anonymous_1)
FN:24,(anonymous_2)
FN:31,(anonymous_3)
FN:40,(anonymous_4)
FN:44,(anonymous_5)
FNF:6
FNH:2
FNDA:0,(anonymous_0)
FNDA:0,(anonymous_1)
FNDA:0,(anonymous_2)
FNDA:0,(anonymous_3)
FNDA:2,(anonymous_4)
FNDA:4,(anonymous_5)
DA:4,1
DA:5,1
DA:6,1
DA:7,1
DA:9,1
DA:11,0
DA:16,1
DA:18,0
DA:23,1
DA:25,0
DA:30,1
DA:32,0
DA:38,2
DA:41,2
DA:45,4
DA:49,1
DA:50,1
DA:52,1
DA:53,1
DA:54,1
DA:55,1
DA:57,1
LF:22
LH:18
BRF:0
BRH:0
end_of_record
TN:
SF:tests/FrameworksAndDrivers/Drivers/pluginsManagerPlugin/TestPlugin2/Strategies.ts
FN:19,(anonymous_1)
FN:21,(anonymous_2)
FN:23,(anonymous_3)
FN:30,(anonymous_4)
FN:35,(anonymous_5)
FN:38,(anonymous_6)
FN:42,(anonymous_7)
FN:44,(anonymous_8)
FN:52,(anonymous_9)
FN:55,(anonymous_10)
FN:59,(anonymous_11)
FN:61,(anonymous_12)
FN:69,(anonymous_13)
FN:72,(anonymous_14)
FN:76,(anonymous_15)
FN:78,(anonymous_16)
FN:86,(anonymous_17)
FN:89,(anonymous_18)
FN:93,(anonymous_19)
FN:95,(anonymous_20)
FNF:20
FNH:5
FNDA:1,(anonymous_1)
FNDA:0,(anonymous_2)
FNDA:0,(anonymous_3)
FNDA:0,(anonymous_4)
FNDA:1,(anonymous_5)
FNDA:0,(anonymous_6)
FNDA:0,(anonymous_7)
FNDA:0,(anonymous_8)
FNDA:1,(anonymous_9)
FNDA:0,(anonymous_10)
FNDA:0,(anonymous_11)
FNDA:0,(anonymous_12)
FNDA:1,(anonymous_13)
FNDA:0,(anonymous_14)
FNDA:0,(anonymous_15)
FNDA:0,(anonymous_16)
FNDA:1,(anonymous_17)
FNDA:0,(anonymous_18)
FNDA:0,(anonymous_19)
FNDA:0,(anonymous_20)
DA:10,1
DA:11,1
DA:13,1
DA:14,1
DA:15,1
DA:16,1
DA:17,1
DA:20,1
DA:22,0
DA:23,0
DA:24,0
DA:26,0
DA:27,0
DA:31,0
DA:36,1
DA:39,0
DA:43,0
DA:44,0
DA:45,0
DA:47,0
DA:48,0
DA:53,1
DA:56,0
DA:60,0
DA:61,0
DA:62,0
DA:64,0
DA:65,0
DA:70,1
DA:73,0
DA:77,0
DA:78,0
DA:79,0
DA:81,0
DA:82,0
DA:87,1
DA:90,0
DA:94,0
DA:95,0
DA:96,0
DA:98,0
DA:99,0
DA:104,1
DA:105,1
DA:106,1
DA:107,1
DA:108,1
DA:110,1
LF:48
LH:18
BRF:0
BRH:0
end_of_record
TN:
SF:tests/FrameworksAndDrivers/Drivers/pluginsManagerPlugin/TestPlugin2/index.ts
FNF:0
FNH:0
DA:1,1
DA:2,1
DA:4,1
DA:6,1
DA:17,1
LF:5
LH:5
BRF:0
BRH:0
end_of_record
TN:
SF:tests/FrameworksAndDrivers/Drivers/pluginsManagerPlugin/TestPlugin3/EventHandlers.ts
FN:9,(anonymous_1)
FN:19,(anonymous_2)
FN:23,(anonymous_3)
FN:31,(anonymous_4)
FN:35,(anonymous_5)
FNF:5
FNH:3
FNDA:2,(anonymous_1)
FNDA:1,(anonymous_2)
FNDA:0,(anonymous_3)
FNDA:1,(anonymous_4)
FNDA:0,(anonymous_5)
DA:1,1
DA:4,1
DA:5,1
DA:10,2
DA:20,1
DA:24,0
DA:32,1
DA:36,0
DA:40,1
DA:41,1
LF:10
LH:8
BRF:0
BRH:0
end_of_record
TN:
SF:tests/FrameworksAndDrivers/Drivers/pluginsManagerPlugin/TestPlugin3/PipelineExecutors.ts
FN:10,(anonymous_0)
FN:17,(anonymous_1)
FN:24,(anonymous_2)
FN:31,(anonymous_3)
FN:40,(anonymous_4)
FN:44,(anonymous_5)
FNF:6
FNH:2
FNDA:0,(anonymous_0)
FNDA:0,(anonymous_1)
FNDA:0,(anonymous_2)
FNDA:0,(anonymous_3)
FNDA:2,(anonymous_4)
FNDA:4,(anonymous_5)
DA:4,1
DA:5,1
DA:6,1
DA:7,1
DA:9,1
DA:11,0
DA:16,1
DA:18,0
DA:23,1
DA:25,0
DA:30,1
DA:32,0
DA:38,2
DA:41,2
DA:45,4
DA:49,1
DA:50,1
DA:52,1
DA:53,1
DA:54,1
DA:55,1
DA:57,1
LF:22
LH:18
BRF:0
BRH:0
end_of_record
TN:
SF:tests/FrameworksAndDrivers/Drivers/pluginsManagerPlugin/TestPlugin3/index.ts
FNF:0
FNH:0
DA:1,1
DA:2,1
DA:6,1
DA:17,1
LF:4
LH:4
BRF:0
BRH:0
end_of_record
TN:
SF:tests/InterfaceAdapters/CustomerStorageInteractorImplementation/InteractorHelpers.ts
FN:7,(anonymous_13)
FN:9,(anonymous_14)
FN:14,(anonymous_15)
FN:14,(anonymous_16)
FN:22,(anonymous_17)
FN:22,(anonymous_18)
FN:33,(anonymous_19)
FN:33,(anonymous_20)
FN:36,(anonymous_21)
FN:43,(anonymous_22)
FN:43,(anonymous_23)
FN:45,(anonymous_24)
FN:54,(anonymous_25)
FN:54,(anonymous_26)
FN:56,(anonymous_27)
FN:60,(anonymous_28)
FN:60,(anonymous_29)
FN:64,(anonymous_30)
FN:75,(anonymous_31)
FN:75,(anonymous_32)
FN:78,(anonymous_33)
FN:83,(anonymous_34)
FN:83,(anonymous_35)
FNF:23
FNH:23
FNDA:34,(anonymous_13)
FNDA:11,(anonymous_14)
FNDA:34,(anonymous_15)
FNDA:34,(anonymous_16)
FNDA:4,(anonymous_17)
FNDA:4,(anonymous_18)
FNDA:9,(anonymous_19)
FNDA:9,(anonymous_20)
FNDA:37,(anonymous_21)
FNDA:2,(anonymous_22)
FNDA:2,(anonymous_23)
FNDA:12,(anonymous_24)
FNDA:2,(anonymous_25)
FNDA:2,(anonymous_26)
FNDA:12,(anonymous_27)
FNDA:5,(anonymous_28)
FNDA:5,(anonymous_29)
FNDA:17,(anonymous_30)
FNDA:6,(anonymous_31)
FNDA:6,(anonymous_32)
FNDA:17,(anonymous_33)
FNDA:1,(anonymous_34)
FNDA:1,(anonymous_35)
DA:1,2
DA:2,2
DA:3,2
DA:7,2
DA:8,34
DA:9,2
DA:10,11
DA:12,2
DA:14,34
DA:15,34
DA:16,34
DA:17,4
DA:19,30
DA:20,30
DA:22,4
DA:24,4
DA:25,4
DA:26,3
DA:28,1
DA:30,4
DA:33,9
DA:34,9
DA:35,9
DA:36,37
DA:38,0
DA:39,0
DA:43,2
DA:44,2
DA:45,2
DA:46,12
DA:47,2
DA:49,10
DA:51,2
DA:54,2
DA:55,2
DA:56,12
DA:57,2
DA:60,5
DA:61,5
DA:62,5
DA:63,5
DA:64,4
DA:65,17
DA:66,17
DA:72,5
DA:75,6
DA:76,6
DA:77,6
DA:78,17
DA:80,1
DA:83,2
DA:84,1
DA:89,2
DA:90,2
DA:91,2
DA:92,2
DA:93,2
DA:94,2
DA:95,2
DA:96,2
LF:60
LH:58
BRDA:16,0,0,4
BRDA:16,0,1,30
BRDA:46,1,0,2
BRDA:46,1,1,10
BRDA:65,2,0,17
BRDA:65,2,1,0
BRF:6
BRH:5
end_of_record
TN:
SF:tests/InterfaceAdapters/TokenBaseStorageInteractorImplementation/InteractorHelper.ts
FN:11,(anonymous_14)
FN:13,(anonymous_15)
FN:45,(anonymous_16)
FN:45,(anonymous_17)
FN:55,(anonymous_18)
FN:58,(anonymous_19)
FN:63,(anonymous_20)
FN:74,(anonymous_21)
FN:78,(anonymous_22)
FN:93,(anonymous_23)
FN:93,(anonymous_24)
FN:105,(anonymous_25)
FN:105,(anonymous_26)
FN:108,(anonymous_27)
FN:115,(anonymous_28)
FN:121,(anonymous_29)
FN:121,(anonymous_30)
FN:124,(anonymous_31)
FN:132,(anonymous_32)
FN:132,(anonymous_33)
FN:136,(anonymous_34)
FN:136,(anonymous_35)
FN:138,(anonymous_36)
FN:147,(anonymous_37)
FN:147,(anonymous_38)
FN:151,(anonymous_39)
FN:156,(anonymous_40)
FN:164,(anonymous_41)
FN:164,(anonymous_42)
FN:168,(anonymous_43)
FN:174,(anonymous_44)
FN:181,(anonymous_45)
FN:182,(anonymous_46)
FN:185,(anonymous_47)
FN:185,(anonymous_48)
FN:187,(anonymous_49)
FN:190,(anonymous_50)
FN:190,(anonymous_51)
FN:194,(anonymous_52)
FNF:39
FNH:16
FNDA:10,(anonymous_14)
FNDA:5,(anonymous_15)
FNDA:10,(anonymous_16)
FNDA:10,(anonymous_17)
FNDA:6,(anonymous_18)
FNDA:11,(anonymous_19)
FNDA:21,(anonymous_20)
FNDA:11,(anonymous_21)
FNDA:21,(anonymous_22)
FNDA:2,(anonymous_23)
FNDA:2,(anonymous_24)
FNDA:0,(anonymous_25)
FNDA:0,(anonymous_26)
FNDA:0,(anonymous_27)
FNDA:0,(anonymous_28)
FNDA:0,(anonymous_29)
FNDA:0,(anonymous_30)
FNDA:0,(anonymous_31)
FNDA:1,(anonymous_32)
FNDA:1,(anonymous_33)
FNDA:0,(anonymous_34)
FNDA:0,(anonymous_35)
FNDA:0,(anonymous_36)
FNDA:0,(anonymous_37)
FNDA:0,(anonymous_38)
FNDA:0,(anonymous_39)
FNDA:0,(anonymous_40)
FNDA:0,(anonymous_41)
FNDA:0,(anonymous_42)
FNDA:0,(anonymous_43)
FNDA:0,(anonymous_44)
FNDA:0,(anonymous_45)
FNDA:0,(anonymous_46)
FNDA:0,(anonymous_47)
FNDA:0,(anonymous_48)
FNDA:0,(anonymous_49)
FNDA:4,(anonymous_50)
FNDA:4,(anonymous_51)
FNDA:4,(anonymous_52)
DA:1,1
DA:2,1
DA:3,1
DA:5,1
DA:9,1
DA:11,1
DA:12,10
DA:13,1
DA:14,5
DA:16,1
DA:45,10
DA:46,10
DA:47,10
DA:48,4
DA:50,6
DA:51,6
DA:52,6
DA:55,1
DA:56,6
DA:58,6
DA:59,11
DA:61,11
DA:63,11
DA:64,21
DA:65,21
DA:68,11
DA:69,11
DA:71,6
DA:74,1
DA:75,11
DA:78,1
DA:79,21
DA:81,21
DA:82,21
DA:83,0
DA:85,21
DA:87,21
DA:88,21
DA:90,21
DA:93,2
DA:94,2
DA:96,2
DA:97,2
DA:98,1
DA:100,1
DA:102,2
DA:105,1
DA:106,0
DA:107,0
DA:108,0
DA:109,0
DA:115,0
DA:116,0
DA:121,1
DA:122,0
DA:123,0
DA:124,0
DA:125,0
DA:126,0
DA:132,1
DA:133,1
DA:136,1
DA:137,0
DA:138,0
DA:139,0
DA:141,0
DA:143,0
DA:147,1
DA:148,0
DA:150,0
DA:151,0
DA:152,0
DA:156,0
DA:157,0
DA:161,0
DA:164,1
DA:165,0
DA:166,0
DA:167,0
DA:168,0
DA:169,0
DA:170,0
DA:174,0
DA:175,0
DA:178,0
DA:181,1
DA:182,0
DA:185,1
DA:186,0
DA:187,0
DA:190,4
DA:191,4
DA:192,4
DA:193,4
DA:194,2
DA:195,4
DA:197,2
DA:199,2
DA:204,1
DA:205,1
DA:206,1
DA:207,1
DA:208,1
DA:209,1
DA:210,1
DA:211,1
DA:212,1
DA:213,1
DA:214,1
LF:109
LH:73
BRDA:47,0,0,4
BRDA:47,0,1,6
BRDA:82,1,0,0
BRDA:82,1,1,21
BRDA:107,2,0,0
BRDA:107,2,1,0
BRDA:109,3,0,0
BRDA:109,3,1,0
BRDA:109,3,2,0
BRDA:109,3,3,0
BRDA:126,4,0,0
BRDA:126,4,1,0
BRDA:126,4,2,0
BRDA:139,5,0,0
BRDA:139,5,1,0
BRDA:139,6,0,0
BRDA:139,6,1,0
BRDA:150,7,0,0
BRDA:150,7,1,0
BRDA:152,8,0,0
BRDA:152,8,1,0
BRDA:152,8,2,0
BRDA:157,9,0,0
BRDA:157,9,1,0
BRDA:167,10,0,0
BRDA:167,10,1,0
BRDA:169,11,0,0
BRDA:169,11,1,0
BRDA:170,12,0,0
BRDA:170,12,1,0
BRDA:175,13,0,0
BRDA:175,13,1,0
BRDA:195,14,0,4
BRDA:195,14,1,0
BRF:34
BRH:4
end_of_record
TN:
SF:tests/InterfaceAdapters/TokenBaseStorageInteractorImplementation/tokenBaseExporter.ts
FNF:0
FNH:0
DA:1,1
DA:2,1
DA:3,1
DA:5,1
DA:7,1
DA:10,1
DA:16,1
DA:18,1
DA:24,1
DA:26,1
DA:33,1
DA:37,1
DA:38,1
DA:39,1
DA:40,1
DA:42,1
DA:43,1
DA:44,1
DA:45,1
DA:47,1
DA:48,1
DA:49,1
DA:50,1
DA:52,1
DA:53,1
DA:54,1
DA:55,1
DA:57,1
DA:58,1
DA:59,1
DA:60,1
DA:62,1
DA:63,1
DA:64,1
DA:65,1
DA:70,1
DA:71,1
DA:72,1
DA:77,1
DA:84,1
DA:91,1
DA:98,1
DA:102,1
DA:103,1
DA:104,1
DA:106,1
DA:107,1
DA:109,1
DA:110,1
DA:111,1
DA:112,1
DA:116,1
LF:52
LH:52
BRF:0
BRH:0
end_of_record
TN:
SF:tests/InterfaceAdapters/TokenCategoryCountStorageInteractorImplementation/InteractorHelper.ts
FN:6,(anonymous_13)
FN:8,(anonymous_14)
FN:21,(anonymous_15)
FN:21,(anonymous_16)
FN:31,(anonymous_17)
FN:31,(anonymous_18)
FN:33,(anonymous_19)
FN:50,(anonymous_20)
FN:50,(anonymous_21)
FN:52,(anonymous_22)
FN:63,(anonymous_23)
FN:63,(anonymous_24)
FN:72,(anonymous_25)
FN:72,(anonymous_26)
FN:83,(anonymous_27)
FN:83,(anonymous_28)
FN:94,(anonymous_29)
FN:94,(anonymous_30)
FN:96,(anonymous_31)
FN:100,(anonymous_32)
FN:100,(anonymous_33)
FN:107,(anonymous_34)
FN:107,(anonymous_35)
FN:115,(anonymous_36)
FN:115,(anonymous_37)
FN:120,(anonymous_38)
FN:120,(anonymous_39)
FN:122,(anonymous_40)
FN:131,(anonymous_41)
FN:131,(anonymous_42)
FN:133,(anonymous_43)
FNF:31
FNH:31
FNDA:33,(anonymous_13)
FNDA:12,(anonymous_14)
FNDA:33,(anonymous_15)
FNDA:33,(anonymous_16)
FNDA:5,(anonymous_17)
FNDA:5,(anonymous_18)
FNDA:7,(anonymous_19)
FNDA:6,(anonymous_20)
FNDA:6,(anonymous_21)
FNDA:12,(anonymous_22)
FNDA:9,(anonymous_23)
FNDA:9,(anonymous_24)
FNDA:2,(anonymous_25)
FNDA:2,(anonymous_26)
FNDA:2,(anonymous_27)
FNDA:2,(anonymous_28)
FNDA:17,(anonymous_29)
FNDA:17,(anonymous_30)
FNDA:24,(anonymous_31)
FNDA:2,(anonymous_32)
FNDA:2,(anonymous_33)
FNDA:2,(anonymous_34)
FNDA:2,(anonymous_35)
FNDA:3,(anonymous_36)
FNDA:3,(anonymous_37)
FNDA:1,(anonymous_38)
FNDA:1,(anonymous_39)
FNDA:3,(anonymous_40)
FNDA:1,(anonymous_41)
FNDA:1,(anonymous_42)
FNDA:4,(anonymous_43)
DA:1,1
DA:2,1
DA:3,1
DA:6,1
DA:7,33
DA:8,1
DA:9,12
DA:17,1
DA:21,33
DA:22,33
DA:23,33
DA:24,2
DA:26,31
DA:27,31
DA:31,5
DA:32,5
DA:33,7
DA:34,5
DA:35,4
DA:41,4
DA:42,4
DA:44,1
DA:50,6
DA:51,6
DA:52,6
DA:53,12
DA:54,6
DA:56,6
DA:58,6
DA:63,9
DA:64,9
DA:65,9
DA:66,1
DA:68,8
DA:72,2
DA:73,2
DA:74,2
DA:75,0
DA:77,2
DA:78,2
DA:79,2
DA:83,2
DA:84,2
DA:85,2
DA:86,0
DA:88,2
DA:89,2
DA:90,2
DA:94,17
DA:95,17
DA:96,24
DA:97,17
DA:100,2
DA:101,2
DA:102,2
DA:103,2
DA:104,2
DA:107,2
DA:108,2
DA:109,2
DA:110,0
DA:112,2
DA:115,3
DA:116,3
DA:117,3
DA:120,1
DA:121,1
DA:122,1
DA:123,3
DA:124,1
DA:126,3
DA:128,1
DA:131,1
DA:132,1
DA:133,4
DA:134,1
DA:138,1
DA:150,1
LF:78
LH:75
BRDA:23,0,0,2
BRDA:23,0,1,31
BRDA:34,1,0,4
BRDA:34,1,1,1
BRDA:53,2,0,6
BRDA:53,2,1,6
BRDA:65,3,0,1
BRDA:65,3,1,8
BRDA:74,4,0,0
BRDA:74,4,1,2
BRDA:85,5,0,0
BRDA:85,5,1,2
BRDA:109,6,0,0
BRDA:109,6,1,2
BRDA:123,7,0,1
BRDA:123,7,1,2
BRF:16
BRH:13
end_of_record
TN:
SF:tests/InterfaceAdapters/TokenCountStorageInteractorImplementation/InteractorHelper.ts
FN:5,(anonymous_13)
FN:7,(anonymous_14)
FN:16,(anonymous_15)
FN:16,(anonymous_16)
FN:22,(anonymous_17)
FN:22,(anonymous_18)
FN:27,(anonymous_19)
FN:27,(anonymous_20)
FN:33,(anonymous_21)
FN:33,(anonymous_22)
FN:39,(anonymous_23)
FN:39,(anonymous_24)
FN:45,(anonymous_25)
FN:45,(anonymous_26)
FNF:14
FNH:14
FNDA:9,(anonymous_13)
FNDA:5,(anonymous_14)
FNDA:9,(anonymous_15)
FNDA:9,(anonymous_16)
FNDA:3,(anonymous_17)
FNDA:3,(anonymous_18)
FNDA:1,(anonymous_19)
FNDA:1,(anonymous_20)
FNDA:3,(anonymous_21)
FNDA:3,(anonymous_22)
FNDA:1,(anonymous_23)
FNDA:1,(anonymous_24)
FNDA:1,(anonymous_25)
FNDA:1,(anonymous_26)
DA:1,1
DA:2,1
DA:3,1
DA:5,1
DA:6,9
DA:7,1
DA:8,5
DA:14,1
DA:16,9
DA:17,9
DA:18,9
DA:19,9
DA:22,3
DA:23,3
DA:24,3
DA:27,1
DA:28,1
DA:29,1
DA:30,1
DA:33,3
DA:34,3
DA:35,3
DA:36,3
DA:39,1
DA:40,1
DA:41,1
DA:42,1
DA:45,1
DA:46,1
DA:47,1
DA:51,1
DA:52,1
DA:53,1
DA:54,1
DA:55,1
LF:35
LH:35
BRF:0
BRH:0
end_of_record
TN:
SF:tests/InterfaceAdapters/TokenForwardListStorageInteractorImplementation/InteractorHelper.ts
FN:7,(anonymous_13)
FN:9,(anonymous_14)
FN:15,(anonymous_15)
FN:24,(anonymous_17)
FNF:4
FNH:4
FNDA:13,(anonymous_13)
FNDA:10,(anonymous_14)
FNDA:13,(anonymous_15)
FNDA:10,(anonymous_17)
DA:1,1
DA:2,1
DA:3,1
DA:7,1
DA:8,13
DA:9,1
DA:10,10
DA:12,1
DA:14,1
DA:16,13
DA:17,13
DA:18,1
DA:20,12
DA:21,12
DA:25,10
DA:26,2
DA:28,8
DA:29,8
LF:18
LH:18
BRDA:17,0,0,1
BRDA:17,0,1,12
BRDA:25,1,0,2
BRDA:25,1,1,8
BRF:4
BRH:4
end_of_record
TN:
SF:tests/InterfaceAdapters/UserStorageInteractionImplementation/InteractorHelpers.ts
FN:12,(anonymous_14)
FN:14,(anonymous_15)
FN:19,(anonymous_16)
FN:19,(anonymous_17)
FN:25,(anonymous_18)
FN:25,(anonymous_19)
FN:31,(anonymous_20)
FN:31,(anonymous_21)
FN:35,(anonymous_22)
FN:42,(anonymous_23)
FN:42,(anonymous_24)
FN:44,(anonymous_25)
FN:53,(anonymous_26)
FN:53,(anonymous_27)
FN:56,(anonymous_28)
FN:60,(anonymous_29)
FN:60,(anonymous_30)
FN:64,(anonymous_31)
FN:75,(anonymous_32)
FN:75,(anonymous_33)
FN:77,(anonymous_34)
FN:85,(anonymous_35)
FN:85,(anonymous_36)
FN:87,(anonymous_37)
FN:90,(anonymous_38)
FN:90,(anonymous_39)
FN:92,(anonymous_40)
FN:101,(anonymous_41)
FN:101,(anonymous_42)
FN:103,(anonymous_43)
FN:108,(anonymous_44)
FN:108,(anonymous_45)
FN:110,(anonymous_46)
FN:113,(anonymous_47)
FN:113,(anonymous_48)
FN:117,(anonymous_49)
FN:125,(anonymous_50)
FN:125,(anonymous_51)
FN:127,(anonymous_52)
FNF:39
FNH:39
FNDA:67,(anonymous_14)
FNDA:12,(anonymous_15)
FNDA:67,(anonymous_16)
FNDA:67,(anonymous_17)
FNDA:4,(anonymous_18)
FNDA:4,(anonymous_19)
FNDA:25,(anonymous_20)
FNDA:25,(anonymous_21)
FNDA:148,(anonymous_22)
FNDA:2,(anonymous_23)
FNDA:2,(anonymous_24)
FNDA:13,(anonymous_25)
FNDA:16,(anonymous_26)
FNDA:16,(anonymous_27)
FNDA:54,(anonymous_28)
FNDA:2,(anonymous_29)
FNDA:2,(anonymous_30)
FNDA:12,(anonymous_31)
FNDA:10,(anonymous_32)
FNDA:10,(anonymous_33)
FNDA:53,(anonymous_34)
FNDA:5,(anonymous_35)
FNDA:5,(anonymous_36)
FNDA:25,(anonymous_37)
FNDA:2,(anonymous_38)
FNDA:2,(anonymous_39)
FNDA:11,(anonymous_40)
FNDA:9,(anonymous_41)
FNDA:9,(anonymous_42)
FNDA:21,(anonymous_43)
FNDA:6,(anonymous_44)
FNDA:6,(anonymous_45)
FNDA:33,(anonymous_46)
FNDA:2,(anonymous_47)
FNDA:2,(anonymous_48)
FNDA:11,(anonymous_49)
FNDA:4,(anonymous_50)
FNDA:4,(anonymous_51)
FNDA:20,(anonymous_52)
DA:1,1
DA:2,1
DA:3,1
DA:9,1
DA:12,1
DA:13,67
DA:14,1
DA:15,12
DA:17,1
DA:19,67
DA:20,67
DA:21,67
DA:22,67
DA:25,4
DA:26,4
DA:27,4
DA:28,4
DA:31,25
DA:32,25
DA:33,25
DA:35,25
DA:36,148
DA:39,25
DA:42,2
DA:43,2
DA:44,2
DA:45,13
DA:46,11
DA:50,2
DA:53,16
DA:54,16
DA:56,54
DA:57,16
DA:60,2
DA:61,2
DA:63,2
DA:65,12
DA:66,2
DA:68,12
DA:72,2
DA:75,10
DA:76,10
DA:77,10
DA:78,53
DA:85,5
DA:86,5
DA:87,25
DA:90,2
DA:91,2
DA:92,2
DA:93,11
DA:94,2
DA:96,11
DA:98,2
DA:101,9
DA:102,9
DA:103,9
DA:104,21
DA:108,6
DA:109,6
DA:110,33
DA:113,2
DA:114,2
DA:116,2
DA:117,2
DA:118,11
DA:119,11
DA:122,2
DA:125,4
DA:126,4
DA:127,20
DA:128,4
DA:129,2
DA:131,2
DA:135,1
DA:136,1
DA:137,1
DA:138,1
DA:139,1
DA:140,1
DA:141,1
DA:142,1
DA:143,1
DA:144,1
DA:145,1
DA:146,1
DA:147,1
LF:87
LH:87
BRDA:45,0,0,11
BRDA:45,0,1,2
BRDA:65,1,0,2
BRDA:65,1,1,10
BRDA:79,2,0,53
BRDA:79,2,1,4
BRDA:93,3,0,2
BRDA:93,3,1,9
BRDA:103,4,0,9
BRDA:103,4,1,6
BRDA:104,5,0,21
BRDA:104,5,1,11
BRDA:118,6,0,11
BRDA:118,6,1,0
BRDA:127,7,0,20
BRDA:127,7,1,4
BRDA:128,8,0,2
BRDA:128,8,1,2
BRF:18
BRH:17
end_of_record
TN:
SF:tests/UseCases/PluginManagementComponent/plugins/plugin1/EventHandlers.ts
FN:5,(anonymous_0)
FN:7,(anonymous_1)
FN:15,(anonymous_2)
FN:19,(anonymous_3)
FN:27,(anonymous_4)
FN:31,(anonymous_5)
FNF:6
FNH:3
FNDA:4,(anonymous_0)
FNDA:0,(anonymous_1)
FNDA:2,(anonymous_2)
FNDA:0,(anonymous_3)
FNDA:2,(anonymous_4)
FNDA:0,(anonymous_5)
DA:8,0
DA:16,2
DA:20,0
DA:28,2
DA:32,0
DA:36,2
DA:37,2
LF:7
LH:4
BRF:0
BRH:0
end_of_record
TN:
SF:tests/UseCases/PluginManagementComponent/plugins/plugin1/index.ts
FNF:0
FNH:0
DA:1,2
DA:2,2
DA:5,2
DA:10,2
LF:4
LH:4
BRF:0
BRH:0
end_of_record
TN:
SF:tests/UseCases/PluginManagementComponent/plugins/plugin2/EventHandlers.ts
FN:5,(anonymous_0)
FN:7,(anonymous_1)
FN:15,(anonymous_2)
FN:19,(anonymous_3)
FN:27,(anonymous_4)
FN:31,(anonymous_5)
FNF:6
FNH:3
FNDA:4,(anonymous_0)
FNDA:0,(anonymous_1)
FNDA:2,(anonymous_2)
FNDA:0,(anonymous_3)
FNDA:2,(anonymous_4)
FNDA:0,(anonymous_5)
DA:8,0
DA:16,2
DA:20,0
DA:28,2
DA:32,0
DA:36,2
DA:37,2
LF:7
LH:4
BRF:0
BRH:0
end_of_record
TN:
SF:tests/UseCases/PluginManagementComponent/plugins/plugin2/PipelineExecutors.ts
FN:5,(anonymous_0)
FN:11,(anonymous_1)
FN:17,(anonymous_2)
FN:23,(anonymous_3)
FN:31,(anonymous_4)
FN:35,(anonymous_5)
FNF:6
FNH:2
FNDA:0,(anonymous_0)
FNDA:0,(anonymous_1)
FNDA:0,(anonymous_2)
FNDA:0,(anonymous_3)
FNDA:4,(anonymous_4)
FNDA:8,(anonymous_5)
DA:4,2
DA:6,0
DA:10,2
DA:12,0
DA:16,2
DA:18,0
DA:22,2
DA:24,0
DA:29,4
DA:32,4
DA:36,8
DA:40,2
DA:41,2
DA:43,2
DA:44,2
DA:45,2
DA:46,2
DA:48,2
LF:18
LH:14
BRF:0
BRH:0
end_of_record
TN:
SF:tests/UseCases/PluginManagementComponent/plugins/plugin2/index.ts
FNF:0
FNH:0
DA:1,2
DA:2,2
DA:5,2
DA:11,2
LF:4
LH:4
BRF:0
BRH:0
end_of_record
TN:
SF:tests/UseCases/TokenBaseManagementComponent/tokenBaseExporter.ts
FNF:0
FNH:0
DA:1,1
DA:2,1
DA:3,1
DA:5,1
DA:7,1
DA:10,1
DA:16,1
DA:18,1
DA:24,1
DA:26,1
DA:32,1
DA:36,1
DA:37,1
DA:38,1
DA:39,1
DA:41,1
DA:42,1
DA:43,1
DA:44,1
DA:46,1
DA:47,1
DA:48,1
DA:49,1
DA:51,1
DA:52,1
DA:53,1
DA:54,1
DA:56,1
DA:57,1
DA:58,1
DA:59,1
DA:61,1
DA:62,1
DA:63,1
DA:64,1
DA:69,1
DA:70,1
DA:71,1
DA:76,1
DA:83,1
DA:90,1
DA:97,1
DA:101,1
DA:102,1
DA:103,1
DA:105,1
DA:106,1
DA:108,1
DA:109,1
DA:110,1
DA:111,1
DA:115,1
LF:52
LH:52
BRF:0
BRH:0
end_of_record
